#
# There is insufficient memory for the Java Runtime Environment to continue.
# Native memory allocation (mmap) failed to map 134217728 bytes for Failed to commit area from 0x0000000081a00000 to 0x0000000089a00000 of length 134217728.
# Possible reasons:
#   The system is out of physical RAM or swap space
#   The process is running with CompressedOops enabled, and the Java Heap may be blocking the growth of the native heap
# Possible solutions:
#   Reduce memory load on the system
#   Increase physical memory or swap space
#   Check if swap backing store is full
#   Decrease Java heap size (-Xmx/-Xms)
#   Decrease number of Java threads
#   Decrease Java thread stack sizes (-Xss)
#   Set larger code cache with -XX:ReservedCodeCacheSize=
# This output file may be truncated or incomplete.
#
#  Out of Memory Error (./src/hotspot/os/windows/os_windows.cpp:3301), pid=6016, tid=1236
#
# JRE version:  (11.0.11+9) (build )
# Java VM: OpenJDK 64-Bit Server VM (11.0.11+9-b60-7590822, mixed mode, sharing, tiered, compressed oops, g1 gc, windows-amd64)
# No core dump will be written. Minidumps are not enabled by default on client versions of Windows
#

---------------  S U M M A R Y ------------

Command Line: org.jetbrains.git4idea.http.GitAskPassApp Username for 'https://github.com': 

Host: Intel(R) Core(TM) i5-4200H CPU @ 2.80GHz, 4 cores, 7G,  Windows 10 , 64 bit Build 19041 (10.0.19041.1566)
Time: Thu Mar 24 21:52:02 2022 台北標準時間 elapsed time: 0.281706 seconds (0d 0h 0m 0s)

---------------  T H R E A D  ---------------

Current thread (0x0000028f79a65000):  JavaThread "Unknown thread" [_thread_in_vm, id=1236, stack(0x000000d60ed00000,0x000000d60ee00000)]

Stack: [0x000000d60ed00000,0x000000d60ee00000]
Native frames: (J=compiled Java code, j=interpreted, Vv=VM code, C=native code)
V  [jvm.dll+0x5f214a]
V  [jvm.dll+0x726fb5]
V  [jvm.dll+0x7285cd]
V  [jvm.dll+0x728c83]
V  [jvm.dll+0x243278]
V  [jvm.dll+0x5ef544]
V  [jvm.dll+0x5e4495]
V  [jvm.dll+0x2fec5b]
V  [jvm.dll+0x2febca]
V  [jvm.dll+0x2feaa2]
V  [jvm.dll+0x303986]
V  [jvm.dll+0x34c3a3]
V  [jvm.dll+0x34caa6]
V  [jvm.dll+0x34c4a3]
V  [jvm.dll+0x2d9688]
V  [jvm.dll+0x2da837]
V  [jvm.dll+0x705ba7]
V  [jvm.dll+0x70739c]
V  [jvm.dll+0x3598f9]
V  [jvm.dll+0x6e931e]
V  [jvm.dll+0x3c1c43]
V  [jvm.dll+0x3c3e81]
C  [jli.dll+0x5373]
C  [ucrtbase.dll+0x21bb2]
C  [KERNEL32.DLL+0x17034]
C  [ntdll.dll+0x52651]


---------------  P R O C E S S  ---------------

Threads class SMR info:
_java_thread_list=0x0000028f79834170, length=0, elements={
}

Java Threads: ( => current thread )

Other Threads:
  0x0000028f79a7e800 GCTaskThread "GC Thread#0" [stack: 0x000000d60ee00000,0x000000d60ef00000] [id=8540]
  0x0000028f79aaf000 ConcurrentGCThread "G1 Main Marker" [stack: 0x000000d60ef00000,0x000000d60f000000] [id=5000]
  0x0000028f79ab2000 ConcurrentGCThread "G1 Conc#0" [stack: 0x000000d60f000000,0x000000d60f100000] [id=2232]

[error occurred during error reporting (printing all threads), id 0xc0000005, EXCEPTION_ACCESS_VIOLATION (0xc0000005) at pc=0x00007ffe97849c47]

VM state:not at safepoint (not fully initialized)

VM Mutex/Monitor currently owned by a thread:  ([mutex/lock_event])
[0x0000028f79a61610] Heap_lock - owner thread: 0x0000028f79a65000

Heap address: 0x0000000081a00000, size: 2022 MB, Compressed Oops mode: Non-zero based: 0x0000000081a00000
Narrow klass base: 0x0000000000000000, Narrow klass shift: 0

GC Heap History (0 events):
No events

Deoptimization events (0 events):
No events

Classes redefined (0 events):
No events

Internal exceptions (0 events):
No events

Events (1 events):
Event: 0.191 Loaded shared library C:\Program Files\Android\Android Studio\jre\bin\zip.dll


Dynamic libraries:
0x00007ff7c36b0000 - 0x00007ff7c36ba000 	C:\Program Files\Android\Android Studio\jre\bin\java.exe
0x00007ffeefbb0000 - 0x00007ffeefda5000 	C:\WINDOWS\SYSTEM32\ntdll.dll
0x00007ffeef2e0000 - 0x00007ffeef39e000 	C:\WINDOWS\System32\KERNEL32.DLL
0x00007ffeed2d0000 - 0x00007ffeed598000 	C:\WINDOWS\System32\KERNELBASE.dll
0x00007ffeea7a0000 - 0x00007ffeea830000 	C:\WINDOWS\SYSTEM32\apphelp.dll
0x00007ffeed820000 - 0x00007ffeed920000 	C:\WINDOWS\System32\ucrtbase.dll
0x00007ffee6100000 - 0x00007ffee6117000 	C:\Program Files\Android\Android Studio\jre\bin\VCRUNTIME140.dll
0x00007ffecee90000 - 0x00007ffeceea9000 	C:\Program Files\Android\Android Studio\jre\bin\jli.dll
0x00007ffeef3a0000 - 0x00007ffeef540000 	C:\WINDOWS\System32\USER32.dll
0x00007ffeed5a0000 - 0x00007ffeed5c2000 	C:\WINDOWS\System32\win32u.dll
0x00007ffee1260000 - 0x00007ffee14fa000 	C:\WINDOWS\WinSxS\amd64_microsoft.windows.common-controls_6595b64144ccf1df_6.0.19041.1110_none_60b5254171f9507e\COMCTL32.dll
0x00007ffeef780000 - 0x00007ffeef7aa000 	C:\WINDOWS\System32\GDI32.dll
0x00007ffeed680000 - 0x00007ffeed78b000 	C:\WINDOWS\System32\gdi32full.dll
0x00007ffeed950000 - 0x00007ffeed9ed000 	C:\WINDOWS\System32\msvcp_win.dll
0x00007ffeef6e0000 - 0x00007ffeef77e000 	C:\WINDOWS\System32\msvcrt.dll
0x00007ffeef990000 - 0x00007ffeef9c0000 	C:\WINDOWS\System32\IMM32.DLL
0x00007ffed05b0000 - 0x00007ffed064d000 	C:\Program Files\Android\Android Studio\jre\bin\msvcp140.dll
0x00007ffe97560000 - 0x00007ffe98035000 	C:\Program Files\Android\Android Studio\jre\bin\server\jvm.dll
0x00007ffeee540000 - 0x00007ffeee5ee000 	C:\WINDOWS\System32\ADVAPI32.dll
0x00007ffeef8f0000 - 0x00007ffeef98c000 	C:\WINDOWS\System32\sechost.dll
0x00007ffeef1b0000 - 0x00007ffeef2d5000 	C:\WINDOWS\System32\RPCRT4.dll
0x00007ffeef6d0000 - 0x00007ffeef6d8000 	C:\WINDOWS\System32\PSAPI.DLL
0x00007ffedfbe0000 - 0x00007ffedfbe9000 	C:\WINDOWS\SYSTEM32\WSOCK32.dll
0x00007ffee0c10000 - 0x00007ffee0c37000 	C:\WINDOWS\SYSTEM32\WINMM.dll
0x00007ffeeba80000 - 0x00007ffeeba8a000 	C:\WINDOWS\SYSTEM32\VERSION.dll
0x00007ffeedcf0000 - 0x00007ffeedd5b000 	C:\WINDOWS\System32\WS2_32.dll
0x00007ffeebbd0000 - 0x00007ffeebbe2000 	C:\WINDOWS\SYSTEM32\kernel.appcore.dll
0x00007ffee44c0000 - 0x00007ffee44d1000 	C:\Program Files\Android\Android Studio\jre\bin\verify.dll
0x00007ffee4910000 - 0x00007ffee4af4000 	C:\WINDOWS\SYSTEM32\DBGHELP.DLL
0x00007ffee48e0000 - 0x00007ffee490c000 	C:\WINDOWS\SYSTEM32\dbgcore.DLL
0x00007ffeed790000 - 0x00007ffeed812000 	C:\WINDOWS\System32\bcryptPrimitives.dll
0x00007ffee2f80000 - 0x00007ffee2fa9000 	C:\Program Files\Android\Android Studio\jre\bin\java.dll
0x00007ffee7930000 - 0x00007ffee793b000 	C:\Program Files\Android\Android Studio\jre\bin\jimage.dll
0x00007ffee3110000 - 0x00007ffee3128000 	C:\Program Files\Android\Android Studio\jre\bin\zip.dll

dbghelp: loaded successfully - version: 4.0.5 - missing functions: none
symbol engine: initialized successfully - sym options: 0x614 - pdb path: .;C:\Program Files\Android\Android Studio\jre\bin;C:\WINDOWS\SYSTEM32;C:\WINDOWS\WinSxS\amd64_microsoft.windows.common-controls_6595b64144ccf1df_6.0.19041.1110_none_60b5254171f9507e;C:\Program Files\Android\Android Studio\jre\bin\server

VM Arguments:
java_command: org.jetbrains.git4idea.http.GitAskPassApp Username for 'https://github.com': 
java_class_path (initial): C:/Program Files/Android/Android Studio/plugins/git4idea/lib/git4idea-rt.jar;C:/Program Files/Android/Android Studio/lib/xmlrpc-2.0.1.jar;C:/Program Files/Android/Android Studio/lib/commons-codec-1.15.jar
Launcher Type: SUN_STANDARD

[Global flags]
     intx CICompilerCount                          = 3                                         {product} {ergonomic}
     uint ConcGCThreads                            = 1                                         {product} {ergonomic}
     uint G1ConcRefinementThreads                  = 4                                         {product} {ergonomic}
   size_t G1HeapRegionSize                         = 1048576                                   {product} {ergonomic}
    uintx GCDrainStackTargetSize                   = 64                                        {product} {ergonomic}
   size_t InitialHeapSize                          = 134217728                                 {product} {ergonomic}
   size_t MarkStackSize                            = 4194304                                   {product} {ergonomic}
   size_t MaxHeapSize                              = 2120220672                                {product} {ergonomic}
   size_t MinHeapDeltaBytes                        = 1048576                                   {product} {ergonomic}
    uintx NonNMethodCodeHeapSize                   = 5830732                                {pd product} {ergonomic}
    uintx NonProfiledCodeHeapSize                  = 122913754                              {pd product} {ergonomic}
    uintx ProfiledCodeHeapSize                     = 122913754                              {pd product} {ergonomic}
    uintx ReservedCodeCacheSize                    = 251658240                              {pd product} {ergonomic}
     bool SegmentedCodeCache                       = true                                      {product} {ergonomic}
     bool UseCompressedClassPointers               = true                                 {lp64_product} {ergonomic}
     bool UseCompressedOops                        = true                                 {lp64_product} {ergonomic}
     bool UseG1GC                                  = true                                      {product} {ergonomic}
     bool UseLargePagesIndividualAllocation        = false                                  {pd product} {ergonomic}

Logging:
Log output configuration:
 #0: stdout all=warning uptime,level,tags
 #1: stderr all=off uptime,level,tags

Environment Variables:
CLASSPATH=D:\web\EGroup\java;D:\java;
PATH=C:/Program Files/Git/mingw64/libexec/git-core;C:/Program Files/Git/mingw64/libexec/git-core;C:\Program Files\Git\mingw64\bin;C:\Program Files\Git\usr\bin;C:\Users\Admin\bin;C:\Program Files (x86)\Common Files\Oracle\Java\javapath;C:\Program Files\Common Files\Oracle\Java\javapath;C:\ProgramData\Oracle\Java\javapath;C:\Program Files (x86)\NVIDIA Corporation\PhysX\Common;C:\Program Files (x86)\Intel\iCLS Client\;C:\Program Files\Intel\iCLS Client\;C:\WINDOWS\system32;C:\WINDOWS;C:\WINDOWS\System32\Wbem;C:\WINDOWS\System32\WindowsPowerShell\v1.0\;C:\Program Files\Intel\Intel(R) Management Engine Components\DAL;C:\Program Files (x86)\Intel\Intel(R) Management Engine Components\DAL;C:\Program Files\Intel\Intel(R) Management Engine Components\IPT;C:\Program Files (x86)\Intel\Intel(R) Management Engine Components\IPT;C:\Program Files (x86)\Skype\Phone\;C:\Users\Admin\AppData\Local\Programs\Python\Python36-32;C:\Program Files\Intel\WiFi\bin\;C:\Program Files\Common Files\Intel\WirelessCommon\;C:\Program Files\Java\jdk1.8.0_91\bin;C:\Program Files\ikvm-7.2.4630.5\bin;C:\WINDOWS\System32\OpenSSH\;C:\Program Files\Git\cmd;C:\Users\Admin\AppData\Local\Microsoft\WindowsApps;C:\Program Files\flutter\bin;C:\Users\Admin\AppData\Local\Android\sdk;C:\Users\Admin\AppData\Local\Android\sdk\platform-tools
USERNAME=Admin
DISPLAY=:0.0
LC_ALL=en_US.UTF-8
OS=Windows_NT
PROCESSOR_IDENTIFIER=Intel64 Family 6 Model 60 Stepping 3, GenuineIntel



---------------  S Y S T E M  ---------------

OS: Windows 10 , 64 bit Build 19041 (10.0.19041.1566)
OS uptime: 0 days 4:14 hours

CPU:total 4 (initial active 4) (2 cores per cpu, 2 threads per core) family 6 model 60 stepping 3 microcode 0x27, cmov, cx8, fxsr, mmx, sse, sse2, sse3, ssse3, sse4.1, sse4.2, popcnt, avx, avx2, aes, clmul, erms, lzcnt, ht, tsc, tscinvbit, bmi1, bmi2, fma

Memory: 4k page, system-wide physical 8081M (312M free)
TotalPageFile size 8081M (AvailPageFile size 127M)
current process WorkingSet (physical memory assigned to process): 10M, peak: 10M
current process commit charge ("private bytes"): 51M, peak: 179M

vm_info: OpenJDK 64-Bit Server VM (11.0.11+9-b60-7590822) for windows-amd64 JRE (11.0.11+9-b60-7590822), built on Jul 29 2021 21:43:44 by "builder" with MS VC++ 14.0 (VS2015)

END.
