#
# There is insufficient memory for the Java Runtime Environment to continue.
# Native memory allocation (malloc) failed to allocate 1026896 bytes for Chunk::new
# Possible reasons:
#   The system is out of physical RAM or swap space
#   In 32 bit mode, the process size limit was hit
# Possible solutions:
#   Reduce memory load on the system
#   Increase physical memory or swap space
#   Check if swap backing store is full
#   Use 64 bit Java on a 64 bit OS
#   Decrease Java heap size (-Xmx/-Xms)
#   Decrease number of Java threads
#   Decrease Java thread stack sizes (-Xss)
#   Set larger code cache with -XX:ReservedCodeCacheSize=
# This output file may be truncated or incomplete.
#
#  Out of Memory Error (allocation.cpp:390), pid=6132, tid=7188
#
# JRE version: Java(TM) SE Runtime Environment (8.0_91-b14) (build 1.8.0_91-b14)
# Java VM: Java HotSpot(TM) 64-Bit Server VM (25.91-b14 mixed mode windows-amd64 compressed oops)
# Failed to write core dump. Minidumps are not enabled by default on client versions of Windows
#

---------------  T H R E A D  ---------------

Current thread (0x0000000017813000):  JavaThread "C2 CompilerThread0" daemon [_thread_in_native, id=7188, stack(0x0000000019160000,0x0000000019260000)]

Stack: [0x0000000019160000,0x0000000019260000]
[error occurred during error reporting (printing stack bounds), id 0xc0000005]

Native frames: (J=compiled Java code, j=interpreted, Vv=VM code, C=native code)


Current CompileTask:
C2:   4557 2954   !   4       org.jetbrains.kotlin.metadata.ProtoBuf$Function::<init> (1112 bytes)


---------------  P R O C E S S  ---------------

Java Threads: ( => current thread )
  0x000000001785e800 JavaThread "Service Thread" daemon [_thread_blocked, id=12440, stack(0x0000000019460000,0x0000000019560000)]
  0x0000000017847000 JavaThread "C1 CompilerThread2" daemon [_thread_blocked, id=3484, stack(0x0000000019360000,0x0000000019460000)]
  0x000000001782c800 JavaThread "C2 CompilerThread1" daemon [_thread_in_native, id=13296, stack(0x0000000019260000,0x0000000019360000)]
=>0x0000000017813000 JavaThread "C2 CompilerThread0" daemon [_thread_in_native, id=7188, stack(0x0000000019160000,0x0000000019260000)]
  0x0000000017811000 JavaThread "Attach Listener" daemon [_thread_blocked, id=12336, stack(0x0000000019060000,0x0000000019160000)]
  0x0000000018ba3800 JavaThread "Signal Dispatcher" daemon [_thread_blocked, id=2520, stack(0x0000000018f60000,0x0000000019060000)]
  0x00000000177f0000 JavaThread "Finalizer" daemon [_thread_blocked, id=8400, stack(0x0000000018a60000,0x0000000018b60000)]
  0x0000000002cb5800 JavaThread "Reference Handler" daemon [_thread_blocked, id=2060, stack(0x0000000018960000,0x0000000018a60000)]
  0x0000000002bc6000 JavaThread "main" [_thread_in_Java, id=1668, stack(0x00000000029d0000,0x0000000002ad0000)]

Other Threads:
  0x00000000177c7800 VMThread [stack: 0x0000000018860000,0x0000000018960000] [id=12464]
  0x0000000018c33000 WatcherThread [stack: 0x0000000019560000,0x0000000019660000] [id=7748]

VM state:not at safepoint (normal execution)

VM Mutex/Monitor currently owned by a thread: None

Heap:
 PSYoungGen      total 138240K, used 19767K [0x00000000d5e00000, 0x00000000e0080000, 0x0000000100000000)
  eden space 133120K, 14% used [0x00000000d5e00000,0x00000000d714dc48,0x00000000de000000)
  from space 5120K, 0% used [0x00000000de000000,0x00000000de000000,0x00000000de500000)
  to   space 15872K, 0% used [0x00000000df100000,0x00000000df100000,0x00000000e0080000)
 ParOldGen       total 67584K, used 19673K [0x0000000081a00000, 0x0000000085c00000, 0x00000000d5e00000)
  object space 67584K, 29% used [0x0000000081a00000,0x0000000082d36480,0x0000000085c00000)
 Metaspace       used 35733K, capacity 36312K, committed 36608K, reserved 1081344K
  class space    used 4632K, capacity 4782K, committed 4864K, reserved 1048576K

Card table byte_map: [0x0000000012080000,0x0000000012480000] byte_map_base: 0x0000000011c73000

Marking Bits: (ParMarkBitMap*) 0x0000000075c72f70
 Begin Bits: [0x0000000012b30000, 0x0000000014ac8000)
 End Bits:   [0x0000000014ac8000, 0x0000000016a60000)

Polling page: 0x00000000024f0000

CodeCache: size=245760Kb used=9511Kb max_used=9511Kb free=236249Kb
 bounds [0x0000000002cc0000, 0x0000000003610000, 0x0000000011cc0000]
 total_blobs=3408 nmethods=2976 adapters=344
 compilation: enabled

Compilation events (10 events):
Event: 4.546 Thread 0x0000000017847000 2979       3       org.jetbrains.kotlin.protobuf.FieldSet::writeElementNoTag (378 bytes)
Event: 4.548 Thread 0x0000000017847000 nmethod 2979 0x0000000003603a10 code [0x0000000003604000, 0x0000000003609558]
Event: 4.549 Thread 0x0000000017847000 2978       3       org.jetbrains.kotlin.metadata.ProtoBuf$Annotation$Argument$Value::getSerializedSize (311 bytes)
Event: 4.551 Thread 0x0000000017847000 nmethod 2978 0x000000000360ad90 code [0x000000000360b200, 0x000000000360d448]
Event: 4.551 Thread 0x0000000017847000 2983       3       org.jetbrains.kotlin.protobuf.CodedOutputStream::writeEnum (12 bytes)
Event: 4.552 Thread 0x0000000017847000 nmethod 2983 0x000000000360e810 code [0x000000000360e9c0, 0x000000000360f088]
Event: 4.552 Thread 0x0000000017847000 2985       3       org.jetbrains.kotlin.protobuf.CodedOutputStream::computeEnumSize (10 bytes)
Event: 4.552 Thread 0x0000000017847000 nmethod 2985 0x000000000360f290 code [0x000000000360f420, 0x000000000360f778]
Event: 4.552 Thread 0x0000000017847000 2986       3       org.jetbrains.kotlin.protobuf.CodedOutputStream::computeEnumSizeNoTag (5 bytes)
Event: 4.552 Thread 0x0000000017847000 nmethod 2986 0x000000000360f910 code [0x000000000360fa80, 0x000000000360fc88]

GC Heap History (10 events):
Event: 1.618 GC heap before
{Heap before GC invocations=3 (full 0):
 PSYoungGen      total 71680K, used 23966K [0x00000000d5e00000, 0x00000000da900000, 0x0000000100000000)
  eden space 66560K, 28% used [0x00000000d5e00000,0x00000000d706aca8,0x00000000d9f00000)
  from space 5120K, 99% used [0x00000000da400000,0x00000000da8fcce8,0x00000000da900000)
  to   space 5120K, 0% used [0x00000000d9f00000,0x00000000d9f00000,0x00000000da400000)
 ParOldGen       total 87552K, used 7983K [0x0000000081a00000, 0x0000000086f80000, 0x00000000d5e00000)
  object space 87552K, 9% used [0x0000000081a00000,0x00000000821cbcf8,0x0000000086f80000)
 Metaspace       used 20792K, capacity 21212K, committed 21296K, reserved 1069056K
  class space    used 2538K, capacity 2659K, committed 2688K, reserved 1048576K
Event: 1.628 GC heap after
Heap after GC invocations=3 (full 0):
 PSYoungGen      total 71680K, used 5091K [0x00000000d5e00000, 0x00000000dea00000, 0x0000000100000000)
  eden space 66560K, 0% used [0x00000000d5e00000,0x00000000d5e00000,0x00000000d9f00000)
  from space 5120K, 99% used [0x00000000d9f00000,0x00000000da3f8cd8,0x00000000da400000)
  to   space 5120K, 0% used [0x00000000de500000,0x00000000de500000,0x00000000dea00000)
 ParOldGen       total 87552K, used 12270K [0x0000000081a00000, 0x0000000086f80000, 0x00000000d5e00000)
  object space 87552K, 14% used [0x0000000081a00000,0x00000000825fb8b8,0x0000000086f80000)
 Metaspace       used 20792K, capacity 21212K, committed 21296K, reserved 1069056K
  class space    used 2538K, capacity 2659K, committed 2688K, reserved 1048576K
}
Event: 1.628 GC heap before
{Heap before GC invocations=4 (full 1):
 PSYoungGen      total 71680K, used 5091K [0x00000000d5e00000, 0x00000000dea00000, 0x0000000100000000)
  eden space 66560K, 0% used [0x00000000d5e00000,0x00000000d5e00000,0x00000000d9f00000)
  from space 5120K, 99% used [0x00000000d9f00000,0x00000000da3f8cd8,0x00000000da400000)
  to   space 5120K, 0% used [0x00000000de500000,0x00000000de500000,0x00000000dea00000)
 ParOldGen       total 87552K, used 12270K [0x0000000081a00000, 0x0000000086f80000, 0x00000000d5e00000)
  object space 87552K, 14% used [0x0000000081a00000,0x00000000825fb8b8,0x0000000086f80000)
 Metaspace       used 20792K, capacity 21212K, committed 21296K, reserved 1069056K
  class space    used 2538K, capacity 2659K, committed 2688K, reserved 1048576K
Event: 1.676 GC heap after
Heap after GC invocations=4 (full 1):
 PSYoungGen      total 71680K, used 0K [0x00000000d5e00000, 0x00000000dea00000, 0x0000000100000000)
  eden space 66560K, 0% used [0x00000000d5e00000,0x00000000d5e00000,0x00000000d9f00000)
  from space 5120K, 0% used [0x00000000d9f00000,0x00000000d9f00000,0x00000000da400000)
  to   space 5120K, 0% used [0x00000000de500000,0x00000000de500000,0x00000000dea00000)
 ParOldGen       total 67584K, used 9375K [0x0000000081a00000, 0x0000000085c00000, 0x00000000d5e00000)
  object space 67584K, 13% used [0x0000000081a00000,0x0000000082327f18,0x0000000085c00000)
 Metaspace       used 20792K, capacity 21212K, committed 21296K, reserved 1069056K
  class space    used 2538K, capacity 2659K, committed 2688K, reserved 1048576K
}
Event: 3.391 GC heap before
{Heap before GC invocations=5 (full 1):
 PSYoungGen      total 71680K, used 66560K [0x00000000d5e00000, 0x00000000dea00000, 0x0000000100000000)
  eden space 66560K, 100% used [0x00000000d5e00000,0x00000000d9f00000,0x00000000d9f00000)
  from space 5120K, 0% used [0x00000000d9f00000,0x00000000d9f00000,0x00000000da400000)
  to   space 5120K, 0% used [0x00000000de500000,0x00000000de500000,0x00000000dea00000)
 ParOldGen       total 67584K, used 9375K [0x0000000081a00000, 0x0000000085c00000, 0x00000000d5e00000)
  object space 67584K, 13% used [0x0000000081a00000,0x0000000082327f18,0x0000000085c00000)
 Metaspace       used 29679K, capacity 30158K, committed 30336K, reserved 1075200K
  class space    used 3755K, capacity 3883K, committed 3968K, reserved 1048576K
Event: 3.428 GC heap after
Heap after GC invocations=5 (full 1):
 PSYoungGen      total 100352K, used 5090K [0x00000000d5e00000, 0x00000000dea00000, 0x0000000100000000)
  eden space 95232K, 0% used [0x00000000d5e00000,0x00000000d5e00000,0x00000000dbb00000)
  from space 5120K, 99% used [0x00000000de500000,0x00000000de9f8908,0x00000000dea00000)
  to   space 5120K, 0% used [0x00000000de000000,0x00000000de000000,0x00000000de500000)
 ParOldGen       total 67584K, used 20849K [0x0000000081a00000, 0x0000000085c00000, 0x00000000d5e00000)
  object space 67584K, 30% used [0x0000000081a00000,0x0000000082e5c500,0x0000000085c00000)
 Metaspace       used 29679K, capacity 30158K, committed 30336K, reserved 1075200K
  class space    used 3755K, capacity 3883K, committed 3968K, reserved 1048576K
}
Event: 4.142 GC heap before
{Heap before GC invocations=6 (full 1):
 PSYoungGen      total 100352K, used 31907K [0x00000000d5e00000, 0x00000000dea00000, 0x0000000100000000)
  eden space 95232K, 28% used [0x00000000d5e00000,0x00000000d7830358,0x00000000dbb00000)
  from space 5120K, 99% used [0x00000000de500000,0x00000000de9f8908,0x00000000dea00000)
  to   space 5120K, 0% used [0x00000000de000000,0x00000000de000000,0x00000000de500000)
 ParOldGen       total 67584K, used 20849K [0x0000000081a00000, 0x0000000085c00000, 0x00000000d5e00000)
  object space 67584K, 30% used [0x0000000081a00000,0x0000000082e5c500,0x0000000085c00000)
 Metaspace       used 34722K, capacity 35284K, committed 35456K, reserved 1079296K
  class space    used 4519K, capacity 4652K, committed 4736K, reserved 1048576K
Event: 4.155 GC heap after
Heap after GC invocations=6 (full 1):
 PSYoungGen      total 138240K, used 5090K [0x00000000d5e00000, 0x00000000e0080000, 0x0000000100000000)
  eden space 133120K, 0% used [0x00000000d5e00000,0x00000000d5e00000,0x00000000de000000)
  from space 5120K, 99% used [0x00000000de000000,0x00000000de4f88f8,0x00000000de500000)
  to   space 15872K, 0% used [0x00000000df100000,0x00000000df100000,0x00000000e0080000)
 ParOldGen       total 67584K, used 27272K [0x0000000081a00000, 0x0000000085c00000, 0x00000000d5e00000)
  object space 67584K, 40% used [0x0000000081a00000,0x00000000834a20c0,0x0000000085c00000)
 Metaspace       used 34722K, capacity 35284K, committed 35456K, reserved 1079296K
  class space    used 4519K, capacity 4652K, committed 4736K, reserved 1048576K
}
Event: 4.155 GC heap before
{Heap before GC invocations=7 (full 2):
 PSYoungGen      total 138240K, used 5090K [0x00000000d5e00000, 0x00000000e0080000, 0x0000000100000000)
  eden space 133120K, 0% used [0x00000000d5e00000,0x00000000d5e00000,0x00000000de000000)
  from space 5120K, 99% used [0x00000000de000000,0x00000000de4f88f8,0x00000000de500000)
  to   space 15872K, 0% used [0x00000000df100000,0x00000000df100000,0x00000000e0080000)
 ParOldGen       total 67584K, used 27272K [0x0000000081a00000, 0x0000000085c00000, 0x00000000d5e00000)
  object space 67584K, 40% used [0x0000000081a00000,0x00000000834a20c0,0x0000000085c00000)
 Metaspace       used 34722K, capacity 35284K, committed 35456K, reserved 1079296K
  class space    used 4519K, capacity 4652K, committed 4736K, reserved 1048576K
Event: 4.275 GC heap after
Heap after GC invocations=7 (full 2):
 PSYoungGen      total 138240K, used 0K [0x00000000d5e00000, 0x00000000e0080000, 0x0000000100000000)
  eden space 133120K, 0% used [0x00000000d5e00000,0x00000000d5e00000,0x00000000de000000)
  from space 5120K, 0% used [0x00000000de000000,0x00000000de000000,0x00000000de500000)
  to   space 15872K, 0% used [0x00000000df100000,0x00000000df100000,0x00000000e0080000)
 ParOldGen       total 67584K, used 19673K [0x0000000081a00000, 0x0000000085c00000, 0x00000000d5e00000)
  object space 67584K, 29% used [0x0000000081a00000,0x0000000082d36480,0x0000000085c00000)
 Metaspace       used 34722K, capacity 35284K, committed 35456K, reserved 1079296K
  class space    used 4519K, capacity 4652K, committed 4736K, reserved 1048576K
}

Deoptimization events (10 events):
Event: 3.918 Thread 0x0000000002bc6000 Uncommon trap: reason=class_check action=maybe_recompile pc=0x0000000003442d34 method=org.jetbrains.kotlin.com.intellij.util.text.ImmutableText.charAt(I)C @ 46
Event: 3.918 Thread 0x0000000002bc6000 Uncommon trap: reason=class_check action=maybe_recompile pc=0x0000000003442d34 method=org.jetbrains.kotlin.com.intellij.util.text.ImmutableText.charAt(I)C @ 46
Event: 3.918 Thread 0x0000000002bc6000 Uncommon trap: reason=class_check action=maybe_recompile pc=0x000000000343fc44 method=org.jetbrains.kotlin.com.intellij.util.text.ImmutableText.charAt(I)C @ 46
Event: 3.969 Thread 0x0000000002bc6000 Uncommon trap: reason=class_check action=maybe_recompile pc=0x00000000034b315c method=org.jetbrains.kotlin.parsing.AbstractKotlinParsing.at(Lorg/jetbrains/kotlin/com/intellij/psi/tree/IElementType;)Z @ 87
Event: 3.969 Thread 0x0000000002bc6000 Uncommon trap: reason=unstable_if action=reinterpret pc=0x000000000349c770 method=org.jetbrains.kotlin.com.intellij.lang.impl.PsiBuilderImpl.skipWhitespace()V @ 51
Event: 4.006 Thread 0x0000000002bc6000 Uncommon trap: reason=unstable_if action=reinterpret pc=0x00000000034c41a0 method=org.jetbrains.kotlin.com.intellij.lang.impl.PsiBuilderImpl.skipWhitespace()V @ 51
Event: 4.332 Thread 0x0000000002bc6000 Uncommon trap: reason=bimorphic action=maybe_recompile pc=0x00000000033328d8 method=org.jetbrains.kotlin.protobuf.CodedInputStream.tryRefillBuffer(I)Z @ 177
Event: 4.333 Thread 0x0000000002bc6000 Uncommon trap: reason=bimorphic action=maybe_recompile pc=0x00000000033328d8 method=org.jetbrains.kotlin.protobuf.CodedInputStream.tryRefillBuffer(I)Z @ 177
Event: 4.334 Thread 0x0000000002bc6000 Uncommon trap: reason=bimorphic action=maybe_recompile pc=0x00000000033328d8 method=org.jetbrains.kotlin.protobuf.CodedInputStream.tryRefillBuffer(I)Z @ 177
Event: 4.336 Thread 0x0000000002bc6000 Uncommon trap: reason=bimorphic action=maybe_recompile pc=0x00000000033328d8 method=org.jetbrains.kotlin.protobuf.CodedInputStream.tryRefillBuffer(I)Z @ 177

Internal exceptions (10 events):
Event: 3.328 Thread 0x0000000002bc6000 Exception <a 'java/lang/ArrayIndexOutOfBoundsException'> (0x00000000d9cd5ff8) thrown at [C:\re\workspace\8-2-build-windows-amd64-cygwin\jdk8u91\6644\hotspot\src\share\vm\runtime\sharedRuntime.cpp, line 605]
Event: 3.328 Thread 0x0000000002bc6000 Exception <a 'java/lang/ArrayIndexOutOfBoundsException'> (0x00000000d9cdd1a0) thrown at [C:\re\workspace\8-2-build-windows-amd64-cygwin\jdk8u91\6644\hotspot\src\share\vm\runtime\sharedRuntime.cpp, line 605]
Event: 3.333 Thread 0x0000000002bc6000 Exception <a 'java/lang/ArrayIndexOutOfBoundsException'> (0x00000000d9d260d0) thrown at [C:\re\workspace\8-2-build-windows-amd64-cygwin\jdk8u91\6644\hotspot\src\share\vm\runtime\sharedRuntime.cpp, line 605]
Event: 3.342 Thread 0x0000000002bc6000 Exception <a 'java/lang/ArrayIndexOutOfBoundsException'> (0x00000000d9d66700) thrown at [C:\re\workspace\8-2-build-windows-amd64-cygwin\jdk8u91\6644\hotspot\src\share\vm\runtime\sharedRuntime.cpp, line 605]
Event: 3.343 Thread 0x0000000002bc6000 Exception <a 'java/lang/ArrayIndexOutOfBoundsException'> (0x00000000d9d7bf28) thrown at [C:\re\workspace\8-2-build-windows-amd64-cygwin\jdk8u91\6644\hotspot\src\share\vm\runtime\sharedRuntime.cpp, line 605]
Event: 3.353 Thread 0x0000000002bc6000 Exception <a 'java/lang/ArrayIndexOutOfBoundsException'> (0x00000000d9dbff20) thrown at [C:\re\workspace\8-2-build-windows-amd64-cygwin\jdk8u91\6644\hotspot\src\share\vm\runtime\sharedRuntime.cpp, line 605]
Event: 3.788 Thread 0x0000000002bc6000 Implicit null exception at 0x00000000033caf77 to 0x00000000033cb079
Event: 3.853 Thread 0x0000000002bc6000 Exception <a 'java/lang/NoSuchMethodError': java.lang.Object.lambda$static$0(I)[Lorg/jetbrains/kotlin/psi/KtExpression;> (0x00000000d71261c8) thrown at [C:\re\workspace\8-2-build-windows-amd64-cygwin\jdk8u91\6644\hotspot\src\share\vm\interpreter\linkResolvQ§—s„W@
Event: 4.085 Thread 0x0000000002bc6000 Exception <a 'java/lang/NoSuchMethodError': java.lang.Object.lambda$static$0(I)[Lorg/jetbrains/kotlin/psi/KtDeclaration;> (0x00000000d75a9fe0) thrown at [C:\re\workspace\8-2-build-windows-amd64-cygwin\jdk8u91\6644\hotspot\src\share\vm\interpreter\linkResolòJí m€@
Event: 4.125 Thread 0x0000000002bc6000 Exception <a 'java/lang/NoSuchMethodError': java.lang.Object.lambda$static$0(I)[Lorg/jetbrains/kotlin/psi/KtTypeElement;> (0x00000000d76eeb48) thrown at [C:\re\workspace\8-2-build-windows-amd64-cygwin\jdk8u91\6644\hotspot\src\share\vm\interpreter\linkResol

Events (10 events):
Event: 4.407 loading class org/jetbrains/kotlin/metadata/ProtoBuf$TypeAlias
Event: 4.407 loading class org/jetbrains/kotlin/metadata/ProtoBuf$TypeAlias done
Event: 4.407 loading class org/jetbrains/kotlin/metadata/ProtoBuf$TypeAliasOrBuilder
Event: 4.407 loading class org/jetbrains/kotlin/metadata/ProtoBuf$TypeAliasOrBuilder done
Event: 4.409 loading class org/jetbrains/kotlin/metadata/ProtoBuf$TypeAlias$1
Event: 4.409 loading class org/jetbrains/kotlin/metadata/ProtoBuf$TypeAlias$1 done
Event: 4.424 loading class org/jetbrains/kotlin/load/kotlin/FileBasedKotlinClass$OuterAndInnerName
Event: 4.424 loading class org/jetbrains/kotlin/load/kotlin/FileBasedKotlinClass$OuterAndInnerName done
Event: 4.520 loading class org/jetbrains/kotlin/metadata/ProtoBuf$1
Event: 4.520 loading class org/jetbrains/kotlin/metadata/ProtoBuf$1 done


Dynamic libraries:
0x00007ff685780000 - 0x00007ff6857b7000 	C:\Program Files\Java\jdk1.8.0_91\jre\bin\java.exe
0x00007ffe1d230000 - 0x00007ffe1d425000 	C:\WINDOWS\SYSTEM32\ntdll.dll
0x00007ffe1bfc0000 - 0x00007ffe1c07d000 	C:\WINDOWS\System32\KERNEL32.DLL
0x00007ffe1a9d0000 - 0x00007ffe1ac99000 	C:\WINDOWS\System32\KERNELBASE.dll
0x00007ffe18310000 - 0x00007ffe183a0000 	C:\WINDOWS\SYSTEM32\apphelp.dll
0x00007ffe1cf50000 - 0x00007ffe1cffc000 	C:\WINDOWS\System32\ADVAPI32.dll
0x00007ffe1c120000 - 0x00007ffe1c1be000 	C:\WINDOWS\System32\msvcrt.dll
0x00007ffe1ceb0000 - 0x00007ffe1cf4b000 	C:\WINDOWS\System32\sechost.dll
0x00007ffe1cbc0000 - 0x00007ffe1ccea000 	C:\WINDOWS\System32\RPCRT4.dll
0x00007ffe1b3e0000 - 0x00007ffe1b580000 	C:\WINDOWS\System32\USER32.dll
0x00007ffe1a970000 - 0x00007ffe1a992000 	C:\WINDOWS\System32\win32u.dll
0x00007ffe1c1f0000 - 0x00007ffe1c21a000 	C:\WINDOWS\System32\GDI32.dll
0x00007ffe1aca0000 - 0x00007ffe1adab000 	C:\WINDOWS\System32\gdi32full.dll
0x00007ffe1b110000 - 0x00007ffe1b1ad000 	C:\WINDOWS\System32\msvcp_win.dll
0x00007ffe1b010000 - 0x00007ffe1b110000 	C:\WINDOWS\System32\ucrtbase.dll
0x00007ffe0e190000 - 0x00007ffe0e42a000 	C:\WINDOWS\WinSxS\amd64_microsoft.windows.common-controls_6595b64144ccf1df_6.0.19041.1110_none_60b5254171f9507e\COMCTL32.dll
0x00007ffe1c0e0000 - 0x00007ffe1c110000 	C:\WINDOWS\System32\IMM32.DLL
0x0000000075d00000 - 0x0000000075dd2000 	C:\Program Files\Java\jdk1.8.0_91\jre\bin\msvcr100.dll
0x0000000075460000 - 0x0000000075cf3000 	C:\Program Files\Java\jdk1.8.0_91\jre\bin\server\jvm.dll
0x00007ffe1c1e0000 - 0x00007ffe1c1e8000 	C:\WINDOWS\System32\PSAPI.DLL
0x00007ffe05d70000 - 0x00007ffe05d79000 	C:\WINDOWS\SYSTEM32\WSOCK32.dll
0x00007ffe13620000 - 0x00007ffe13647000 	C:\WINDOWS\SYSTEM32\WINMM.dll
0x00007ffe1ce40000 - 0x00007ffe1ceab000 	C:\WINDOWS\System32\WS2_32.dll
0x00007ffe142b0000 - 0x00007ffe142ba000 	C:\WINDOWS\SYSTEM32\VERSION.dll
0x0000000075450000 - 0x000000007545f000 	C:\Program Files\Java\jdk1.8.0_91\jre\bin\verify.dll
0x0000000075420000 - 0x0000000075449000 	C:\Program Files\Java\jdk1.8.0_91\jre\bin\java.dll
0x0000000075400000 - 0x0000000075416000 	C:\Program Files\Java\jdk1.8.0_91\jre\bin\zip.dll
0x00007ffe1c2d0000 - 0x00007ffe1ca0f000 	C:\WINDOWS\System32\SHELL32.dll
0x00007ffe18aa0000 - 0x00007ffe19231000 	C:\WINDOWS\SYSTEM32\windows.storage.dll
0x00007ffe1bc60000 - 0x00007ffe1bfb5000 	C:\WINDOWS\System32\combase.dll
0x00007ffe1a370000 - 0x00007ffe1a39c000 	C:\WINDOWS\SYSTEM32\Wldp.dll
0x00007ffe1ccf0000 - 0x00007ffe1cd9e000 	C:\WINDOWS\System32\SHCORE.dll
0x00007ffe1b790000 - 0x00007ffe1b7e5000 	C:\WINDOWS\System32\shlwapi.dll
0x00007ffe1a8b0000 - 0x00007ffe1a8cf000 	C:\WINDOWS\SYSTEM32\profapi.dll
0x00000000753e0000 - 0x00000000753fa000 	C:\Program Files\Java\jdk1.8.0_91\jre\bin\net.dll
0x00007ffe1a070000 - 0x00007ffe1a0da000 	C:\WINDOWS\system32\mswsock.dll
0x00000000753c0000 - 0x00000000753d1000 	C:\Program Files\Java\jdk1.8.0_91\jre\bin\nio.dll

VM Arguments:
java_command: org.jetbrains.kotlin.cli.jvm.K2JVMCompiler -Xallow-no-source-files -classpath D:\Appdev\kotlin\pratice\learnKotlin\app\build\intermediates\compile_and_runtime_not_namespaced_r_class_jar\debug\R.jar;C:\Users\Admin\.gradle\caches\transforms-2\files-2.1\5a6b3adcb76301b2c22de1e8e826aa4f\jetified-core-ktx-1.3.2-api.jar;C:\Users\Admin\.gradle\caches\transforms-2\files-2.1\e24425c5e129b972f8cf2d6b1b471b12\jetified-kotlin-stdlib-1.3.72.jar;C:\Users\Admin\.gradle\caches\transforms-2\files-2.1\554bebb569f106c02672a9b72ae82eec\jetified-kotlin-stdlib-common-1.3.72.jar;C:\Users\Admin\.gradle\caches\transforms-2\files-2.1\9b00ae621c12c3bfedc3250e3d20a9f2\jetified-annotations-13.0.jar;C:\Users\Admin\.gradle\caches\transforms-2\files-2.1\6bcac530f742a65780ebe50a5d4e9c4b\material-1.3.0-api.jar;C:\Users\Admin\.gradle\caches\transforms-2\files-2.1\568e90c55676d6dcab2bda49ba5b034f\constraintlayout-2.0.4-api.jar;C:\Users\Admin\.gradle\caches\transforms-2\files-2.1\d26ea5332c4d5b0f7ad7afd262bdd7ec\appcompat-1.2.0-api.jar;C:\Users\Admin\.gradle\caches\transforms-2\files-2.1\57cac0782aa773dc12f020b89855b531\legacy-support-v4-1.0.0-api.jar;C:\Users\Admin\.gradle\caches\transforms-2\files-2.1\2e30a227dc5521fc1c2fa6c52616ebc1\jetified-play-services-maps-17.0.0-api.jar;C:\Users\Admin\.gradle\caches\transforms-2\files-2.1\a265561575907395c52ae16e222813bd\jetified-viewpager2-1.0.0-api.jar;C:\Users\Admin\.gradle\caches\transforms-2\files-2.1\0da1955abcb2150bd7c92d77840a3c59\jetified-play-services-base-17.0.0-api.jar;C:\Users\Admin\.gradle\caches\transforms-2\files-2.1\0def9fb4f0fd4dc5dea2fc744377c566\jetified-play-services-tasks-17.0.0-api.jar;C:\Users\Admin\.gradle\caches\transforms-2\files-2.1\54cf9bbe8f6eaf2d9b7762d89c87d53e\jetified-play-services-basement-17.0.0-api.jar;C:\Users\Admin\.gradle\caches\transforms-2\files-2.1\393f5c700ca907f21bb91a7dbf65e46c\fragment-1.1.0-api.jar;C:\Users\Admin\.gradle\caches\transforms-2\files-2.1\ec4474bf60d3a052b8dac9ae3ef12888\jetified-appcom
java_class_path (initial): C:\Users\Admin\.gradle\caches\modules-2\files-2.1\org.jetbrains.kotlin\kotlin-compiler-embeddable\1.3.72\fb72232c8fa977d5e07d33c43381ddbdc5edab6\kotlin-compiler-embeddable-1.3.72.jar;C:\Users\Admin\.gradle\caches\modules-2\files-2.1\org.jetbrains.kotlin\kotlin-reflect\1.3.72\86613e1a669a701b0c660bfd2af4f82a7ae11fca\kotlin-reflect-1.3.72.jar;C:\Users\Admin\.gradle\caches\modules-2\files-2.1\org.jetbrains.kotlin\kotlin-stdlib\1.3.72\8032138f12c0180bc4e51fe139d4c52b46db6109\kotlin-stdlib-1.3.72.jar;C:\Users\Admin\.gradle\caches\modules-2\files-2.1\org.jetbrains.kotlin\kotlin-script-runtime\1.3.72\657d8d34d91e1964b4439378c09933e840bfe8d5\kotlin-script-runtime-1.3.72.jar;C:\Users\Admin\.gradle\caches\modules-2\files-2.1\org.jetbrains.kotlin\kotlin-daemon-embeddable\1.3.72\53bbaa2816dbf6bdb85f629451b1fcc88f2164d2\kotlin-daemon-embeddable-1.3.72.jar;C:\Users\Admin\.gradle\caches\modules-2\files-2.1\org.jetbrains.intellij.deps\trove4j\1.0.20181211\216c2e14b070f334479d800987affe4054cd563f\trove4j-1.0.20181211.jar;C:\Users\Admin\.gradle\caches\modules-2\files-2.1\org.jetbrains.kotlin\kotlin-stdlib-common\1.3.72\6ca8bee3d88957eaaaef077c41c908c9940492d8\kotlin-stdlib-common-1.3.72.jar;C:\Users\Admin\.gradle\caches\modules-2\files-2.1\org.jetbrains\annotations\13.0\919f0dfe192fb4e063e7dacadee7f8bb9a2672a9\annotations-13.0.jar;C:\Program Files\Java\jdk1.8.0_91\lib\tools.jar
Launcher Type: SUN_STANDARD

Environment Variables:
CLASSPATH=D:\web\EGroup\java;D:\java;
PATH=C:\Program Files (x86)\Common Files\Oracle\Java\javapath;C:\Program Files\Common Files\Oracle\Java\javapath;C:\ProgramData\Oracle\Java\javapath;C:\Program Files (x86)\NVIDIA Corporation\PhysX\Common;C:\Program Files (x86)\Intel\iCLS Client\;C:\Program Files\Intel\iCLS Client\;C:\WINDOWS\system32;C:\WINDOWS;C:\WINDOWS\System32\Wbem;C:\WINDOWS\System32\WindowsPowerShell\v1.0\;C:\Program Files\Intel\Intel(R) Management Engine Components\DAL;C:\Program Files (x86)\Intel\Intel(R) Management Engine Components\DAL;C:\Program Files\Intel\Intel(R) Management Engine Components\IPT;C:\Program Files (x86)\Intel\Intel(R) Management Engine Components\IPT;C:\Program Files (x86)\Skype\Phone\;C:\Users\Admin\AppData\Local\Programs\Python\Python36-32;C:\Program Files\Intel\WiFi\bin\;C:\Program Files\Common Files\Intel\WirelessCommon\;C:\Program Files\Java\jdk1.8.0_91\bin;C:\Program Files\ikvm-7.2.4630.5\bin;C:\Program Files\Git\cmd;C:\WINDOWS\System32\OpenSSH\;C:\Users\Admin\AppData\Local\Microsoft\WindowsApps;C:\Program Files\flutter\bin;C:\Users\Admin\AppData\Local\Android\sdk;C:\Users\Admin\AppData\Local\Android\sdk\platform-tools
USERNAME=Admin
OS=Windows_NT
PROCESSOR_IDENTIFIER=Intel64 Family 6 Model 60 Stepping 3, GenuineIntel



---------------  S Y S T E M  ---------------

OS: Windows 10.0 , 64 bit Build 19041 (10.0.19041.1023)

CPU:total 4 (2 cores per cpu, 2 threads per core) family 6 model 60 stepping 3, cmov, cx8, fxsr, mmx, sse, sse2, sse3, ssse3, sse4.1, sse4.2, popcnt, avx, avx2, aes, clmul, erms, lzcnt, ht, tsc, tscinvbit, bmi1, bmi2

Memory: 4k page, physical 8275008k(599260k free), swap 8275008k(5140k free)

vm_info: Java HotSpot(TM) 64-Bit Server VM (25.91-b14) for windows-amd64 JRE (1.8.0_91-b14), built on Apr  1 2016 00:58:32 by "java_re" with MS VC++ 10.0 (VS2010)

time: Tue Aug 03 18:34:22 2021
elapsed time: 4 seconds (0d 0h 0m 4s)

