#
# There is insufficient memory for the Java Runtime Environment to continue.
# Native memory allocation (malloc) failed to allocate 1051776 bytes for Chunk::new
# Possible reasons:
#   The system is out of physical RAM or swap space
#   The process is running with CompressedOops enabled, and the Java Heap may be blocking the growth of the native heap
# Possible solutions:
#   Reduce memory load on the system
#   Increase physical memory or swap space
#   Check if swap backing store is full
#   Decrease Java heap size (-Xmx/-Xms)
#   Decrease number of Java threads
#   Decrease Java thread stack sizes (-Xss)
#   Set larger code cache with -XX:ReservedCodeCacheSize=
#   JVM is running with Unscaled Compressed Oops mode in which the Java heap is
#     placed in the first 4GB address space. The Java Heap base address is the
#     maximum limit for the native heap growth. Please use -XX:HeapBaseMinAddress
#     to set the Java Heap base and to place the Java Heap above 4GB virtual address.
# This output file may be truncated or incomplete.
#
#  Out of Memory Error (./src/hotspot/share/memory/arena.cpp:197), pid=5520, tid=11112
#
# JRE version: OpenJDK Runtime Environment (11.0.11+9) (build 11.0.11+9-b60-7590822)
# Java VM: OpenJDK 64-Bit Server VM (11.0.11+9-b60-7590822, mixed mode, tiered, compressed oops, g1 gc, windows-amd64)
# No core dump will be written. Minidumps are not enabled by default on client versions of Windows
#

---------------  S U M M A R Y ------------

Command Line: --add-opens=java.base/java.util=ALL-UNNAMED --add-opens=java.base/java.lang=ALL-UNNAMED --add-opens=java.base/java.lang.invoke=ALL-UNNAMED --add-opens=java.base/java.util=ALL-UNNAMED --add-opens=java.prefs/java.util.prefs=ALL-UNNAMED --add-opens=java.prefs/java.util.prefs=ALL-UNNAMED --add-opens=java.base/java.nio.charset=ALL-UNNAMED --add-opens=java.base/java.net=ALL-UNNAMED --add-opens=java.base/java.util.concurrent.atomic=ALL-UNNAMED -Xmx2048m -Dfile.encoding=UTF-8 -Duser.country=TW -Duser.language=zh -Duser.variant org.gradle.launcher.daemon.bootstrap.GradleDaemon 7.2

Host: Intel(R) Core(TM) i5-4200H CPU @ 2.80GHz, 4 cores, 7G,  Windows 10 , 64 bit Build 19041 (10.0.19041.1566)
Time: Thu Mar 17 14:20:44 2022 台北標準時間 elapsed time: 11027.550933 seconds (0d 3h 3m 47s)

---------------  T H R E A D  ---------------

Current thread (0x00000235155e4000):  JavaThread "C2 CompilerThread0" daemon [_thread_in_native, id=11112, stack(0x00000082eac00000,0x00000082ead00000)]


Current CompileTask:
C2:11027551 29824       4       com.android.tools.r8.internal.pe1::a (430 bytes)

Stack: [0x00000082eac00000,0x00000082ead00000]
Native frames: (J=compiled Java code, j=interpreted, Vv=VM code, C=native code)
V  [jvm.dll+0x5f214a]
V  [jvm.dll+0x726fb5]
V  [jvm.dll+0x7285cd]
V  [jvm.dll+0x728c83]
V  [jvm.dll+0x243278]
V  [jvm.dll+0xbc53c]
V  [jvm.dll+0xbca3c]
V  [jvm.dll+0x2b5c34]
V  [jvm.dll+0x508488]
V  [jvm.dll+0x203d53]
V  [jvm.dll+0x1fdbac]
V  [jvm.dll+0x1fb35f]
V  [jvm.dll+0x183d6c]
V  [jvm.dll+0x209a57]
V  [jvm.dll+0x2082a1]
V  [jvm.dll+0x6ef58f]
V  [jvm.dll+0x6e80b5]
V  [jvm.dll+0x5f1036]
C  [ucrtbase.dll+0x21bb2]
C  [KERNEL32.DLL+0x17034]
C  [ntdll.dll+0x52651]


---------------  P R O C E S S  ---------------

Threads class SMR info:
_java_thread_list=0x000002351ff9d7c0, length=98, elements={
0x000002357b927000, 0x00000235155bc800, 0x00000235155be000, 0x00000235155dd800,
0x00000235155de800, 0x00000235155df000, 0x00000235155e4000, 0x00000235155e5000,
0x0000023515eb6800, 0x0000023515fb6000, 0x000002351815a800, 0x0000023518b4e800,
0x0000023517869800, 0x0000023515f52800, 0x0000023515f55000, 0x0000023515f54800,
0x0000023515f53800, 0x0000023515f50000, 0x0000023518b78000, 0x0000023518b74800,
0x0000023518b79000, 0x0000023518b77000, 0x0000023518b75800, 0x000002351c152800,
0x000002351c14d800, 0x000002351c155800, 0x000002351c158000, 0x000002351a84f000,
0x000002351c159000, 0x000002351c15a000, 0x0000023515f51000, 0x0000023515f52000,
0x0000023515f4f800, 0x0000023515f56000, 0x00000235215f0800, 0x00000235215ea800,
0x00000235215f1000, 0x00000235215ee800, 0x00000235215ed000, 0x00000235215ef800,
0x00000235215f2000, 0x00000235215ee000, 0x00000235215ec800, 0x00000235215f3800,
0x00000235215f7800, 0x00000235215f8800, 0x00000235215f3000, 0x00000235215f9800,
0x00000235215f5800, 0x00000235215f4800, 0x00000235215f6000, 0x00000235215f7000,
0x000002351a850800, 0x000002351a851800, 0x000002351a853000, 0x000002351a852000,
0x000002351a84d000, 0x000002351a84f800, 0x000002351a84e000, 0x000002351a858800,
0x000002351a855800, 0x000002351a859800, 0x000002351a857000, 0x000002351a858000,
0x000002351a854000, 0x000002351a85a800, 0x000002351a854800, 0x000002351a856000,
0x000002351a85c000, 0x000002351a85b000, 0x0000023518b72800, 0x0000023518b76800,
0x0000023518b7a800, 0x0000023518b7f800, 0x0000023518b79800, 0x0000023518b7d800,
0x0000023518b7e800, 0x0000023518b80000, 0x0000023518b81000, 0x0000023518b7b800,
0x0000023518b7c000, 0x0000023518b7d000, 0x000002351c151800, 0x000002351c153800,
0x000002351c150000, 0x000002351c154000, 0x000002351c151000, 0x000002351c14e800,
0x000002351c155000, 0x000002351c14f000, 0x000002351c15a800, 0x000002351c15b800,
0x000002351c156800, 0x000002351c240000, 0x000002351c241000, 0x000002351c242000,
0x000002351c242800, 0x000002351c243800
}

Java Threads: ( => current thread )
  0x000002357b927000 JavaThread "main" [_thread_blocked, id=8184, stack(0x00000082ea000000,0x00000082ea100000)]
  0x00000235155bc800 JavaThread "Reference Handler" daemon [_thread_blocked, id=12380, stack(0x00000082ea700000,0x00000082ea800000)]
  0x00000235155be000 JavaThread "Finalizer" daemon [_thread_blocked, id=4948, stack(0x00000082ea800000,0x00000082ea900000)]
  0x00000235155dd800 JavaThread "Signal Dispatcher" daemon [_thread_blocked, id=3220, stack(0x00000082ea900000,0x00000082eaa00000)]
  0x00000235155de800 JavaThread "Attach Listener" daemon [_thread_blocked, id=11524, stack(0x00000082eaa00000,0x00000082eab00000)]
  0x00000235155df000 JavaThread "Service Thread" daemon [_thread_blocked, id=1640, stack(0x00000082eab00000,0x00000082eac00000)]
=>0x00000235155e4000 JavaThread "C2 CompilerThread0" daemon [_thread_in_native, id=11112, stack(0x00000082eac00000,0x00000082ead00000)]
  0x00000235155e5000 JavaThread "C1 CompilerThread0" daemon [_thread_blocked, id=8704, stack(0x00000082ead00000,0x00000082eae00000)]
  0x0000023515eb6800 JavaThread "Sweeper thread" daemon [_thread_blocked, id=12180, stack(0x00000082eae00000,0x00000082eaf00000)]
  0x0000023515fb6000 JavaThread "Common-Cleaner" daemon [_thread_blocked, id=10500, stack(0x00000082eaf00000,0x00000082eb000000)]
  0x000002351815a800 JavaThread "Daemon health stats" [_thread_blocked, id=10156, stack(0x00000082eb100000,0x00000082eb200000)]
  0x0000023518b4e800 JavaThread "Incoming local TCP Connector on port 51270" [_thread_in_native, id=12484, stack(0x00000082eb400000,0x00000082eb500000)]
  0x0000023517869800 JavaThread "Daemon periodic checks" [_thread_blocked, id=13028, stack(0x00000082eb500000,0x00000082eb600000)]
  0x0000023515f52800 JavaThread "Cache worker for journal cache (C:\Users\Admin\.gradle\caches\journal-1)" [_thread_blocked, id=11480, stack(0x00000082ebe00000,0x00000082ebf00000)]
  0x0000023515f55000 JavaThread "File lock request listener" [_thread_in_native, id=4028, stack(0x00000082ebf00000,0x00000082ec000000)]
  0x0000023515f54800 JavaThread "Cache worker for file hash cache (C:\Users\Admin\.gradle\caches\7.2\fileHashes)" [_thread_blocked, id=10740, stack(0x00000082ec000000,0x00000082ec100000)]
  0x0000023515f53800 JavaThread "File watcher server" daemon [_thread_in_native, id=4100, stack(0x00000082ec300000,0x00000082ec400000)]
  0x0000023515f50000 JavaThread "File watcher consumer" daemon [_thread_blocked, id=2336, stack(0x00000082ec400000,0x00000082ec500000)]
  0x0000023518b78000 JavaThread "Cache worker for execution history cache (C:\Users\Admin\.gradle\caches\7.2\executionHistory)" [_thread_blocked, id=8464, stack(0x00000082ec800000,0x00000082ec900000)]
  0x0000023518b74800 JavaThread "jar transforms" [_thread_blocked, id=2928, stack(0x00000082ec900000,0x00000082eca00000)]
  0x0000023518b79000 JavaThread "jar transforms Thread 2" [_thread_blocked, id=1384, stack(0x00000082eca00000,0x00000082ecb00000)]
  0x0000023518b77000 JavaThread "Cache worker for file content cache (C:\Users\Admin\.gradle\caches\7.2\fileContent)" [_thread_blocked, id=10572, stack(0x00000082ecb00000,0x00000082ecc00000)]
  0x0000023518b75800 JavaThread "jar transforms Thread 3" [_thread_blocked, id=12428, stack(0x00000082ec600000,0x00000082ec700000)]
  0x000002351c152800 JavaThread "jar transforms Thread 4" [_thread_blocked, id=7284, stack(0x00000082ef800000,0x00000082ef900000)]
  0x000002351c14d800 JavaThread "Memory manager" [_thread_blocked, id=7684, stack(0x00000082efa00000,0x00000082efb00000)]
  0x000002351c155800 JavaThread "RMI Scheduler(0)" daemon [_thread_blocked, id=9092, stack(0x00000082ebb00000,0x00000082ebc00000)]
  0x000002351c158000 JavaThread "RMI TCP Accept-0" daemon [_thread_in_native, id=5408, stack(0x00000082f0000000,0x00000082f0100000)]
  0x000002351a84f000 JavaThread "Cache worker for Java compile cache (C:\Users\Admin\.gradle\caches\7.2\javaCompile)" [_thread_blocked, id=12772, stack(0x00000082ecd00000,0x00000082ece00000)]
  0x000002351c159000 JavaThread "RMI GC Daemon" daemon [_thread_blocked, id=2140, stack(0x00000082f0200000,0x00000082f0300000)]
  0x000002351c15a000 JavaThread "RMI Reaper" [_thread_blocked, id=1248, stack(0x00000082f0300000,0x00000082f0400000)]
  0x0000023515f51000 JavaThread "ForkJoinPool.commonPool-worker-7" daemon [_thread_blocked, id=12892, stack(0x00000082f0700000,0x00000082f0800000)]
  0x0000023515f52000 JavaThread "Daemon Thread 17" [_thread_blocked, id=12500, stack(0x00000082e9e00000,0x00000082e9f00000)]
  0x0000023515f4f800 JavaThread "Handler for socket connection from /127.0.0.1:51270 to /127.0.0.1:57830" [_thread_in_native, id=8320, stack(0x00000082e9f00000,0x00000082ea000000)]
  0x0000023515f56000 JavaThread "Cancel handler" [_thread_blocked, id=4280, stack(0x00000082eb600000,0x00000082eb700000)]
  0x00000235215f0800 JavaThread "Daemon worker Thread 17" [_thread_blocked, id=3884, stack(0x00000082eb700000,0x00000082eb800000)]
  0x00000235215ea800 JavaThread "Asynchronous log dispatcher for DefaultDaemonConnection: socket connection from /127.0.0.1:51270 to /127.0.0.1:57830" [_thread_blocked, id=13268, stack(0x00000082eb800000,0x00000082eb900000)]
  0x00000235215f1000 JavaThread "Stdin handler" [_thread_blocked, id=11964, stack(0x00000082eb900000,0x00000082eba00000)]
  0x00000235215ee800 JavaThread "Daemon client event forwarder" [_thread_blocked, id=8812, stack(0x00000082eba00000,0x00000082ebb00000)]
  0x00000235215ed000 JavaThread "Cache worker for file hash cache (D:\Appdev\kotlin\pratice\learnKotlin\.gradle\7.2\fileHashes)" [_thread_blocked, id=6612, stack(0x00000082ebc00000,0x00000082ebd00000)]
  0x00000235215ef800 JavaThread "Cache worker for checksums cache (D:\Appdev\kotlin\pratice\learnKotlin\.gradle\checksums)" [_thread_blocked, id=4976, stack(0x00000082ec100000,0x00000082ec200000)]
  0x00000235215f2000 JavaThread "Cache worker for cache directory md-supplier (C:\Users\Admin\.gradle\caches\7.2\md-supplier)" [_thread_blocked, id=8848, stack(0x00000082ec200000,0x00000082ec300000)]
  0x00000235215ee000 JavaThread "Cache worker for cache directory md-rule (C:\Users\Admin\.gradle\caches\7.2\md-rule)" [_thread_blocked, id=10256, stack(0x00000082ec500000,0x00000082ec600000)]
  0x00000235215ec800 JavaThread "Cache worker for dependencies-accessors (D:\Appdev\kotlin\pratice\learnKotlin\.gradle\7.2\dependencies-accessors)" [_thread_blocked, id=5240, stack(0x00000082ec700000,0x00000082ec800000)]
  0x00000235215f3800 JavaThread "Cache worker for Build Output Cleanup Cache (D:\Appdev\kotlin\pratice\learnKotlin\.gradle\buildOutputCleanup)" [_thread_blocked, id=10204, stack(0x00000082ecc00000,0x00000082ecd00000)]
  0x00000235215f7800 JavaThread "Unconstrained build operations" [_thread_blocked, id=2312, stack(0x00000082ece00000,0x00000082ecf00000)]
  0x00000235215f8800 JavaThread "Unconstrained build operations Thread 2" [_thread_blocked, id=5648, stack(0x00000082ecf00000,0x00000082ed000000)]
  0x00000235215f3000 JavaThread "Unconstrained build operations Thread 3" [_thread_blocked, id=4724, stack(0x00000082ed000000,0x00000082ed100000)]
  0x00000235215f9800 JavaThread "Unconstrained build operations Thread 4" [_thread_blocked, id=2936, stack(0x00000082ed100000,0x00000082ed200000)]
  0x00000235215f5800 JavaThread "Unconstrained build operations Thread 5" [_thread_blocked, id=3244, stack(0x00000082ed200000,0x00000082ed300000)]
  0x00000235215f4800 JavaThread "Unconstrained build operations Thread 6" [_thread_blocked, id=11024, stack(0x00000082ed300000,0x00000082ed400000)]
  0x00000235215f6000 JavaThread "Unconstrained build operations Thread 7" [_thread_blocked, id=7180, stack(0x00000082ed400000,0x00000082ed500000)]
  0x00000235215f7000 JavaThread "Unconstrained build operations Thread 8" [_thread_blocked, id=1552, stack(0x00000082ed500000,0x00000082ed600000)]
  0x000002351a850800 JavaThread "Unconstrained build operations Thread 9" [_thread_blocked, id=7484, stack(0x00000082ed600000,0x00000082ed700000)]
  0x000002351a851800 JavaThread "Unconstrained build operations Thread 10" [_thread_blocked, id=2940, stack(0x00000082ed700000,0x00000082ed800000)]
  0x000002351a853000 JavaThread "Unconstrained build operations Thread 11" [_thread_blocked, id=7348, stack(0x00000082ed800000,0x00000082ed900000)]
  0x000002351a852000 JavaThread "Unconstrained build operations Thread 12" [_thread_blocked, id=3728, stack(0x00000082ed900000,0x00000082eda00000)]
  0x000002351a84d000 JavaThread "Unconstrained build operations Thread 13" [_thread_blocked, id=7888, stack(0x00000082eda00000,0x00000082edb00000)]
  0x000002351a84f800 JavaThread "Unconstrained build operations Thread 14" [_thread_blocked, id=2468, stack(0x00000082edb00000,0x00000082edc00000)]
  0x000002351a84e000 JavaThread "Unconstrained build operations Thread 15" [_thread_blocked, id=6456, stack(0x00000082edc00000,0x00000082edd00000)]
  0x000002351a858800 JavaThread "Unconstrained build operations Thread 16" [_thread_blocked, id=7508, stack(0x00000082edd00000,0x00000082ede00000)]
  0x000002351a855800 JavaThread "Unconstrained build operations Thread 17" [_thread_blocked, id=3344, stack(0x00000082ede00000,0x00000082edf00000)]
  0x000002351a859800 JavaThread "Unconstrained build operations Thread 18" [_thread_blocked, id=2532, stack(0x00000082edf00000,0x00000082ee000000)]
  0x000002351a857000 JavaThread "Unconstrained build operations Thread 19" [_thread_blocked, id=10088, stack(0x00000082ee000000,0x00000082ee100000)]
  0x000002351a858000 JavaThread "Unconstrained build operations Thread 20" [_thread_blocked, id=8552, stack(0x00000082ee100000,0x00000082ee200000)]
  0x000002351a854000 JavaThread "Unconstrained build operations Thread 21" [_thread_blocked, id=9328, stack(0x00000082ee200000,0x00000082ee300000)]
  0x000002351a85a800 JavaThread "Unconstrained build operations Thread 22" [_thread_blocked, id=10556, stack(0x00000082ee300000,0x00000082ee400000)]
  0x000002351a854800 JavaThread "Unconstrained build operations Thread 23" [_thread_blocked, id=9828, stack(0x00000082ee400000,0x00000082ee500000)]
  0x000002351a856000 JavaThread "Unconstrained build operations Thread 24" [_thread_blocked, id=6464, stack(0x00000082ee500000,0x00000082ee600000)]
  0x000002351a85c000 JavaThread "Unconstrained build operations Thread 25" [_thread_blocked, id=1752, stack(0x00000082ee600000,0x00000082ee700000)]
  0x000002351a85b000 JavaThread "Unconstrained build operations Thread 26" [_thread_blocked, id=6716, stack(0x00000082ee700000,0x00000082ee800000)]
  0x0000023518b72800 JavaThread "Unconstrained build operations Thread 27" [_thread_blocked, id=9432, stack(0x00000082ee800000,0x00000082ee900000)]
  0x0000023518b76800 JavaThread "Unconstrained build operations Thread 28" [_thread_blocked, id=11164, stack(0x00000082ee900000,0x00000082eea00000)]
  0x0000023518b7a800 JavaThread "Unconstrained build operations Thread 29" [_thread_blocked, id=9132, stack(0x00000082eea00000,0x00000082eeb00000)]
  0x0000023518b7f800 JavaThread "Unconstrained build operations Thread 30" [_thread_blocked, id=7660, stack(0x00000082eeb00000,0x00000082eec00000)]
  0x0000023518b79800 JavaThread "Unconstrained build operations Thread 31" [_thread_blocked, id=1432, stack(0x00000082eec00000,0x00000082eed00000)]
  0x0000023518b7d800 JavaThread "Unconstrained build operations Thread 32" [_thread_blocked, id=692, stack(0x00000082eed00000,0x00000082eee00000)]
  0x0000023518b7e800 JavaThread "Unconstrained build operations Thread 33" [_thread_blocked, id=13292, stack(0x00000082eee00000,0x00000082eef00000)]
  0x0000023518b80000 JavaThread "Unconstrained build operations Thread 34" [_thread_blocked, id=9532, stack(0x00000082eef00000,0x00000082ef000000)]
  0x0000023518b81000 JavaThread "Unconstrained build operations Thread 35" [_thread_blocked, id=12640, stack(0x00000082ef000000,0x00000082ef100000)]
  0x0000023518b7b800 JavaThread "Unconstrained build operations Thread 36" [_thread_blocked, id=11928, stack(0x00000082ef100000,0x00000082ef200000)]
  0x0000023518b7c000 JavaThread "Unconstrained build operations Thread 37" [_thread_blocked, id=9964, stack(0x00000082ef200000,0x00000082ef300000)]
  0x0000023518b7d000 JavaThread "Unconstrained build operations Thread 38" [_thread_blocked, id=12504, stack(0x00000082ef300000,0x00000082ef400000)]
  0x000002351c151800 JavaThread "Unconstrained build operations Thread 39" [_thread_blocked, id=7456, stack(0x00000082ef400000,0x00000082ef500000)]
  0x000002351c153800 JavaThread "Unconstrained build operations Thread 40" [_thread_blocked, id=6332, stack(0x00000082ef500000,0x00000082ef600000)]
  0x000002351c150000 JavaThread "build event listener" [_thread_blocked, id=7704, stack(0x00000082ef600000,0x00000082ef700000)]
  0x000002351c154000 JavaThread "build event listener" [_thread_blocked, id=2120, stack(0x00000082ef700000,0x00000082ef800000)]
  0x000002351c151000 JavaThread "Execution worker for ':'" [_thread_blocked, id=9292, stack(0x00000082ef900000,0x00000082efa00000)]
  0x000002351c14e800 JavaThread "Execution worker for ':' Thread 2" [_thread_blocked, id=7264, stack(0x00000082efb00000,0x00000082efc00000)]
  0x000002351c155000 JavaThread "Execution worker for ':' Thread 3" [_thread_blocked, id=840, stack(0x00000082efc00000,0x00000082efd00000)]
  0x000002351c14f000 JavaThread "Cache worker for execution history cache (D:\Appdev\kotlin\pratice\learnKotlin\.gradle\7.2\executionHistory)" [_thread_blocked, id=8816, stack(0x00000082efd00000,0x00000082efe00000)]
  0x000002351c15a800 JavaThread "RMI RenewClean-[127.0.0.1:17464,org.jetbrains.kotlin.daemon.common.LoopbackNetworkInterface$ClientLoopbackSocketFactory@305539a1]" daemon [_thread_blocked, id=7492, stack(0x00000082efe00000,0x00000082eff00000)]
  0x000002351c15b800 JavaThread "RMI TCP Connection(69)-127.0.0.1" daemon [_thread_in_native, id=5236, stack(0x00000082eff00000,0x00000082f0000000)]
  0x000002351c156800 JavaThread "RMI TCP Connection(70)-127.0.0.1" daemon [_thread_in_native, id=6280, stack(0x00000082f0100000,0x00000082f0200000)]
  0x000002351c240000 JavaThread "WorkerExecutor Queue" [_thread_blocked, id=2980, stack(0x00000082f0400000,0x00000082f0500000)]
  0x000002351c241000 JavaThread "WorkerExecutor Queue Thread 2" [_thread_blocked, id=288, stack(0x00000082f0500000,0x00000082f0600000)]
  0x000002351c242000 JavaThread "WorkerExecutor Queue Thread 3" [_thread_blocked, id=4312, stack(0x00000082f0600000,0x00000082f0700000)]
  0x000002351c242800 JavaThread "WorkerExecutor Queue Thread 4" [_thread_in_native, id=2040, stack(0x00000082f0800000,0x00000082f0900000)]
  0x000002351c243800 JavaThread "WorkerExecutor Queue Thread 5" [_thread_blocked, id=7468, stack(0x00000082f0900000,0x00000082f0a00000)]

Other Threads:
  0x00000235155b6800 VMThread "VM Thread" [stack: 0x00000082ea600000,0x00000082ea700000] [id=2188]
  0x0000023515fcf000 WatcherThread [stack: 0x00000082eb000000,0x00000082eb100000] [id=12884]
  0x000002357b940800 GCTaskThread "GC Thread#0" [stack: 0x00000082ea100000,0x00000082ea200000] [id=2232]
  0x000002351611e000 GCTaskThread "GC Thread#1" [stack: 0x00000082eb200000,0x00000082eb300000] [id=252]
  0x00000235163b0000 GCTaskThread "GC Thread#2" [stack: 0x00000082eb300000,0x00000082eb400000] [id=3348]
  0x0000023517302000 GCTaskThread "GC Thread#3" [stack: 0x00000082ebd00000,0x00000082ebe00000] [id=10056]
  0x000002357b970800 ConcurrentGCThread "G1 Main Marker" [stack: 0x00000082ea200000,0x00000082ea300000] [id=7380]
  0x000002357b972000 ConcurrentGCThread "G1 Conc#0" [stack: 0x00000082ea300000,0x00000082ea400000] [id=12100]
  0x000002357b9f6800 ConcurrentGCThread "G1 Refine#0" [stack: 0x00000082ea400000,0x00000082ea500000] [id=12856]
  0x0000023515410800 ConcurrentGCThread "G1 Young RemSet Sampling" [stack: 0x00000082ea500000,0x00000082ea600000] [id=2204]

Threads with active compile tasks:
C2 CompilerThread011027972 29824       4       com.android.tools.r8.internal.pe1::a (430 bytes)

VM state:not at safepoint (normal execution)

VM Mutex/Monitor currently owned by a thread: None

Heap address: 0x0000000080000000, size: 2048 MB, Compressed Oops mode: 32-bit
Narrow klass base: 0x0000000000000000, Narrow klass shift: 3
Compressed class space size: 1073741824 Address: 0x0000000100000000

Heap:
 garbage-first heap   total 178176K, used 145561K [0x0000000080000000, 0x0000000100000000)
  region size 1024K, 29 young (29696K), 3 survivors (3072K)
 Metaspace       used 126247K, capacity 131313K, committed 131664K, reserved 1163264K
  class space    used 15807K, capacity 17624K, committed 17792K, reserved 1048576K
Heap Regions: E=young(eden), S=young(survivor), O=old, HS=humongous(starts), HC=humongous(continues), CS=collection set, F=free, A=archive, TAMS=top-at-mark-start (previous, next)
|   0|0x0000000080000000, 0x0000000080100000, 0x0000000080100000|100%| O|  |TAMS 0x0000000080100000, 0x0000000080000000| Untracked 
|   1|0x0000000080100000, 0x0000000080200000, 0x0000000080200000|100%| O|  |TAMS 0x0000000080200000, 0x0000000080100000| Untracked 
|   2|0x0000000080200000, 0x0000000080300000, 0x0000000080300000|100%| O|  |TAMS 0x0000000080300000, 0x0000000080200000| Untracked 
|   3|0x0000000080300000, 0x0000000080400000, 0x0000000080400000|100%|HS|  |TAMS 0x0000000080400000, 0x0000000080300000| Complete 
|   4|0x0000000080400000, 0x0000000080500000, 0x0000000080500000|100%|HC|  |TAMS 0x0000000080500000, 0x0000000080400000| Complete 
|   5|0x0000000080500000, 0x0000000080600000, 0x0000000080600000|100%|HC|  |TAMS 0x0000000080600000, 0x0000000080500000| Complete 
|   6|0x0000000080600000, 0x0000000080700000, 0x0000000080700000|100%| O|  |TAMS 0x0000000080700000, 0x0000000080600000| Untracked 
|   7|0x0000000080700000, 0x0000000080800000, 0x0000000080800000|100%| O|  |TAMS 0x0000000080800000, 0x0000000080700000| Untracked 
|   8|0x0000000080800000, 0x0000000080900000, 0x0000000080900000|100%| O|  |TAMS 0x0000000080900000, 0x0000000080800000| Untracked 
|   9|0x0000000080900000, 0x0000000080a00000, 0x0000000080a00000|100%| O|  |TAMS 0x0000000080a00000, 0x0000000080900000| Untracked 
|  10|0x0000000080a00000, 0x0000000080b00000, 0x0000000080b00000|100%| O|  |TAMS 0x0000000080b00000, 0x0000000080a00000| Complete 
|  11|0x0000000080b00000, 0x0000000080c00000, 0x0000000080c00000|100%| O|  |TAMS 0x0000000080c00000, 0x0000000080b00000| Untracked 
|  12|0x0000000080c00000, 0x0000000080d00000, 0x0000000080d00000|100%| O|  |TAMS 0x0000000080d00000, 0x0000000080c00000| Complete 
|  13|0x0000000080d00000, 0x0000000080e00000, 0x0000000080e00000|100%| O|  |TAMS 0x0000000080e00000, 0x0000000080d00000| Untracked 
|  14|0x0000000080e00000, 0x0000000080f00000, 0x0000000080f00000|100%| O|  |TAMS 0x0000000080f00000, 0x0000000080e00000| Untracked 
|  15|0x0000000080f00000, 0x0000000081000000, 0x0000000081000000|100%| O|  |TAMS 0x0000000081000000, 0x0000000080f00000| Untracked 
|  16|0x0000000081000000, 0x0000000081100000, 0x0000000081100000|100%| O|  |TAMS 0x0000000081100000, 0x0000000081000000| Complete 
|  17|0x0000000081100000, 0x0000000081200000, 0x0000000081200000|100%|HS|  |TAMS 0x0000000081200000, 0x0000000081100000| Complete 
|  18|0x0000000081200000, 0x0000000081300000, 0x0000000081300000|100%| O|  |TAMS 0x0000000081300000, 0x0000000081200000| Complete 
|  19|0x0000000081300000, 0x0000000081400000, 0x0000000081400000|100%| O|  |TAMS 0x0000000081400000, 0x0000000081300000| Complete 
|  20|0x0000000081400000, 0x0000000081500000, 0x0000000081500000|100%| O|  |TAMS 0x0000000081500000, 0x0000000081400000| Complete 
|  21|0x0000000081500000, 0x0000000081600000, 0x0000000081600000|100%| O|  |TAMS 0x0000000081600000, 0x0000000081500000| Complete 
|  22|0x0000000081600000, 0x0000000081700000, 0x0000000081700000|100%| O|  |TAMS 0x0000000081700000, 0x0000000081600000| Complete 
|  23|0x0000000081700000, 0x0000000081800000, 0x0000000081800000|100%| O|  |TAMS 0x0000000081800000, 0x0000000081700000| Complete 
|  24|0x0000000081800000, 0x0000000081900000, 0x0000000081900000|100%|HS|  |TAMS 0x0000000081900000, 0x0000000081800000| Complete 
|  25|0x0000000081900000, 0x0000000081a00000, 0x0000000081a00000|100%|HS|  |TAMS 0x0000000081a00000, 0x0000000081900000| Complete 
|  26|0x0000000081a00000, 0x0000000081b00000, 0x0000000081b00000|100%|HS|  |TAMS 0x0000000081b00000, 0x0000000081a00000| Complete 
|  27|0x0000000081b00000, 0x0000000081c00000, 0x0000000081c00000|100%|HS|  |TAMS 0x0000000081c00000, 0x0000000081b00000| Complete 
|  28|0x0000000081c00000, 0x0000000081d00000, 0x0000000081d00000|100%|HC|  |TAMS 0x0000000081d00000, 0x0000000081c00000| Complete 
|  29|0x0000000081d00000, 0x0000000081e00000, 0x0000000081e00000|100%|HC|  |TAMS 0x0000000081e00000, 0x0000000081d00000| Complete 
|  30|0x0000000081e00000, 0x0000000081f00000, 0x0000000081f00000|100%|HS|  |TAMS 0x0000000081f00000, 0x0000000081e00000| Complete 
|  31|0x0000000081f00000, 0x0000000082000000, 0x0000000082000000|100%|HC|  |TAMS 0x0000000082000000, 0x0000000081f00000| Complete 
|  32|0x0000000082000000, 0x0000000082100000, 0x0000000082100000|100%| O|  |TAMS 0x0000000082100000, 0x0000000082000000| Complete 
|  33|0x0000000082100000, 0x0000000082200000, 0x0000000082200000|100%| O|  |TAMS 0x0000000082200000, 0x0000000082100000| Untracked 
|  34|0x0000000082200000, 0x0000000082300000, 0x0000000082300000|100%| O|  |TAMS 0x0000000082300000, 0x0000000082200000| Untracked 
|  35|0x0000000082300000, 0x0000000082400000, 0x0000000082400000|100%| O|  |TAMS 0x0000000082400000, 0x0000000082300000| Untracked 
|  36|0x0000000082400000, 0x0000000082500000, 0x0000000082500000|100%| O|  |TAMS 0x0000000082500000, 0x0000000082400000| Untracked 
|  37|0x0000000082500000, 0x0000000082600000, 0x0000000082600000|100%| O|  |TAMS 0x0000000082600000, 0x0000000082500000| Complete 
|  38|0x0000000082600000, 0x0000000082700000, 0x0000000082700000|100%| O|  |TAMS 0x0000000082700000, 0x0000000082600000| Complete 
|  39|0x0000000082700000, 0x0000000082800000, 0x0000000082800000|100%| O|  |TAMS 0x0000000082800000, 0x0000000082700000| Complete 
|  40|0x0000000082800000, 0x0000000082900000, 0x0000000082900000|100%| O|  |TAMS 0x0000000082900000, 0x0000000082800000| Untracked 
|  41|0x0000000082900000, 0x0000000082a00000, 0x0000000082a00000|100%| O|  |TAMS 0x0000000082a00000, 0x0000000082900000| Complete 
|  42|0x0000000082a00000, 0x0000000082b00000, 0x0000000082b00000|100%| O|  |TAMS 0x0000000082b00000, 0x0000000082a00000| Untracked 
|  43|0x0000000082b00000, 0x0000000082c00000, 0x0000000082c00000|100%| O|  |TAMS 0x0000000082c00000, 0x0000000082b00000| Untracked 
|  44|0x0000000082c00000, 0x0000000082d00000, 0x0000000082d00000|100%| O|  |TAMS 0x0000000082d00000, 0x0000000082c00000| Untracked 
|  45|0x0000000082d00000, 0x0000000082e00000, 0x0000000082e00000|100%| O|  |TAMS 0x0000000082e00000, 0x0000000082d00000| Complete 
|  46|0x0000000082e00000, 0x0000000082f00000, 0x0000000082f00000|100%| O|  |TAMS 0x0000000082f00000, 0x0000000082e00000| Complete 
|  47|0x0000000082f00000, 0x0000000083000000, 0x0000000083000000|100%| O|  |TAMS 0x0000000083000000, 0x0000000082f00000| Complete 
|  48|0x0000000083000000, 0x0000000083100000, 0x0000000083100000|100%| O|  |TAMS 0x0000000083100000, 0x0000000083000000| Complete 
|  49|0x0000000083100000, 0x0000000083200000, 0x0000000083200000|100%| O|  |TAMS 0x0000000083200000, 0x0000000083100000| Untracked 
|  50|0x0000000083200000, 0x0000000083300000, 0x0000000083300000|100%| O|  |TAMS 0x0000000083300000, 0x0000000083200000| Untracked 
|  51|0x0000000083300000, 0x0000000083400000, 0x0000000083400000|100%| O|  |TAMS 0x0000000083400000, 0x0000000083300000| Complete 
|  52|0x0000000083400000, 0x0000000083500000, 0x0000000083500000|100%| O|  |TAMS 0x0000000083500000, 0x0000000083400000| Untracked 
|  53|0x0000000083500000, 0x0000000083600000, 0x0000000083600000|100%| O|  |TAMS 0x0000000083600000, 0x0000000083500000| Untracked 
|  54|0x0000000083600000, 0x0000000083700000, 0x0000000083700000|100%| O|  |TAMS 0x0000000083700000, 0x0000000083600000| Complete 
|  55|0x0000000083700000, 0x0000000083800000, 0x0000000083800000|100%| O|  |TAMS 0x0000000083800000, 0x0000000083700000| Untracked 
|  56|0x0000000083800000, 0x0000000083900000, 0x0000000083900000|100%| O|  |TAMS 0x0000000083900000, 0x0000000083800000| Untracked 
|  57|0x0000000083900000, 0x0000000083a00000, 0x0000000083a00000|100%| O|  |TAMS 0x0000000083a00000, 0x0000000083900000| Complete 
|  58|0x0000000083a00000, 0x0000000083b00000, 0x0000000083b00000|100%| O|  |TAMS 0x0000000083b00000, 0x0000000083a00000| Complete 
|  59|0x0000000083b00000, 0x0000000083c00000, 0x0000000083c00000|100%| O|  |TAMS 0x0000000083c00000, 0x0000000083b00000| Complete 
|  60|0x0000000083c00000, 0x0000000083d00000, 0x0000000083d00000|100%| O|  |TAMS 0x0000000083d00000, 0x0000000083c00000| Complete 
|  61|0x0000000083d00000, 0x0000000083e00000, 0x0000000083e00000|100%| O|  |TAMS 0x0000000083e00000, 0x0000000083d00000| Complete 
|  62|0x0000000083e00000, 0x0000000083f00000, 0x0000000083f00000|100%| O|  |TAMS 0x0000000083f00000, 0x0000000083e00000| Untracked 
|  63|0x0000000083f00000, 0x0000000084000000, 0x0000000084000000|100%| O|  |TAMS 0x0000000084000000, 0x0000000083f00000| Complete 
|  64|0x0000000084000000, 0x0000000084100000, 0x0000000084100000|100%| O|  |TAMS 0x0000000084100000, 0x0000000084000000| Untracked 
|  65|0x0000000084100000, 0x0000000084200000, 0x0000000084200000|100%| O|  |TAMS 0x0000000084200000, 0x0000000084100000| Untracked 
|  66|0x0000000084200000, 0x0000000084300000, 0x0000000084300000|100%| O|  |TAMS 0x0000000084300000, 0x0000000084200000| Untracked 
|  67|0x0000000084300000, 0x0000000084400000, 0x0000000084400000|100%| O|  |TAMS 0x0000000084400000, 0x0000000084300000| Complete 
|  68|0x0000000084400000, 0x0000000084500000, 0x0000000084500000|100%| O|  |TAMS 0x0000000084500000, 0x0000000084400000| Untracked 
|  69|0x0000000084500000, 0x0000000084600000, 0x0000000084600000|100%| O|  |TAMS 0x0000000084600000, 0x0000000084500000| Complete 
|  70|0x0000000084600000, 0x0000000084700000, 0x0000000084700000|100%| O|  |TAMS 0x0000000084700000, 0x0000000084600000| Complete 
|  71|0x0000000084700000, 0x0000000084800000, 0x0000000084800000|100%| O|  |TAMS 0x0000000084800000, 0x0000000084700000| Complete 
|  72|0x0000000084800000, 0x0000000084900000, 0x0000000084900000|100%| O|  |TAMS 0x0000000084900000, 0x0000000084800000| Complete 
|  73|0x0000000084900000, 0x0000000084a00000, 0x0000000084a00000|100%| O|  |TAMS 0x0000000084a00000, 0x0000000084900000| Complete 
|  74|0x0000000084a00000, 0x0000000084b00000, 0x0000000084b00000|100%| O|  |TAMS 0x0000000084b00000, 0x0000000084a00000| Complete 
|  75|0x0000000084b00000, 0x0000000084c00000, 0x0000000084c00000|100%| O|  |TAMS 0x0000000084c00000, 0x0000000084b00000| Untracked 
|  76|0x0000000084c00000, 0x0000000084c46400, 0x0000000084d00000| 27%| O|  |TAMS 0x0000000084c46400, 0x0000000084c00000| Untracked 
|  77|0x0000000084d00000, 0x0000000084e00000, 0x0000000084e00000|100%| O|  |TAMS 0x0000000084e00000, 0x0000000084d00000| Untracked 
|  78|0x0000000084e00000, 0x0000000084f00000, 0x0000000084f00000|100%| O|  |TAMS 0x0000000084f00000, 0x0000000084e00000| Complete 
|  79|0x0000000084f00000, 0x0000000085000000, 0x0000000085000000|100%| O|  |TAMS 0x0000000085000000, 0x0000000084f00000| Complete 
|  80|0x0000000085000000, 0x0000000085100000, 0x0000000085100000|100%| O|  |TAMS 0x0000000085100000, 0x0000000085000000| Complete 
|  81|0x0000000085100000, 0x0000000085200000, 0x0000000085200000|100%| O|  |TAMS 0x0000000085200000, 0x0000000085100000| Untracked 
|  82|0x0000000085200000, 0x0000000085300000, 0x0000000085300000|100%| O|  |TAMS 0x0000000085300000, 0x0000000085200000| Complete 
|  83|0x0000000085300000, 0x0000000085400000, 0x0000000085400000|100%| O|  |TAMS 0x0000000085400000, 0x0000000085300000| Complete 
|  84|0x0000000085400000, 0x0000000085500000, 0x0000000085500000|100%| O|  |TAMS 0x0000000085500000, 0x0000000085400000| Untracked 
|  85|0x0000000085500000, 0x0000000085600000, 0x0000000085600000|100%| O|  |TAMS 0x0000000085600000, 0x0000000085500000| Untracked 
|  86|0x0000000085600000, 0x0000000085700000, 0x0000000085700000|100%| O|  |TAMS 0x0000000085700000, 0x0000000085600000| Untracked 
|  87|0x0000000085700000, 0x0000000085800000, 0x0000000085800000|100%| O|  |TAMS 0x0000000085800000, 0x0000000085700000| Untracked 
|  88|0x0000000085800000, 0x0000000085900000, 0x0000000085900000|100%| O|  |TAMS 0x0000000085900000, 0x0000000085800000| Untracked 
|  89|0x0000000085900000, 0x0000000085a00000, 0x0000000085a00000|100%| O|  |TAMS 0x0000000085a00000, 0x0000000085900000| Complete 
|  90|0x0000000085a00000, 0x0000000085b00000, 0x0000000085b00000|100%| O|  |TAMS 0x0000000085b00000, 0x0000000085a00000| Complete 
|  91|0x0000000085b00000, 0x0000000085b00000, 0x0000000085c00000|  0%| F|  |TAMS 0x0000000085b00000, 0x0000000085b00000| Untracked 
|  92|0x0000000085c00000, 0x0000000085c00000, 0x0000000085d00000|  0%| F|  |TAMS 0x0000000085c00000, 0x0000000085c00000| Untracked 
|  93|0x0000000085d00000, 0x0000000085e00000, 0x0000000085e00000|100%| O|  |TAMS 0x0000000085e00000, 0x0000000085d00000| Untracked 
|  94|0x0000000085e00000, 0x0000000085e00000, 0x0000000085f00000|  0%| F|  |TAMS 0x0000000085e00000, 0x0000000085e00000| Untracked 
|  95|0x0000000085f00000, 0x0000000086000000, 0x0000000086000000|100%| O|  |TAMS 0x0000000086000000, 0x0000000085f00000| Untracked 
|  96|0x0000000086000000, 0x0000000086100000, 0x0000000086100000|100%| O|  |TAMS 0x0000000086100000, 0x0000000086000000| Untracked 
|  97|0x0000000086100000, 0x0000000086200000, 0x0000000086200000|100%| O|  |TAMS 0x0000000086200000, 0x0000000086100000| Complete 
|  98|0x0000000086200000, 0x0000000086200000, 0x0000000086300000|  0%| F|  |TAMS 0x0000000086200000, 0x0000000086200000| Untracked 
|  99|0x0000000086300000, 0x0000000086400000, 0x0000000086400000|100%| O|  |TAMS 0x0000000086400000, 0x0000000086300000| Untracked 
| 100|0x0000000086400000, 0x0000000086500000, 0x0000000086500000|100%| O|  |TAMS 0x0000000086500000, 0x0000000086400000| Complete 
| 101|0x0000000086500000, 0x0000000086600000, 0x0000000086600000|100%| O|  |TAMS 0x0000000086600000, 0x0000000086500000| Untracked 
| 102|0x0000000086600000, 0x0000000086700000, 0x0000000086700000|100%| O|  |TAMS 0x0000000086700000, 0x0000000086600000| Untracked 
| 103|0x0000000086700000, 0x0000000086800000, 0x0000000086800000|100%| O|  |TAMS 0x0000000086800000, 0x0000000086700000| Complete 
| 104|0x0000000086800000, 0x0000000086900000, 0x0000000086900000|100%| O|  |TAMS 0x0000000086900000, 0x0000000086800000| Complete 
| 105|0x0000000086900000, 0x0000000086a00000, 0x0000000086a00000|100%| O|  |TAMS 0x0000000086a00000, 0x0000000086900000| Untracked 
| 106|0x0000000086a00000, 0x0000000086b00000, 0x0000000086b00000|100%| O|  |TAMS 0x0000000086b00000, 0x0000000086a00000| Complete 
| 107|0x0000000086b00000, 0x0000000086c00000, 0x0000000086c00000|100%| O|  |TAMS 0x0000000086c00000, 0x0000000086b00000| Untracked 
| 108|0x0000000086c00000, 0x0000000086d00000, 0x0000000086d00000|100%| O|  |TAMS 0x0000000086d00000, 0x0000000086c00000| Untracked 
| 109|0x0000000086d00000, 0x0000000086e00000, 0x0000000086e00000|100%| O|  |TAMS 0x0000000086e00000, 0x0000000086d00000| Untracked 
| 110|0x0000000086e00000, 0x0000000086f00000, 0x0000000086f00000|100%| O|  |TAMS 0x0000000086f00000, 0x0000000086e00000| Untracked 
| 111|0x0000000086f00000, 0x0000000086f00000, 0x0000000087000000|  0%| F|  |TAMS 0x0000000086f00000, 0x0000000086f00000| Untracked 
| 112|0x0000000087000000, 0x0000000087000000, 0x0000000087100000|  0%| F|  |TAMS 0x0000000087000000, 0x0000000087000000| Untracked 
| 113|0x0000000087100000, 0x0000000087100000, 0x0000000087200000|  0%| F|  |TAMS 0x0000000087100000, 0x0000000087100000| Untracked 
| 114|0x0000000087200000, 0x0000000087200000, 0x0000000087300000|  0%| F|  |TAMS 0x0000000087200000, 0x0000000087200000| Untracked 
| 115|0x0000000087300000, 0x0000000087300000, 0x0000000087400000|  0%| F|  |TAMS 0x0000000087300000, 0x0000000087300000| Untracked 
| 116|0x0000000087400000, 0x0000000087400000, 0x0000000087500000|  0%| F|  |TAMS 0x0000000087400000, 0x0000000087400000| Untracked 
| 117|0x0000000087500000, 0x0000000087500000, 0x0000000087600000|  0%| F|  |TAMS 0x0000000087500000, 0x0000000087500000| Untracked 
| 118|0x0000000087600000, 0x0000000087700000, 0x0000000087700000|100%| O|  |TAMS 0x0000000087700000, 0x0000000087600000| Untracked 
| 119|0x0000000087700000, 0x0000000087800000, 0x0000000087800000|100%| O|  |TAMS 0x0000000087800000, 0x0000000087700000| Untracked 
| 120|0x0000000087800000, 0x0000000087900000, 0x0000000087900000|100%| O|  |TAMS 0x0000000087900000, 0x0000000087800000| Untracked 
| 121|0x0000000087900000, 0x0000000087900000, 0x0000000087a00000|  0%| F|  |TAMS 0x0000000087900000, 0x0000000087900000| Untracked 
| 122|0x0000000087a00000, 0x0000000087b00000, 0x0000000087b00000|100%| O|  |TAMS 0x0000000087b00000, 0x0000000087a00000| Untracked 
| 123|0x0000000087b00000, 0x0000000087c00000, 0x0000000087c00000|100%| O|  |TAMS 0x0000000087c00000, 0x0000000087b00000| Untracked 
| 124|0x0000000087c00000, 0x0000000087c00000, 0x0000000087d00000|  0%| F|  |TAMS 0x0000000087c00000, 0x0000000087c00000| Untracked 
| 125|0x0000000087d00000, 0x0000000087e00000, 0x0000000087e00000|100%| O|  |TAMS 0x0000000087e00000, 0x0000000087d00000| Complete 
| 126|0x0000000087e00000, 0x0000000087f00000, 0x0000000087f00000|100%| O|  |TAMS 0x0000000087f00000, 0x0000000087e00000| Complete 
| 127|0x0000000087f00000, 0x0000000088000000, 0x0000000088000000|100%| O|  |TAMS 0x0000000088000000, 0x0000000087f00000| Complete 
| 128|0x0000000088000000, 0x0000000088000000, 0x0000000088100000|  0%| F|  |TAMS 0x0000000088000000, 0x0000000088000000| Untracked 
| 129|0x0000000088100000, 0x0000000088100000, 0x0000000088200000|  0%| F|  |TAMS 0x0000000088100000, 0x0000000088100000| Untracked 
| 130|0x0000000088200000, 0x0000000088200000, 0x0000000088300000|  0%| F|  |TAMS 0x0000000088200000, 0x0000000088200000| Untracked 
| 131|0x0000000088300000, 0x0000000088300000, 0x0000000088400000|  0%| F|  |TAMS 0x0000000088300000, 0x0000000088300000| Untracked 
| 132|0x0000000088400000, 0x0000000088400000, 0x0000000088500000|  0%| F|  |TAMS 0x0000000088400000, 0x0000000088400000| Untracked 
| 133|0x0000000088500000, 0x0000000088500000, 0x0000000088600000|  0%| F|  |TAMS 0x0000000088500000, 0x0000000088500000| Untracked 
| 134|0x0000000088600000, 0x0000000088600000, 0x0000000088700000|  0%| F|  |TAMS 0x0000000088600000, 0x0000000088600000| Untracked 
| 135|0x0000000088700000, 0x0000000088700000, 0x0000000088800000|  0%| F|  |TAMS 0x0000000088700000, 0x0000000088700000| Untracked 
| 136|0x0000000088800000, 0x0000000088800000, 0x0000000088900000|  0%| F|  |TAMS 0x0000000088800000, 0x0000000088800000| Untracked 
| 137|0x0000000088900000, 0x0000000088900000, 0x0000000088a00000|  0%| F|  |TAMS 0x0000000088900000, 0x0000000088900000| Untracked 
| 138|0x0000000088a00000, 0x0000000088a00000, 0x0000000088b00000|  0%| F|  |TAMS 0x0000000088a00000, 0x0000000088a00000| Untracked 
| 139|0x0000000088b00000, 0x0000000088b00000, 0x0000000088c00000|  0%| F|  |TAMS 0x0000000088b00000, 0x0000000088b00000| Untracked 
| 140|0x0000000088c00000, 0x0000000088c00000, 0x0000000088d00000|  0%| F|  |TAMS 0x0000000088c00000, 0x0000000088c00000| Untracked 
| 141|0x0000000088d00000, 0x0000000088de00f8, 0x0000000088e00000| 87%| S|CS|TAMS 0x0000000088d00000, 0x0000000088d00000| Complete 
| 142|0x0000000088e00000, 0x0000000088f00000, 0x0000000088f00000|100%| S|CS|TAMS 0x0000000088e00000, 0x0000000088e00000| Complete 
| 143|0x0000000088f00000, 0x0000000089000000, 0x0000000089000000|100%| S|CS|TAMS 0x0000000088f00000, 0x0000000088f00000| Complete 
| 144|0x0000000089000000, 0x0000000089000000, 0x0000000089100000|  0%| F|  |TAMS 0x0000000089000000, 0x0000000089000000| Untracked 
| 145|0x0000000089100000, 0x0000000089100000, 0x0000000089200000|  0%| F|  |TAMS 0x0000000089100000, 0x0000000089100000| Untracked 
| 146|0x0000000089200000, 0x0000000089200000, 0x0000000089300000|  0%| F|  |TAMS 0x0000000089200000, 0x0000000089200000| Untracked 
| 147|0x0000000089300000, 0x0000000089300000, 0x0000000089400000|  0%| F|  |TAMS 0x0000000089300000, 0x0000000089300000| Untracked 
| 148|0x0000000089400000, 0x0000000089420188, 0x0000000089500000| 12%| E|  |TAMS 0x0000000089400000, 0x0000000089400000| Complete 
| 149|0x0000000089500000, 0x0000000089600000, 0x0000000089600000|100%| E|CS|TAMS 0x0000000089500000, 0x0000000089500000| Complete 
| 150|0x0000000089600000, 0x0000000089700000, 0x0000000089700000|100%| E|CS|TAMS 0x0000000089600000, 0x0000000089600000| Complete 
| 151|0x0000000089700000, 0x0000000089800000, 0x0000000089800000|100%| E|CS|TAMS 0x0000000089700000, 0x0000000089700000| Complete 
| 152|0x0000000089800000, 0x0000000089900000, 0x0000000089900000|100%| E|CS|TAMS 0x0000000089800000, 0x0000000089800000| Complete 
| 153|0x0000000089900000, 0x0000000089a00000, 0x0000000089a00000|100%| E|CS|TAMS 0x0000000089900000, 0x0000000089900000| Complete 
| 154|0x0000000089a00000, 0x0000000089b00000, 0x0000000089b00000|100%| E|CS|TAMS 0x0000000089a00000, 0x0000000089a00000| Complete 
| 155|0x0000000089b00000, 0x0000000089c00000, 0x0000000089c00000|100%| E|CS|TAMS 0x0000000089b00000, 0x0000000089b00000| Complete 
| 156|0x0000000089c00000, 0x0000000089d00000, 0x0000000089d00000|100%| E|CS|TAMS 0x0000000089c00000, 0x0000000089c00000| Complete 
| 157|0x0000000089d00000, 0x0000000089e00000, 0x0000000089e00000|100%| E|CS|TAMS 0x0000000089d00000, 0x0000000089d00000| Complete 
| 158|0x0000000089e00000, 0x0000000089f00000, 0x0000000089f00000|100%| E|CS|TAMS 0x0000000089e00000, 0x0000000089e00000| Complete 
| 159|0x0000000089f00000, 0x000000008a000000, 0x000000008a000000|100%| E|CS|TAMS 0x0000000089f00000, 0x0000000089f00000| Complete 
| 160|0x000000008a000000, 0x000000008a100000, 0x000000008a100000|100%| E|CS|TAMS 0x000000008a000000, 0x000000008a000000| Complete 
| 161|0x000000008a100000, 0x000000008a200000, 0x000000008a200000|100%| E|CS|TAMS 0x000000008a100000, 0x000000008a100000| Complete 
| 162|0x000000008a200000, 0x000000008a300000, 0x000000008a300000|100%| E|CS|TAMS 0x000000008a200000, 0x000000008a200000| Complete 
| 163|0x000000008a300000, 0x000000008a400000, 0x000000008a400000|100%| E|CS|TAMS 0x000000008a300000, 0x000000008a300000| Complete 
| 164|0x000000008a400000, 0x000000008a500000, 0x000000008a500000|100%| E|CS|TAMS 0x000000008a400000, 0x000000008a400000| Complete 
| 165|0x000000008a500000, 0x000000008a600000, 0x000000008a600000|100%| E|CS|TAMS 0x000000008a500000, 0x000000008a500000| Complete 
| 166|0x000000008a600000, 0x000000008a700000, 0x000000008a700000|100%| E|CS|TAMS 0x000000008a600000, 0x000000008a600000| Complete 
| 167|0x000000008a700000, 0x000000008a800000, 0x000000008a800000|100%| E|CS|TAMS 0x000000008a700000, 0x000000008a700000| Complete 
| 168|0x000000008a800000, 0x000000008a900000, 0x000000008a900000|100%| E|CS|TAMS 0x000000008a800000, 0x000000008a800000| Complete 
| 169|0x000000008a900000, 0x000000008aa00000, 0x000000008aa00000|100%| E|CS|TAMS 0x000000008a900000, 0x000000008a900000| Complete 
| 170|0x000000008aa00000, 0x000000008ab00000, 0x000000008ab00000|100%| E|CS|TAMS 0x000000008aa00000, 0x000000008aa00000| Complete 
| 171|0x000000008ab00000, 0x000000008ac00000, 0x000000008ac00000|100%| E|CS|TAMS 0x000000008ab00000, 0x000000008ab00000| Complete 
| 172|0x000000008ac00000, 0x000000008ad00000, 0x000000008ad00000|100%| E|CS|TAMS 0x000000008ac00000, 0x000000008ac00000| Complete 
| 173|0x000000008ad00000, 0x000000008ae00000, 0x000000008ae00000|100%| E|CS|TAMS 0x000000008ad00000, 0x000000008ad00000| Complete 

Card table byte_map: [0x000002357f820000,0x000002357fc20000] _byte_map_base: 0x000002357f420000

Marking Bits (Prev, Next): (CMBitMap*) 0x000002357b967b10, (CMBitMap*) 0x000002357b967ad8
 Prev Bits: [0x0000023511400000, 0x0000023513400000)
 Next Bits: [0x000002350f400000, 0x0000023511400000)

Polling page: 0x00000235798f0000

Metaspace:

Usage:
  Non-class:    111.02 MB capacity,   107.85 MB ( 97%) used,     2.61 MB (  2%) free+waste,   573.44 KB ( <1%) overhead. 
      Class:     17.21 MB capacity,    15.44 MB ( 90%) used,     1.53 MB (  9%) free+waste,   251.75 KB (  1%) overhead. 
       Both:    128.24 MB capacity,   123.29 MB ( 96%) used,     4.14 MB (  3%) free+waste,   825.19 KB ( <1%) overhead. 

Virtual space:
  Non-class space:      112.00 MB reserved,     111.20 MB (>99%) committed 
      Class space:        1.00 GB reserved,      17.38 MB (  2%) committed 
             Both:        1.11 GB reserved,     128.58 MB ( 11%) committed 

Chunk freelists:
   Non-Class:  183.00 KB
       Class:  92.00 KB
        Both:  275.00 KB

MaxMetaspaceSize: 17179869184.00 GB
CompressedClassSpaceSize: 1.00 GB

CodeHeap 'non-profiled nmethods': size=120064Kb used=24613Kb max_used=24613Kb free=95450Kb
 bounds [0x0000023507ac0000, 0x00000235092e0000, 0x000002350f000000]
CodeHeap 'profiled nmethods': size=120000Kb used=55850Kb max_used=57243Kb free=64149Kb
 bounds [0x0000023500590000, 0x0000023503da0000, 0x0000023507ac0000]
CodeHeap 'non-nmethods': size=5696Kb used=2382Kb max_used=2458Kb free=3313Kb
 bounds [0x0000023500000000, 0x0000023500270000, 0x0000023500590000]
 total_blobs=26507 nmethods=25497 adapters=920
 compilation: enabled
              stopped_count=0, restarted_count=0
 full_count=0

Compilation events (20 events):
Event: 11027.154 Thread 0x00000235155e4000 29813       4       com.android.tools.r8.graph.n2::a (42 bytes)
Event: 11027.155 Thread 0x00000235155e5000 nmethod 29812 0x00000235017a7010 code [0x00000235017a7340, 0x00000235017a84f8]
Event: 11027.157 Thread 0x00000235155e5000 29816       3       com.android.tools.r8.internal.eB0::a (44 bytes)
Event: 11027.157 Thread 0x00000235155e5000 nmethod 29816 0x0000023501556510 code [0x0000023501556700, 0x0000023501556a78]
Event: 11027.189 Thread 0x00000235155e5000 29835       2       com.android.tools.r8.internal.qe1::Z (7 bytes)
Event: 11027.190 Thread 0x00000235155e5000 nmethod 29835 0x000002350148af10 code [0x000002350148b0c0, 0x000002350148b1b8]
Event: 11027.195 Thread 0x00000235155e5000 29836       2       com.android.tools.r8.internal.TC0::equals (59 bytes)
Event: 11027.195 Thread 0x00000235155e5000 nmethod 29836 0x00000235014ad290 code [0x00000235014ad460, 0x00000235014ad698]
Event: 11027.220 Thread 0x00000235155e5000 29841       2       java.util.LinkedList$LLSpliterator::tryAdvance (84 bytes)
Event: 11027.220 Thread 0x00000235155e5000 nmethod 29841 0x0000023501566390 code [0x0000023501566580, 0x00000235015668f8]
Event: 11027.220 Thread 0x00000235155e5000 29842       2       java.util.LinkedList$LLSpliterator::getEst (56 bytes)
Event: 11027.221 Thread 0x00000235155e5000 nmethod 29842 0x00000235014b5e10 code [0x00000235014b5fc0, 0x00000235014b6158]
Event: 11027.222 Thread 0x00000235155e5000 29843       2       org.gradle.api.internal.file.DefaultFilePropertyFactory$DefaultRegularFileVar::getFactoryId (4 bytes)
Event: 11027.222 Thread 0x00000235155e5000 nmethod 29843 0x00000235014f6310 code [0x00000235014f64c0, 0x00000235014f65b8]
Event: 11027.241 Thread 0x00000235155e5000 29844       2       org.gradle.api.internal.file.ManagedFactories$RegularFilePropertyManagedFactory::fromState (38 bytes)
Event: 11027.243 Thread 0x00000235155e5000 nmethod 29844 0x00000235015cda90 code [0x00000235015cdca0, 0x00000235015ce0e8]
Event: 11027.248 Thread 0x00000235155e4000 nmethod 29813 0x00000235092ccb10 code [0x00000235092ccde0, 0x00000235092cee00]
Event: 11027.248 Thread 0x00000235155e4000 29829       4       com.android.tools.r8.internal.Bk1::<init> (82 bytes)
Event: 11027.273 Thread 0x00000235155e4000 nmethod 29829 0x00000235092cfe90 code [0x00000235092d0060, 0x00000235092d0bd8]
Event: 11027.273 Thread 0x00000235155e4000 29824       4       com.android.tools.r8.internal.pe1::a (430 bytes)

GC Heap History (20 events):
Event: 9245.650 GC heap before
{Heap before GC invocations=282 (full 0):
 garbage-first heap   total 178176K, used 149779K [0x0000000080000000, 0x0000000100000000)
  region size 1024K, 25 young (25600K), 2 survivors (2048K)
 Metaspace       used 125776K, capacity 130599K, committed 131664K, reserved 1163264K
  class space    used 15738K, capacity 17497K, committed 17792K, reserved 1048576K
}
Event: 9245.655 GC heap after
{Heap after GC invocations=283 (full 0):
 garbage-first heap   total 178176K, used 125741K [0x0000000080000000, 0x0000000100000000)
  region size 1024K, 2 young (2048K), 2 survivors (2048K)
 Metaspace       used 125776K, capacity 130599K, committed 131664K, reserved 1163264K
  class space    used 15738K, capacity 17497K, committed 17792K, reserved 1048576K
}
Event: 9246.035 GC heap before
{Heap before GC invocations=284 (full 0):
 garbage-first heap   total 178176K, used 151341K [0x0000000080000000, 0x0000000100000000)
  region size 1024K, 27 young (27648K), 2 survivors (2048K)
 Metaspace       used 125784K, capacity 130601K, committed 131664K, reserved 1163264K
  class space    used 15738K, capacity 17497K, committed 17792K, reserved 1048576K
}
Event: 9246.042 GC heap after
{Heap after GC invocations=285 (full 0):
 garbage-first heap   total 178176K, used 130323K [0x0000000080000000, 0x0000000100000000)
  region size 1024K, 4 young (4096K), 4 survivors (4096K)
 Metaspace       used 125784K, capacity 130601K, committed 131664K, reserved 1163264K
  class space    used 15738K, capacity 17497K, committed 17792K, reserved 1048576K
}
Event: 9246.252 GC heap before
{Heap before GC invocations=285 (full 0):
 garbage-first heap   total 178176K, used 133395K [0x0000000080000000, 0x0000000100000000)
  region size 1024K, 8 young (8192K), 4 survivors (4096K)
 Metaspace       used 125787K, capacity 130601K, committed 131664K, reserved 1163264K
  class space    used 15738K, capacity 17497K, committed 17792K, reserved 1048576K
}
Event: 9246.263 GC heap after
{Heap after GC invocations=286 (full 0):
 garbage-first heap   total 178176K, used 123142K [0x0000000080000000, 0x0000000100000000)
  region size 1024K, 1 young (1024K), 1 survivors (1024K)
 Metaspace       used 125787K, capacity 130601K, committed 131664K, reserved 1163264K
  class space    used 15738K, capacity 17497K, committed 17792K, reserved 1048576K
}
Event: 9246.749 GC heap before
{Heap before GC invocations=286 (full 0):
 garbage-first heap   total 178176K, used 148742K [0x0000000080000000, 0x0000000100000000)
  region size 1024K, 27 young (27648K), 1 survivors (1024K)
 Metaspace       used 125795K, capacity 130604K, committed 131664K, reserved 1163264K
  class space    used 15739K, capacity 17498K, committed 17792K, reserved 1048576K
}
Event: 9246.755 GC heap after
{Heap after GC invocations=287 (full 0):
 garbage-first heap   total 178176K, used 123818K [0x0000000080000000, 0x0000000100000000)
  region size 1024K, 2 young (2048K), 2 survivors (2048K)
 Metaspace       used 125795K, capacity 130604K, committed 131664K, reserved 1163264K
  class space    used 15739K, capacity 17498K, committed 17792K, reserved 1048576K
}
Event: 9759.100 GC heap before
{Heap before GC invocations=288 (full 0):
 garbage-first heap   total 178176K, used 175018K [0x0000000080000000, 0x0000000100000000)
  region size 1024K, 28 young (28672K), 2 survivors (2048K)
 Metaspace       used 125806K, capacity 130604K, committed 131664K, reserved 1163264K
  class space    used 15739K, capacity 17498K, committed 17792K, reserved 1048576K
}
Event: 9759.112 GC heap after
{Heap after GC invocations=289 (full 0):
 garbage-first heap   total 178176K, used 120938K [0x0000000080000000, 0x0000000100000000)
  region size 1024K, 1 young (1024K), 1 survivors (1024K)
 Metaspace       used 125806K, capacity 130604K, committed 131664K, reserved 1163264K
  class space    used 15739K, capacity 17498K, committed 17792K, reserved 1048576K
}
Event: 10115.872 GC heap before
{Heap before GC invocations=289 (full 0):
 garbage-first heap   total 178176K, used 127082K [0x0000000080000000, 0x0000000100000000)
  region size 1024K, 8 young (8192K), 1 survivors (1024K)
 Metaspace       used 125806K, capacity 130604K, committed 131664K, reserved 1163264K
  class space    used 15739K, capacity 17498K, committed 17792K, reserved 1048576K
}
Event: 10115.894 GC heap after
{Heap after GC invocations=290 (full 0):
 garbage-first heap   total 178176K, used 109686K [0x0000000080000000, 0x0000000100000000)
  region size 1024K, 1 young (1024K), 1 survivors (1024K)
 Metaspace       used 125806K, capacity 130604K, committed 131664K, reserved 1163264K
  class space    used 15739K, capacity 17498K, committed 17792K, reserved 1048576K
}
Event: 11012.464 GC heap before
{Heap before GC invocations=290 (full 0):
 garbage-first heap   total 178176K, used 145526K [0x0000000080000000, 0x0000000100000000)
  region size 1024K, 37 young (37888K), 1 survivors (1024K)
 Metaspace       used 125823K, capacity 130622K, committed 131664K, reserved 1163264K
  class space    used 15741K, capacity 17501K, committed 17792K, reserved 1048576K
}
Event: 11012.474 GC heap after
{Heap after GC invocations=291 (full 0):
 garbage-first heap   total 178176K, used 111388K [0x0000000080000000, 0x0000000100000000)
  region size 1024K, 3 young (3072K), 3 survivors (3072K)
 Metaspace       used 125823K, capacity 130622K, committed 131664K, reserved 1163264K
  class space    used 15741K, capacity 17501K, committed 17792K, reserved 1048576K
}
Event: 11014.425 GC heap before
{Heap before GC invocations=292 (full 0):
 garbage-first heap   total 178176K, used 147228K [0x0000000080000000, 0x0000000100000000)
  region size 1024K, 38 young (38912K), 3 survivors (3072K)
 Metaspace       used 125814K, capacity 130586K, committed 131664K, reserved 1163264K
  class space    used 15735K, capacity 17489K, committed 17792K, reserved 1048576K
}
Event: 11014.483 GC heap after
{Heap after GC invocations=293 (full 0):
 garbage-first heap   total 178176K, used 117716K [0x0000000080000000, 0x0000000100000000)
  region size 1024K, 5 young (5120K), 5 survivors (5120K)
 Metaspace       used 125814K, capacity 130586K, committed 131664K, reserved 1163264K
  class space    used 15735K, capacity 17489K, committed 17792K, reserved 1048576K
}
Event: 11014.504 GC heap before
{Heap before GC invocations=293 (full 0):
 garbage-first heap   total 178176K, used 120788K [0x0000000080000000, 0x0000000100000000)
  region size 1024K, 8 young (8192K), 5 survivors (5120K)
 Metaspace       used 125814K, capacity 130586K, committed 131664K, reserved 1163264K
  class space    used 15735K, capacity 17489K, committed 17792K, reserved 1048576K
}
Event: 11014.532 GC heap after
{Heap after GC invocations=294 (full 0):
 garbage-first heap   total 178176K, used 118041K [0x0000000080000000, 0x0000000100000000)
  region size 1024K, 1 young (1024K), 1 survivors (1024K)
 Metaspace       used 125814K, capacity 130586K, committed 131664K, reserved 1163264K
  class space    used 15735K, capacity 17489K, committed 17792K, reserved 1048576K
}
Event: 11017.994 GC heap before
{Heap before GC invocations=294 (full 0):
 garbage-first heap   total 178176K, used 146713K [0x0000000080000000, 0x0000000100000000)
  region size 1024K, 30 young (30720K), 1 survivors (1024K)
 Metaspace       used 126234K, capacity 131243K, committed 131664K, reserved 1163264K
  class space    used 15806K, capacity 17622K, committed 17792K, reserved 1048576K
}
Event: 11018.006 GC heap after
{Heap after GC invocations=295 (full 0):
 garbage-first heap   total 178176K, used 119961K [0x0000000080000000, 0x0000000100000000)
  region size 1024K, 3 young (3072K), 3 survivors (3072K)
 Metaspace       used 126234K, capacity 131243K, committed 131664K, reserved 1163264K
  class space    used 15806K, capacity 17622K, committed 17792K, reserved 1048576K
}

Deoptimization events (20 events):
Event: 9245.886 Thread 0x0000023515f4f800 DEOPT PACKING pc=0x0000023509222db4 sp=0x00000082f05fc9e0
Event: 9245.886 Thread 0x0000023515f4f800 DEOPT UNPACKING pc=0x000002350002662f sp=0x00000082f05fc9a8 mode 2
Event: 9245.890 Thread 0x0000023515f4f800 DEOPT PACKING pc=0x0000023502fa59c9 sp=0x00000082f05fccb0
Event: 9245.890 Thread 0x0000023515f4f800 DEOPT UNPACKING pc=0x0000023500026dde sp=0x00000082f05fc250 mode 0
Event: 9245.916 Thread 0x0000023515f52000 DEOPT PACKING pc=0x00000235014bd83b sp=0x00000082f08fd160
Event: 9245.916 Thread 0x0000023515f52000 DEOPT UNPACKING pc=0x0000023500026dde sp=0x00000082f08fc648 mode 0
Event: 9245.922 Thread 0x0000023515f52000 DEOPT PACKING pc=0x00000235014bd83b sp=0x00000082f08fd160
Event: 9245.922 Thread 0x0000023515f52000 DEOPT UNPACKING pc=0x0000023500026dde sp=0x00000082f08fc648 mode 0
Event: 9245.929 Thread 0x0000023515f52000 DEOPT PACKING pc=0x00000235014bd83b sp=0x00000082f08fd160
Event: 9245.929 Thread 0x0000023515f52000 DEOPT UNPACKING pc=0x0000023500026dde sp=0x00000082f08fc648 mode 0
Event: 9245.934 Thread 0x0000023515f52000 DEOPT PACKING pc=0x000002350165743c sp=0x00000082f08fd150
Event: 9245.934 Thread 0x0000023515f52000 DEOPT UNPACKING pc=0x0000023500026dde sp=0x00000082f08fc640 mode 0
Event: 9245.939 Thread 0x0000023515f52000 DEOPT PACKING pc=0x000002350165743c sp=0x00000082f08fd100
Event: 9245.939 Thread 0x0000023515f52000 DEOPT UNPACKING pc=0x0000023500026dde sp=0x00000082f08fc5f0 mode 0
Event: 9245.972 Thread 0x0000023515f52000 DEOPT PACKING pc=0x000002350165743c sp=0x00000082f08fd100
Event: 9245.972 Thread 0x0000023515f52000 DEOPT UNPACKING pc=0x0000023500026dde sp=0x00000082f08fc5f0 mode 0
Event: 9246.653 Thread 0x000002351c240000 DEOPT PACKING pc=0x0000023500d2d459 sp=0x00000082ef6fcfe0
Event: 9246.653 Thread 0x000002351c240000 DEOPT UNPACKING pc=0x0000023500026dde sp=0x00000082ef6fc508 mode 0
Event: 9246.747 Thread 0x0000023515f52000 DEOPT PACKING pc=0x0000023501b22c5d sp=0x00000082f08fdb90
Event: 9246.747 Thread 0x0000023515f52000 DEOPT UNPACKING pc=0x0000023500026dde sp=0x00000082f08fd070 mode 0

Classes redefined (0 events):
No events

Internal exceptions (20 events):
Event: 9246.664 Thread 0x000002351c240000 Exception <a 'sun/nio/fs/WindowsException'{0x0000000089bc6538}> (0x0000000089bc6538) thrown at [./src/hotspot/share/prims/jni.cpp, line 615]
Event: 9246.666 Thread 0x0000023515f56000 Exception <a 'sun/nio/fs/WindowsException'{0x0000000089bea590}> (0x0000000089bea590) thrown at [./src/hotspot/share/prims/jni.cpp, line 615]
Event: 9246.674 Thread 0x0000023515f56000 Exception <a 'sun/nio/fs/WindowsException'{0x0000000089aeaf80}> (0x0000000089aeaf80) thrown at [./src/hotspot/share/prims/jni.cpp, line 615]
Event: 9246.678 Thread 0x0000023515f56000 Exception <a 'sun/nio/fs/WindowsException'{0x0000000089af7d80}> (0x0000000089af7d80) thrown at [./src/hotspot/share/prims/jni.cpp, line 615]
Event: 9246.680 Thread 0x0000023515f56000 Exception <a 'sun/nio/fs/WindowsException'{0x00000000899c3ec8}> (0x00000000899c3ec8) thrown at [./src/hotspot/share/prims/jni.cpp, line 615]
Event: 9246.743 Thread 0x0000023515f52000 Exception <a 'sun/nio/fs/WindowsException'{0x0000000089426ed8}> (0x0000000089426ed8) thrown at [./src/hotspot/share/prims/jni.cpp, line 615]
Event: 9246.862 Thread 0x0000023515f52000 Exception <a 'sun/nio/fs/WindowsException'{0x000000008a749008}> (0x000000008a749008) thrown at [./src/hotspot/share/prims/jni.cpp, line 615]
Event: 9247.272 Thread 0x0000023518b7a800 Exception <a 'sun/nio/fs/WindowsException'{0x000000008a038da8}> (0x000000008a038da8) thrown at [./src/hotspot/share/prims/jni.cpp, line 615]
Event: 9247.272 Thread 0x0000023518b7a800 Exception <a 'sun/nio/fs/WindowsException'{0x000000008a038e28}> (0x000000008a038e28) thrown at [./src/hotspot/share/prims/jni.cpp, line 615]
Event: 9247.272 Thread 0x0000023518b7a800 Exception <a 'sun/nio/fs/WindowsException'{0x000000008a03a770}> (0x000000008a03a770) thrown at [./src/hotspot/share/prims/jni.cpp, line 615]
Event: 11012.534 Thread 0x00000235215f0800 Exception <a 'sun/nio/fs/WindowsException'{0x000000008a97d180}> (0x000000008a97d180) thrown at [./src/hotspot/share/prims/jni.cpp, line 615]
Event: 11012.887 Thread 0x00000235215f0800 Exception <a 'sun/nio/fs/WindowsException'{0x000000008939d600}> (0x000000008939d600) thrown at [./src/hotspot/share/prims/jni.cpp, line 615]
Event: 11012.950 Thread 0x00000235215f0800 Exception <a 'sun/nio/fs/WindowsException'{0x00000000892418d0}> (0x00000000892418d0) thrown at [./src/hotspot/share/prims/jni.cpp, line 615]
Event: 11012.950 Thread 0x00000235215f0800 Exception <a 'sun/nio/fs/WindowsException'{0x0000000089242b10}> (0x0000000089242b10) thrown at [./src/hotspot/share/prims/jni.cpp, line 615]
Event: 11012.950 Thread 0x00000235215f0800 Exception <a 'sun/nio/fs/WindowsException'{0x0000000089243da0}> (0x0000000089243da0) thrown at [./src/hotspot/share/prims/jni.cpp, line 615]
Event: 11012.951 Thread 0x00000235215f0800 Exception <a 'sun/nio/fs/WindowsException'{0x0000000089245030}> (0x0000000089245030) thrown at [./src/hotspot/share/prims/jni.cpp, line 615]
Event: 11018.040 Thread 0x000002351c15a800 Exception <a 'java/lang/InterruptedException'{0x000000008ac4d0b8}> (0x000000008ac4d0b8) thrown at [./src/hotspot/share/runtime/objectMonitor.cpp, line 1635]
Event: 11027.147 Thread 0x000002351c240000 Exception <a 'sun/nio/fs/WindowsException'{0x0000000089d041e8}> (0x0000000089d041e8) thrown at [./src/hotspot/share/prims/jni.cpp, line 615]
Event: 11027.212 Thread 0x000002351c240000 Exception <a 'sun/nio/fs/WindowsException'{0x00000000898fc130}> (0x00000000898fc130) thrown at [./src/hotspot/share/prims/jni.cpp, line 615]
Event: 11027.214 Thread 0x000002351c240000 Exception <a 'sun/nio/fs/WindowsException'{0x0000000089746250}> (0x0000000089746250) thrown at [./src/hotspot/share/prims/jni.cpp, line 615]

Events (20 events):
Event: 11024.273 Executing VM operation: RevokeBias done
Event: 11027.055 Executing VM operation: RevokeBias
Event: 11027.055 Executing VM operation: RevokeBias done
Event: 11027.142 Thread 0x000002351c240000 Thread added: 0x000002351c240000
Event: 11027.143 Thread 0x000002351c241000 Thread added: 0x000002351c241000
Event: 11027.143 Executing VM operation: RevokeBias
Event: 11027.143 Executing VM operation: RevokeBias done
Event: 11027.144 Thread 0x000002351c242000 Thread added: 0x000002351c242000
Event: 11027.145 Thread 0x000002351c242800 Thread added: 0x000002351c242800
Event: 11027.145 Thread 0x000002351c243800 Thread added: 0x000002351c243800
Event: 11027.160 Executing VM operation: ICBufferFull
Event: 11027.160 Executing VM operation: ICBufferFull done
Event: 11027.202 Executing VM operation: ICBufferFull
Event: 11027.202 Executing VM operation: ICBufferFull done
Event: 11027.215 Executing VM operation: RevokeBias
Event: 11027.215 Executing VM operation: RevokeBias done
Event: 11027.242 Executing VM operation: RevokeBias
Event: 11027.242 Executing VM operation: RevokeBias done
Event: 11027.246 Executing VM operation: RevokeBias
Event: 11027.246 Executing VM operation: RevokeBias done


Dynamic libraries:
0x00007ff6a5270000 - 0x00007ff6a527a000 	C:\Program Files\Android\Android Studio\jre\bin\java.exe
0x00007ff8cba90000 - 0x00007ff8cbc85000 	C:\WINDOWS\SYSTEM32\ntdll.dll
0x00007ff8cad50000 - 0x00007ff8cae0e000 	C:\WINDOWS\System32\KERNEL32.DLL
0x00007ff8c9200000 - 0x00007ff8c94c8000 	C:\WINDOWS\System32\KERNELBASE.dll
0x00007ff8c67d0000 - 0x00007ff8c6860000 	C:\WINDOWS\SYSTEM32\apphelp.dll
0x00007ff8c9500000 - 0x00007ff8c9600000 	C:\WINDOWS\System32\ucrtbase.dll
0x00007ff8bdc70000 - 0x00007ff8bdc87000 	C:\Program Files\Android\Android Studio\jre\bin\VCRUNTIME140.dll
0x00007ff8c1dc0000 - 0x00007ff8c1dd9000 	C:\Program Files\Android\Android Studio\jre\bin\jli.dll
0x00007ff8ca2a0000 - 0x00007ff8ca440000 	C:\WINDOWS\System32\USER32.dll
0x00007ff8c97b0000 - 0x00007ff8c97d2000 	C:\WINDOWS\System32\win32u.dll
0x00007ff8c9df0000 - 0x00007ff8c9e1b000 	C:\WINDOWS\System32\GDI32.dll
0x00007ff8c97e0000 - 0x00007ff8c98eb000 	C:\WINDOWS\System32\gdi32full.dll
0x00007ff8c9a50000 - 0x00007ff8c9aed000 	C:\WINDOWS\System32\msvcp_win.dll
0x00007ff8ba740000 - 0x00007ff8ba9da000 	C:\WINDOWS\WinSxS\amd64_microsoft.windows.common-controls_6595b64144ccf1df_6.0.19041.1110_none_60b5254171f9507e\COMCTL32.dll
0x00007ff8cb9b0000 - 0x00007ff8cba4e000 	C:\WINDOWS\System32\msvcrt.dll
0x00007ff8cb980000 - 0x00007ff8cb9b0000 	C:\WINDOWS\System32\IMM32.DLL
0x00007ff8bab50000 - 0x00007ff8babed000 	C:\Program Files\Android\Android Studio\jre\bin\msvcp140.dll
0x00007ff870640000 - 0x00007ff871115000 	C:\Program Files\Android\Android Studio\jre\bin\server\jvm.dll
0x00007ff8cb180000 - 0x00007ff8cb22e000 	C:\WINDOWS\System32\ADVAPI32.dll
0x00007ff8cae10000 - 0x00007ff8caeac000 	C:\WINDOWS\System32\sechost.dll
0x00007ff8caf90000 - 0x00007ff8cb0b5000 	C:\WINDOWS\System32\RPCRT4.dll
0x00007ff8caa40000 - 0x00007ff8caa48000 	C:\WINDOWS\System32\PSAPI.DLL
0x00007ff8c47f0000 - 0x00007ff8c47f9000 	C:\WINDOWS\SYSTEM32\WSOCK32.dll
0x00007ff8cab30000 - 0x00007ff8cab9b000 	C:\WINDOWS\System32\WS2_32.dll
0x00007ff8bfd20000 - 0x00007ff8bfd47000 	C:\WINDOWS\SYSTEM32\WINMM.dll
0x00007ff8c71a0000 - 0x00007ff8c71aa000 	C:\WINDOWS\SYSTEM32\VERSION.dll
0x00007ff8c7aa0000 - 0x00007ff8c7ab2000 	C:\WINDOWS\SYSTEM32\kernel.appcore.dll
0x00007ff8bdc50000 - 0x00007ff8bdc61000 	C:\Program Files\Android\Android Studio\jre\bin\verify.dll
0x00007ff8a9cb0000 - 0x00007ff8a9e94000 	C:\WINDOWS\SYSTEM32\DBGHELP.DLL
0x00007ff8a9c00000 - 0x00007ff8a9c2c000 	C:\WINDOWS\SYSTEM32\dbgcore.DLL
0x00007ff8c9600000 - 0x00007ff8c9682000 	C:\WINDOWS\System32\bcryptPrimitives.dll
0x00007ff8bdc20000 - 0x00007ff8bdc49000 	C:\Program Files\Android\Android Studio\jre\bin\java.dll
0x00007ff8bdc10000 - 0x00007ff8bdc1b000 	C:\Program Files\Android\Android Studio\jre\bin\jimage.dll
0x00007ff8bdbd0000 - 0x00007ff8bdbe8000 	C:\Program Files\Android\Android Studio\jre\bin\zip.dll
0x00007ff8cb230000 - 0x00007ff8cb974000 	C:\WINDOWS\System32\SHELL32.dll
0x00007ff8c71b0000 - 0x00007ff8c7944000 	C:\WINDOWS\SYSTEM32\windows.storage.dll
0x00007ff8c9f40000 - 0x00007ff8ca294000 	C:\WINDOWS\System32\combase.dll
0x00007ff8c8b40000 - 0x00007ff8c8b6c000 	C:\WINDOWS\SYSTEM32\Wldp.dll
0x00007ff8c9c80000 - 0x00007ff8c9d2d000 	C:\WINDOWS\System32\SHCORE.dll
0x00007ff8c9d30000 - 0x00007ff8c9d85000 	C:\WINDOWS\System32\shlwapi.dll
0x00007ff8c90f0000 - 0x00007ff8c910f000 	C:\WINDOWS\SYSTEM32\profapi.dll
0x00007ff8bad00000 - 0x00007ff8bad1a000 	C:\Program Files\Android\Android Studio\jre\bin\net.dll
0x00007ff8b93b0000 - 0x00007ff8b94b9000 	C:\WINDOWS\SYSTEM32\WINHTTP.dll
0x00007ff8c88a0000 - 0x00007ff8c890a000 	C:\WINDOWS\system32\mswsock.dll
0x00007ff8bace0000 - 0x00007ff8bacf4000 	C:\Program Files\Android\Android Studio\jre\bin\nio.dll
0x00007ff8bf530000 - 0x00007ff8bf557000 	C:\Users\Admin\.gradle\native\e1d6ef7f7dcc3fd88c89a11ec53ec762bb8ba0a96d01ffa2cd45eb1d1d8dd5c5\windows-amd64\native-platform.dll
0x00007ff888dc0000 - 0x00007ff888f04000 	C:\Users\Admin\.gradle\native\5664cfc778a61ccfe75a443a1ab52a65af34e5dc3c78e0209fed803814484fcb\windows-amd64\native-platform-file-events.dll
0x00007ff8bdbc0000 - 0x00007ff8bdbca000 	C:\Program Files\Android\Android Studio\jre\bin\management.dll
0x00007ff8bc2d0000 - 0x00007ff8bc2dd000 	C:\Program Files\Android\Android Studio\jre\bin\management_ext.dll
0x00007ff8c8aa0000 - 0x00007ff8c8ab8000 	C:\WINDOWS\SYSTEM32\CRYPTSP.dll
0x00007ff8c8220000 - 0x00007ff8c8254000 	C:\WINDOWS\system32\rsaenh.dll
0x00007ff8c94d0000 - 0x00007ff8c94f7000 	C:\WINDOWS\System32\bcrypt.dll
0x00007ff8c90b0000 - 0x00007ff8c90de000 	C:\WINDOWS\SYSTEM32\USERENV.dll
0x00007ff8c8a90000 - 0x00007ff8c8a9c000 	C:\WINDOWS\SYSTEM32\CRYPTBASE.dll
0x00007ff8c8590000 - 0x00007ff8c85cb000 	C:\WINDOWS\SYSTEM32\IPHLPAPI.DLL
0x00007ff8cb170000 - 0x00007ff8cb178000 	C:\WINDOWS\System32\NSI.dll
0x00007ff8c23f0000 - 0x00007ff8c2407000 	C:\WINDOWS\SYSTEM32\dhcpcsvc6.DLL
0x00007ff8c2c60000 - 0x00007ff8c2c7d000 	C:\WINDOWS\SYSTEM32\dhcpcsvc.DLL
0x00007ff8c85d0000 - 0x00007ff8c869a000 	C:\WINDOWS\SYSTEM32\DNSAPI.dll
0x00007ff8bf560000 - 0x00007ff8bf57e000 	C:\Users\Admin\AppData\Local\Temp\native-platform13034196063828150424dir\native-platform.dll
0x00007ff8c35f0000 - 0x00007ff8c35f8000 	C:\Program Files\Android\Android Studio\jre\bin\rmi.dll
0x00007ff8b8ac0000 - 0x00007ff8b8ad7000 	C:\WINDOWS\system32\napinsp.dll
0x00007ff8b8540000 - 0x00007ff8b855b000 	C:\WINDOWS\system32\pnrpnsp.dll
0x00007ff8a9c90000 - 0x00007ff8a9ca5000 	C:\WINDOWS\system32\wshbth.dll
0x00007ff8c4aa0000 - 0x00007ff8c4abd000 	C:\WINDOWS\system32\NLAapi.dll
0x00007ff8b7900000 - 0x00007ff8b7912000 	C:\WINDOWS\System32\winrnr.dll
0x00007ff8bef40000 - 0x00007ff8bef4a000 	C:\Windows\System32\rasadhlp.dll
0x00007ff8b9330000 - 0x00007ff8b93af000 	C:\WINDOWS\System32\fwpuclnt.dll

dbghelp: loaded successfully - version: 4.0.5 - missing functions: none
symbol engine: initialized successfully - sym options: 0x614 - pdb path: .;C:\Program Files\Android\Android Studio\jre\bin;C:\WINDOWS\SYSTEM32;C:\WINDOWS\WinSxS\amd64_microsoft.windows.common-controls_6595b64144ccf1df_6.0.19041.1110_none_60b5254171f9507e;C:\Program Files\Android\Android Studio\jre\bin\server;C:\Users\Admin\.gradle\native\e1d6ef7f7dcc3fd88c89a11ec53ec762bb8ba0a96d01ffa2cd45eb1d1d8dd5c5\windows-amd64;C:\Users\Admin\.gradle\native\5664cfc778a61ccfe75a443a1ab52a65af34e5dc3c78e0209fed803814484fcb\windows-amd64;C:\Users\Admin\AppData\Local\Temp\native-platform13034196063828150424dir

VM Arguments:
jvm_args: --add-opens=java.base/java.util=ALL-UNNAMED --add-opens=java.base/java.lang=ALL-UNNAMED --add-opens=java.base/java.lang.invoke=ALL-UNNAMED --add-opens=java.base/java.util=ALL-UNNAMED --add-opens=java.prefs/java.util.prefs=ALL-UNNAMED --add-opens=java.prefs/java.util.prefs=ALL-UNNAMED --add-opens=java.base/java.nio.charset=ALL-UNNAMED --add-opens=java.base/java.net=ALL-UNNAMED --add-opens=java.base/java.util.concurrent.atomic=ALL-UNNAMED -Xmx2048m -Dfile.encoding=UTF-8 -Duser.country=TW -Duser.language=zh -Duser.variant 
java_command: org.gradle.launcher.daemon.bootstrap.GradleDaemon 7.2
java_class_path (initial): C:\Users\Admin\.gradle\wrapper\dists\gradle-7.2-bin\2dnblmf4td7x66yl1d74lt32g\gradle-7.2\lib\gradle-launcher-7.2.jar
Launcher Type: SUN_STANDARD

[Global flags]
     intx CICompilerCount                          = 3                                         {product} {ergonomic}
     uint ConcGCThreads                            = 1                                         {product} {ergonomic}
     uint G1ConcRefinementThreads                  = 4                                         {product} {ergonomic}
   size_t G1HeapRegionSize                         = 1048576                                   {product} {ergonomic}
    uintx GCDrainStackTargetSize                   = 64                                        {product} {ergonomic}
   size_t InitialHeapSize                          = 134217728                                 {product} {ergonomic}
   size_t MarkStackSize                            = 4194304                                   {product} {ergonomic}
   size_t MaxHeapSize                              = 2147483648                                {product} {command line}
   size_t MaxNewSize                               = 1287651328                                {product} {ergonomic}
   size_t MinHeapDeltaBytes                        = 1048576                                   {product} {ergonomic}
    uintx NonNMethodCodeHeapSize                   = 5830732                                {pd product} {ergonomic}
    uintx NonProfiledCodeHeapSize                  = 122913754                              {pd product} {ergonomic}
    uintx ProfiledCodeHeapSize                     = 122913754                              {pd product} {ergonomic}
    uintx ReservedCodeCacheSize                    = 251658240                              {pd product} {ergonomic}
     bool SegmentedCodeCache                       = true                                      {product} {ergonomic}
     bool UseCompressedClassPointers               = true                                 {lp64_product} {ergonomic}
     bool UseCompressedOops                        = true                                 {lp64_product} {ergonomic}
     bool UseG1GC                                  = true                                      {product} {ergonomic}
     bool UseLargePagesIndividualAllocation        = false                                  {pd product} {ergonomic}

Logging:
Log output configuration:
 #0: stdout all=warning uptime,level,tags
 #1: stderr all=off uptime,level,tags

Environment Variables:
CLASSPATH=D:\web\EGroup\java;D:\java;
PATH=C:\Program Files (x86)\Common Files\Oracle\Java\javapath;C:\Program Files\Common Files\Oracle\Java\javapath;C:\ProgramData\Oracle\Java\javapath;C:\Program Files (x86)\NVIDIA Corporation\PhysX\Common;C:\Program Files (x86)\Intel\iCLS Client\;C:\Program Files\Intel\iCLS Client\;C:\WINDOWS\system32;C:\WINDOWS;C:\WINDOWS\System32\Wbem;C:\WINDOWS\System32\WindowsPowerShell\v1.0\;C:\Program Files\Intel\Intel(R) Management Engine Components\DAL;C:\Program Files (x86)\Intel\Intel(R) Management Engine Components\DAL;C:\Program Files\Intel\Intel(R) Management Engine Components\IPT;C:\Program Files (x86)\Intel\Intel(R) Management Engine Components\IPT;C:\Program Files (x86)\Skype\Phone\;C:\Users\Admin\AppData\Local\Programs\Python\Python36-32;C:\Program Files\Intel\WiFi\bin\;C:\Program Files\Common Files\Intel\WirelessCommon\;C:\Program Files\Java\jdk1.8.0_91\bin;C:\Program Files\ikvm-7.2.4630.5\bin;C:\WINDOWS\System32\OpenSSH\;C:\Program Files\Git\cmd;C:\Users\Admin\AppData\Local\Microsoft\WindowsApps;C:\Program Files\flutter\bin;C:\Users\Admin\AppData\Local\Android\sdk;C:\Users\Admin\AppData\Local\Android\sdk\platform-tools
USERNAME=Admin
OS=Windows_NT
PROCESSOR_IDENTIFIER=Intel64 Family 6 Model 60 Stepping 3, GenuineIntel



---------------  S Y S T E M  ---------------

OS: Windows 10 , 64 bit Build 19041 (10.0.19041.1566)
OS uptime: 4 days 18:38 hours

CPU:total 4 (initial active 4) (2 cores per cpu, 2 threads per core) family 6 model 60 stepping 3 microcode 0x27, cmov, cx8, fxsr, mmx, sse, sse2, sse3, ssse3, sse4.1, sse4.2, popcnt, avx, avx2, aes, clmul, erms, lzcnt, ht, tsc, tscinvbit, bmi1, bmi2, fma

Memory: 4k page, system-wide physical 8081M (93M free)
TotalPageFile size 8081M (AvailPageFile size 3M)
current process WorkingSet (physical memory assigned to process): 538M, peak: 588M
current process commit charge ("private bytes"): 581M, peak: 615M

vm_info: OpenJDK 64-Bit Server VM (11.0.11+9-b60-7590822) for windows-amd64 JRE (11.0.11+9-b60-7590822), built on Jul 29 2021 21:43:44 by "builder" with MS VC++ 14.0 (VS2015)

END.
