#
# There is insufficient memory for the Java Runtime Environment to continue.
# Native memory allocation (malloc) failed to allocate 1169456 bytes for Chunk::new
# Possible reasons:
#   The system is out of physical RAM or swap space
#   The process is running with CompressedOops enabled, and the Java Heap may be blocking the growth of the native heap
# Possible solutions:
#   Reduce memory load on the system
#   Increase physical memory or swap space
#   Check if swap backing store is full
#   Decrease Java heap size (-Xmx/-Xms)
#   Decrease number of Java threads
#   Decrease Java thread stack sizes (-Xss)
#   Set larger code cache with -XX:ReservedCodeCacheSize=
#   JVM is running with Unscaled Compressed Oops mode in which the Java heap is
#     placed in the first 4GB address space. The Java Heap base address is the
#     maximum limit for the native heap growth. Please use -XX:HeapBaseMinAddress
#     to set the Java Heap base and to place the Java Heap above 4GB virtual address.
# This output file may be truncated or incomplete.
#
#  Out of Memory Error (./src/hotspot/share/memory/arena.cpp:197), pid=6048, tid=13336
#
# JRE version: OpenJDK Runtime Environment (11.0.11+9) (build 11.0.11+9-b60-7590822)
# Java VM: OpenJDK 64-Bit Server VM (11.0.11+9-b60-7590822, mixed mode, tiered, compressed oops, g1 gc, windows-amd64)
# No core dump will be written. Minidumps are not enabled by default on client versions of Windows
#

---------------  S U M M A R Y ------------

Command Line: --add-opens=java.base/java.util=ALL-UNNAMED --add-opens=java.base/java.lang=ALL-UNNAMED --add-opens=java.base/java.lang.invoke=ALL-UNNAMED --add-opens=java.base/java.util=ALL-UNNAMED --add-opens=java.prefs/java.util.prefs=ALL-UNNAMED --add-opens=java.prefs/java.util.prefs=ALL-UNNAMED --add-opens=java.base/java.nio.charset=ALL-UNNAMED --add-opens=java.base/java.net=ALL-UNNAMED --add-opens=java.base/java.util.concurrent.atomic=ALL-UNNAMED -Xmx2048m -Dfile.encoding=UTF-8 -Duser.country=TW -Duser.language=zh -Duser.variant org.gradle.launcher.daemon.bootstrap.GradleDaemon 7.2

Host: Intel(R) Core(TM) i5-4200H CPU @ 2.80GHz, 4 cores, 7G,  Windows 10 , 64 bit Build 19041 (10.0.19041.1566)
Time: Sun Mar 20 19:08:14 2022 台北標準時間 elapsed time: 83.939164 seconds (0d 0h 1m 23s)

---------------  T H R E A D  ---------------

Current thread (0x000002494ce3f000):  JavaThread "C2 CompilerThread0" daemon [_thread_in_native, id=13336, stack(0x000000601b700000,0x000000601b800000)]


Current CompileTask:
C2:  83939 13711       4       java.lang.reflect.AccessibleObject::checkCanSetAccessible (386 bytes)

Stack: [0x000000601b700000,0x000000601b800000]
Native frames: (J=compiled Java code, j=interpreted, Vv=VM code, C=native code)
V  [jvm.dll+0x5f214a]
V  [jvm.dll+0x726fb5]
V  [jvm.dll+0x7285cd]
V  [jvm.dll+0x728c83]
V  [jvm.dll+0x243278]
V  [jvm.dll+0xbc53c]
V  [jvm.dll+0xbca3c]
V  [jvm.dll+0x353e7d]
V  [jvm.dll+0x321893]
V  [jvm.dll+0x320d8a]
V  [jvm.dll+0x1fc1e2]
V  [jvm.dll+0x1fb3d4]
V  [jvm.dll+0x183d6c]
V  [jvm.dll+0x209a57]
V  [jvm.dll+0x2082a1]
V  [jvm.dll+0x6ef58f]
V  [jvm.dll+0x6e80b5]
V  [jvm.dll+0x5f1036]
C  [ucrtbase.dll+0x21bb2]
C  [KERNEL32.DLL+0x17034]
C  [ntdll.dll+0x52651]


---------------  P R O C E S S  ---------------

Threads class SMR info:
_java_thread_list=0x0000024957a80b70, length=94, elements={
0x0000024933225800, 0x000002494ce0b000, 0x000002494ce0c800, 0x000002494ce2c000,
0x000002494ce2d800, 0x000002494ce30800, 0x000002494ce3f000, 0x000002494ce40000,
0x000002494ce41000, 0x000002494d80c800, 0x000002494eac7000, 0x000002494f1ea800,
0x000002494ec19800, 0x000002494f6e0000, 0x000002494da58000, 0x000002494f8fa800,
0x000002494f22b800, 0x000002494eb8a000, 0x000002494fcb1800, 0x000002494fcb1000,
0x000002494fcb0000, 0x000002494fcb2800, 0x000002494fcb4000, 0x000002494fcb5000,
0x000002494fcb5800, 0x000002494fcb6800, 0x000002494fcb3800, 0x000002494fda8000,
0x000002494fda4000, 0x000002494fda3000, 0x000002494fda5800, 0x000002494fda9800,
0x000002494fda6800, 0x000002494fdaa800, 0x000002494fda4800, 0x000002494fdab000,
0x000002494fdae800, 0x000002494fdac000, 0x000002494fdaf800, 0x000002494fdb0000,
0x000002494fdb1000, 0x000002494fdad000, 0x000002494fdad800, 0x000002494fdb1800,
0x000002494e7c4000, 0x000002494e7c4800, 0x000002494e7c5800, 0x000002494e7c6000,
0x000002494e7c8000, 0x000002494e7c8800, 0x000002494e7c3000, 0x000002494e7cc800,
0x000002494e7cb000, 0x000002494e7c9800, 0x000002494e7c7000, 0x000002494e7cc000,
0x000002494e7cd800, 0x000002494e7ce800, 0x000002494e7cf000, 0x000002494e7d0000,
0x000002494e7ca800, 0x000002494e7d1800, 0x000002494e7d1000, 0x000002494dd55800,
0x000002494dd54800, 0x000002494dd56800, 0x000002494dd57000, 0x000002494dd58000,
0x000002494dd58800, 0x000002494dd53000, 0x000002494dd59800, 0x000002494dd54000,
0x000002494dd5e800, 0x000002494dd5d800, 0x000002494dd5b000, 0x000002494dd5f000,
0x000002494dd60000, 0x000002494dd5c000, 0x000002494dd5a800, 0x000002494dd61000,
0x000002494dd61800, 0x0000024957445000, 0x0000024957442000, 0x0000024957446000,
0x0000024957443800, 0x0000024957440000, 0x0000024957444800, 0x0000024957441000,
0x0000024957447000, 0x0000024954df6800, 0x0000024954df3000, 0x0000024954df5000,
0x0000024954df7000, 0x0000024954df8000
}

Java Threads: ( => current thread )
  0x0000024933225800 JavaThread "main" [_thread_blocked, id=1244, stack(0x000000601ab00000,0x000000601ac00000)]
  0x000002494ce0b000 JavaThread "Reference Handler" daemon [_thread_blocked, id=7084, stack(0x000000601b200000,0x000000601b300000)]
  0x000002494ce0c800 JavaThread "Finalizer" daemon [_thread_blocked, id=10032, stack(0x000000601b300000,0x000000601b400000)]
  0x000002494ce2c000 JavaThread "Signal Dispatcher" daemon [_thread_blocked, id=13832, stack(0x000000601b400000,0x000000601b500000)]
  0x000002494ce2d800 JavaThread "Attach Listener" daemon [_thread_blocked, id=7920, stack(0x000000601b500000,0x000000601b600000)]
  0x000002494ce30800 JavaThread "Service Thread" daemon [_thread_blocked, id=8076, stack(0x000000601b600000,0x000000601b700000)]
=>0x000002494ce3f000 JavaThread "C2 CompilerThread0" daemon [_thread_in_native, id=13336, stack(0x000000601b700000,0x000000601b800000)]
  0x000002494ce40000 JavaThread "C1 CompilerThread0" daemon [_thread_blocked, id=11408, stack(0x000000601b800000,0x000000601b900000)]
  0x000002494ce41000 JavaThread "Sweeper thread" daemon [_thread_blocked, id=6552, stack(0x000000601b900000,0x000000601ba00000)]
  0x000002494d80c800 JavaThread "Common-Cleaner" daemon [_thread_blocked, id=8864, stack(0x000000601ba00000,0x000000601bb00000)]
  0x000002494eac7000 JavaThread "Daemon health stats" [_thread_blocked, id=6608, stack(0x000000601bf00000,0x000000601c000000)]
  0x000002494f1ea800 JavaThread "Incoming local TCP Connector on port 54489" [_thread_in_native, id=6304, stack(0x000000601bc00000,0x000000601bd00000)]
  0x000002494ec19800 JavaThread "Daemon periodic checks" [_thread_blocked, id=7340, stack(0x000000601c000000,0x000000601c100000)]
  0x000002494f6e0000 JavaThread "Daemon" [_thread_blocked, id=13720, stack(0x000000601c100000,0x000000601c200000)]
  0x000002494da58000 JavaThread "Handler for socket connection from /127.0.0.1:54489 to /127.0.0.1:54490" [_thread_in_native, id=2196, stack(0x000000601c200000,0x000000601c300000)]
  0x000002494f8fa800 JavaThread "Cancel handler" [_thread_blocked, id=2348, stack(0x000000601c300000,0x000000601c400000)]
  0x000002494f22b800 JavaThread "Daemon worker" [_thread_blocked, id=9928, stack(0x000000601c400000,0x000000601c500000)]
  0x000002494eb8a000 JavaThread "Asynchronous log dispatcher for DefaultDaemonConnection: socket connection from /127.0.0.1:54489 to /127.0.0.1:54490" [_thread_blocked, id=8456, stack(0x000000601c500000,0x000000601c600000)]
  0x000002494fcb1800 JavaThread "Daemon client event forwarder" [_thread_blocked, id=2220, stack(0x000000601c700000,0x000000601c800000)]
  0x000002494fcb1000 JavaThread "Cache worker for journal cache (C:\Users\Admin\.gradle\caches\journal-1)" [_thread_blocked, id=9520, stack(0x000000601c900000,0x000000601ca00000)]
  0x000002494fcb0000 JavaThread "File lock request listener" [_thread_in_native, id=9780, stack(0x000000601ca00000,0x000000601cb00000)]
  0x000002494fcb2800 JavaThread "Cache worker for file hash cache (C:\Users\Admin\.gradle\caches\7.2\fileHashes)" [_thread_blocked, id=11124, stack(0x000000601cb00000,0x000000601cc00000)]
  0x000002494fcb4000 JavaThread "Cache worker for file hash cache (D:\Appdev\kotlin\pratice\learnKotlin\.gradle\7.2\fileHashes)" [_thread_blocked, id=13816, stack(0x000000601cc00000,0x000000601cd00000)]
  0x000002494fcb5000 JavaThread "File watcher server" daemon [_thread_in_native, id=13652, stack(0x000000601cd00000,0x000000601ce00000)]
  0x000002494fcb5800 JavaThread "File watcher consumer" daemon [_thread_blocked, id=9476, stack(0x000000601ce00000,0x000000601cf00000)]
  0x000002494fcb6800 JavaThread "Cache worker for checksums cache (D:\Appdev\kotlin\pratice\learnKotlin\.gradle\checksums)" [_thread_blocked, id=408, stack(0x000000601cf00000,0x000000601d000000)]
  0x000002494fcb3800 JavaThread "Cache worker for cache directory md-supplier (C:\Users\Admin\.gradle\caches\7.2\md-supplier)" [_thread_blocked, id=14216, stack(0x000000601d000000,0x000000601d100000)]
  0x000002494fda8000 JavaThread "Cache worker for cache directory md-rule (C:\Users\Admin\.gradle\caches\7.2\md-rule)" [_thread_blocked, id=12456, stack(0x000000601d100000,0x000000601d200000)]
  0x000002494fda4000 JavaThread "Cache worker for execution history cache (C:\Users\Admin\.gradle\caches\7.2\executionHistory)" [_thread_blocked, id=9556, stack(0x000000601d300000,0x000000601d400000)]
  0x000002494fda3000 JavaThread "jar transforms" [_thread_blocked, id=14272, stack(0x000000601d400000,0x000000601d500000)]
  0x000002494fda5800 JavaThread "jar transforms Thread 2" [_thread_blocked, id=13608, stack(0x000000601d500000,0x000000601d600000)]
  0x000002494fda9800 JavaThread "Cache worker for file content cache (C:\Users\Admin\.gradle\caches\7.2\fileContent)" [_thread_blocked, id=13684, stack(0x000000601d600000,0x000000601d700000)]
  0x000002494fda6800 JavaThread "Cache worker for dependencies-accessors (D:\Appdev\kotlin\pratice\learnKotlin\.gradle\7.2\dependencies-accessors)" [_thread_blocked, id=3132, stack(0x000000601d700000,0x000000601d800000)]
  0x000002494fdaa800 JavaThread "jar transforms Thread 3" [_thread_blocked, id=6076, stack(0x000000601d200000,0x000000601d300000)]
  0x000002494fda4800 JavaThread "Cache worker for Build Output Cleanup Cache (D:\Appdev\kotlin\pratice\learnKotlin\.gradle\buildOutputCleanup)" [_thread_blocked, id=11544, stack(0x000000601d800000,0x000000601d900000)]
  0x000002494fdab000 JavaThread "Unconstrained build operations" [_thread_blocked, id=6640, stack(0x000000601d900000,0x000000601da00000)]
  0x000002494fdae800 JavaThread "Unconstrained build operations Thread 2" [_thread_blocked, id=7668, stack(0x000000601da00000,0x000000601db00000)]
  0x000002494fdac000 JavaThread "Unconstrained build operations Thread 3" [_thread_blocked, id=5472, stack(0x000000601db00000,0x000000601dc00000)]
  0x000002494fdaf800 JavaThread "Unconstrained build operations Thread 4" [_thread_blocked, id=6536, stack(0x000000601dc00000,0x000000601dd00000)]
  0x000002494fdb0000 JavaThread "Unconstrained build operations Thread 5" [_thread_blocked, id=5928, stack(0x000000601dd00000,0x000000601de00000)]
  0x000002494fdb1000 JavaThread "Unconstrained build operations Thread 6" [_thread_blocked, id=6792, stack(0x000000601de00000,0x000000601df00000)]
  0x000002494fdad000 JavaThread "Unconstrained build operations Thread 7" [_thread_blocked, id=1320, stack(0x000000601df00000,0x000000601e000000)]
  0x000002494fdad800 JavaThread "Unconstrained build operations Thread 8" [_thread_blocked, id=10476, stack(0x000000601e000000,0x000000601e100000)]
  0x000002494fdb1800 JavaThread "Unconstrained build operations Thread 9" [_thread_blocked, id=12252, stack(0x000000601e100000,0x000000601e200000)]
  0x000002494e7c4000 JavaThread "Unconstrained build operations Thread 10" [_thread_blocked, id=5136, stack(0x000000601e200000,0x000000601e300000)]
  0x000002494e7c4800 JavaThread "Unconstrained build operations Thread 11" [_thread_blocked, id=8700, stack(0x000000601e300000,0x000000601e400000)]
  0x000002494e7c5800 JavaThread "Unconstrained build operations Thread 12" [_thread_blocked, id=13828, stack(0x000000601e400000,0x000000601e500000)]
  0x000002494e7c6000 JavaThread "Unconstrained build operations Thread 13" [_thread_blocked, id=4596, stack(0x000000601e500000,0x000000601e600000)]
  0x000002494e7c8000 JavaThread "Unconstrained build operations Thread 14" [_thread_blocked, id=2264, stack(0x000000601e600000,0x000000601e700000)]
  0x000002494e7c8800 JavaThread "Unconstrained build operations Thread 15" [_thread_blocked, id=11956, stack(0x000000601e700000,0x000000601e800000)]
  0x000002494e7c3000 JavaThread "Unconstrained build operations Thread 16" [_thread_blocked, id=2808, stack(0x000000601e800000,0x000000601e900000)]
  0x000002494e7cc800 JavaThread "Unconstrained build operations Thread 17" [_thread_blocked, id=14332, stack(0x000000601e900000,0x000000601ea00000)]
  0x000002494e7cb000 JavaThread "Unconstrained build operations Thread 18" [_thread_blocked, id=5144, stack(0x000000601ea00000,0x000000601eb00000)]
  0x000002494e7c9800 JavaThread "Unconstrained build operations Thread 19" [_thread_blocked, id=3628, stack(0x000000601eb00000,0x000000601ec00000)]
  0x000002494e7c7000 JavaThread "Unconstrained build operations Thread 20" [_thread_blocked, id=5956, stack(0x000000601ec00000,0x000000601ed00000)]
  0x000002494e7cc000 JavaThread "Unconstrained build operations Thread 21" [_thread_blocked, id=9032, stack(0x000000601ed00000,0x000000601ee00000)]
  0x000002494e7cd800 JavaThread "Unconstrained build operations Thread 22" [_thread_blocked, id=10588, stack(0x000000601ee00000,0x000000601ef00000)]
  0x000002494e7ce800 JavaThread "Unconstrained build operations Thread 23" [_thread_blocked, id=5484, stack(0x000000601ef00000,0x000000601f000000)]
  0x000002494e7cf000 JavaThread "Unconstrained build operations Thread 24" [_thread_blocked, id=8056, stack(0x000000601f000000,0x000000601f100000)]
  0x000002494e7d0000 JavaThread "Unconstrained build operations Thread 25" [_thread_blocked, id=12900, stack(0x000000601f100000,0x000000601f200000)]
  0x000002494e7ca800 JavaThread "Unconstrained build operations Thread 26" [_thread_blocked, id=1068, stack(0x000000601f200000,0x000000601f300000)]
  0x000002494e7d1800 JavaThread "Unconstrained build operations Thread 27" [_thread_blocked, id=13440, stack(0x000000601f300000,0x000000601f400000)]
  0x000002494e7d1000 JavaThread "Unconstrained build operations Thread 28" [_thread_blocked, id=7820, stack(0x000000601f400000,0x000000601f500000)]
  0x000002494dd55800 JavaThread "Unconstrained build operations Thread 29" [_thread_blocked, id=11460, stack(0x000000601f500000,0x000000601f600000)]
  0x000002494dd54800 JavaThread "Unconstrained build operations Thread 30" [_thread_blocked, id=4876, stack(0x000000601f600000,0x000000601f700000)]
  0x000002494dd56800 JavaThread "Unconstrained build operations Thread 31" [_thread_blocked, id=12976, stack(0x000000601f700000,0x000000601f800000)]
  0x000002494dd57000 JavaThread "Unconstrained build operations Thread 32" [_thread_blocked, id=5236, stack(0x000000601f800000,0x000000601f900000)]
  0x000002494dd58000 JavaThread "Unconstrained build operations Thread 33" [_thread_blocked, id=5492, stack(0x000000601f900000,0x000000601fa00000)]
  0x000002494dd58800 JavaThread "Unconstrained build operations Thread 34" [_thread_blocked, id=13892, stack(0x000000601fa00000,0x000000601fb00000)]
  0x000002494dd53000 JavaThread "Unconstrained build operations Thread 35" [_thread_blocked, id=10072, stack(0x000000601fb00000,0x000000601fc00000)]
  0x000002494dd59800 JavaThread "Unconstrained build operations Thread 36" [_thread_blocked, id=11180, stack(0x000000601fc00000,0x000000601fd00000)]
  0x000002494dd54000 JavaThread "Unconstrained build operations Thread 37" [_thread_blocked, id=2028, stack(0x000000601fd00000,0x000000601fe00000)]
  0x000002494dd5e800 JavaThread "Unconstrained build operations Thread 38" [_thread_blocked, id=10000, stack(0x000000601fe00000,0x000000601ff00000)]
  0x000002494dd5d800 JavaThread "Unconstrained build operations Thread 39" [_thread_blocked, id=6568, stack(0x000000601ff00000,0x0000006020000000)]
  0x000002494dd5b000 JavaThread "Unconstrained build operations Thread 40" [_thread_blocked, id=1292, stack(0x0000006020000000,0x0000006020100000)]
  0x000002494dd5f000 JavaThread "jar transforms Thread 4" [_thread_blocked, id=3608, stack(0x0000006020100000,0x0000006020200000)]
  0x000002494dd60000 JavaThread "Memory manager" [_thread_blocked, id=7568, stack(0x0000006020300000,0x0000006020400000)]
  0x000002494dd5c000 JavaThread "build event listener" [_thread_blocked, id=9348, stack(0x0000006020200000,0x0000006020300000)]
  0x000002494dd5a800 JavaThread "build event listener" [_thread_blocked, id=14088, stack(0x0000006020700000,0x0000006020800000)]
  0x000002494dd61000 JavaThread "Execution worker for ':'" [_thread_in_native, id=11820, stack(0x0000006020800000,0x0000006020900000)]
  0x000002494dd61800 JavaThread "Execution worker for ':' Thread 2" [_thread_blocked, id=13864, stack(0x0000006020900000,0x0000006020a00000)]
  0x0000024957445000 JavaThread "Execution worker for ':' Thread 3" [_thread_blocked, id=14196, stack(0x0000006020a00000,0x0000006020b00000)]
  0x0000024957442000 JavaThread "Cache worker for execution history cache (D:\Appdev\kotlin\pratice\learnKotlin\.gradle\7.2\executionHistory)" [_thread_blocked, id=976, stack(0x0000006020b00000,0x0000006020c00000)]
  0x0000024957446000 JavaThread "WorkerExecutor Queue" [_thread_blocked, id=7456, stack(0x0000006020c00000,0x0000006020d00000)]
  0x0000024957443800 JavaThread "WorkerExecutor Queue Thread 2" [_thread_blocked, id=6928, stack(0x0000006020d00000,0x0000006020e00000)]
  0x0000024957440000 JavaThread "pool-3-thread-1" [_thread_blocked, id=6796, stack(0x0000006020e00000,0x0000006020f00000)]
  0x0000024957444800 JavaThread "stderr" [_thread_in_native, id=2324, stack(0x0000006020f00000,0x0000006021000000)]
  0x0000024957441000 JavaThread "stdout" [_thread_in_native, id=10596, stack(0x0000006021000000,0x0000006021100000)]
  0x0000024957447000 JavaThread "RMI Scheduler(0)" daemon [_thread_blocked, id=10484, stack(0x000000601a800000,0x000000601a900000)]
  0x0000024954df6800 JavaThread "RMI RenewClean-[127.0.0.1:17625,org.jetbrains.kotlin.daemon.common.LoopbackNetworkInterface$ClientLoopbackSocketFactory@71623a25]" daemon [_thread_blocked, id=1720, stack(0x000000601a900000,0x000000601aa00000)]
  0x0000024954df3000 JavaThread "RMI GC Daemon" daemon [_thread_blocked, id=10512, stack(0x000000601aa00000,0x000000601ab00000)]
  0x0000024954df5000 JavaThread "RMI TCP Accept-0" daemon [_thread_in_native, id=7900, stack(0x000000601c600000,0x000000601c700000)]
  0x0000024954df7000 JavaThread "RMI Reaper" [_thread_blocked, id=11712, stack(0x0000006020600000,0x0000006020700000)]
  0x0000024954df8000 JavaThread "RMI TCP Connection(1)-127.0.0.1" daemon [_thread_in_native, id=8392, stack(0x0000006021100000,0x0000006021200000)]

Other Threads:
  0x000002494ce04000 VMThread "VM Thread" [stack: 0x000000601b100000,0x000000601b200000] [id=5880]
  0x000002494d819800 WatcherThread [stack: 0x000000601bb00000,0x000000601bc00000] [id=9152]
  0x000002493323f800 GCTaskThread "GC Thread#0" [stack: 0x000000601ac00000,0x000000601ad00000] [id=7928]
  0x000002494dc01000 GCTaskThread "GC Thread#1" [stack: 0x000000601bd00000,0x000000601be00000] [id=12088]
  0x000002494da55000 GCTaskThread "GC Thread#2" [stack: 0x000000601be00000,0x000000601bf00000] [id=5340]
  0x000002494f027000 GCTaskThread "GC Thread#3" [stack: 0x000000601c800000,0x000000601c900000] [id=13416]
  0x0000024933270000 ConcurrentGCThread "G1 Main Marker" [stack: 0x000000601ad00000,0x000000601ae00000] [id=8716]
  0x0000024933271800 ConcurrentGCThread "G1 Conc#0" [stack: 0x000000601ae00000,0x000000601af00000] [id=2768]
  0x000002494cc60800 ConcurrentGCThread "G1 Refine#0" [stack: 0x000000601af00000,0x000000601b000000] [id=5768]
  0x000002494cc61000 ConcurrentGCThread "G1 Young RemSet Sampling" [stack: 0x000000601b000000,0x000000601b100000] [id=4360]

Threads with active compile tasks:
C2 CompilerThread0  84458 13711       4       java.lang.reflect.AccessibleObject::checkCanSetAccessible (386 bytes)

VM state:not at safepoint (normal execution)

VM Mutex/Monitor currently owned by a thread: None

Heap address: 0x0000000080000000, size: 2048 MB, Compressed Oops mode: 32-bit
Narrow klass base: 0x0000000000000000, Narrow klass shift: 3
Compressed class space size: 1073741824 Address: 0x0000000100000000

Heap:
 garbage-first heap   total 189440K, used 132585K [0x0000000080000000, 0x0000000100000000)
  region size 1024K, 23 young (23552K), 4 survivors (4096K)
 Metaspace       used 103932K, capacity 106510K, committed 106844K, reserved 1142784K
  class space    used 13260K, capacity 14220K, committed 14336K, reserved 1048576K
Heap Regions: E=young(eden), S=young(survivor), O=old, HS=humongous(starts), HC=humongous(continues), CS=collection set, F=free, A=archive, TAMS=top-at-mark-start (previous, next)
|   0|0x0000000080000000, 0x0000000080100000, 0x0000000080100000|100%| O|  |TAMS 0x0000000080100000, 0x0000000080000000| Untracked 
|   1|0x0000000080100000, 0x0000000080200000, 0x0000000080200000|100%| O|  |TAMS 0x0000000080200000, 0x0000000080100000| Complete 
|   2|0x0000000080200000, 0x0000000080300000, 0x0000000080300000|100%| O|  |TAMS 0x0000000080300000, 0x0000000080200000| Untracked 
|   3|0x0000000080300000, 0x0000000080400000, 0x0000000080400000|100%|HS|  |TAMS 0x0000000080400000, 0x0000000080300000| Complete 
|   4|0x0000000080400000, 0x0000000080500000, 0x0000000080500000|100%|HC|  |TAMS 0x0000000080500000, 0x0000000080400000| Complete 
|   5|0x0000000080500000, 0x0000000080600000, 0x0000000080600000|100%|HC|  |TAMS 0x0000000080600000, 0x0000000080500000| Complete 
|   6|0x0000000080600000, 0x0000000080700000, 0x0000000080700000|100%| O|  |TAMS 0x0000000080700000, 0x0000000080600000| Untracked 
|   7|0x0000000080700000, 0x0000000080800000, 0x0000000080800000|100%| O|  |TAMS 0x0000000080800000, 0x0000000080700000| Untracked 
|   8|0x0000000080800000, 0x0000000080900000, 0x0000000080900000|100%| O|  |TAMS 0x0000000080900000, 0x0000000080800000| Untracked 
|   9|0x0000000080900000, 0x0000000080a00000, 0x0000000080a00000|100%| O|  |TAMS 0x0000000080a00000, 0x0000000080900000| Untracked 
|  10|0x0000000080a00000, 0x0000000080b00000, 0x0000000080b00000|100%| O|  |TAMS 0x0000000080b00000, 0x0000000080a00000| Complete 
|  11|0x0000000080b00000, 0x0000000080c00000, 0x0000000080c00000|100%| O|  |TAMS 0x0000000080c00000, 0x0000000080b00000| Untracked 
|  12|0x0000000080c00000, 0x0000000080d00000, 0x0000000080d00000|100%| O|  |TAMS 0x0000000080d00000, 0x0000000080c00000| Untracked 
|  13|0x0000000080d00000, 0x0000000080e00000, 0x0000000080e00000|100%| O|  |TAMS 0x0000000080e00000, 0x0000000080d00000| Untracked 
|  14|0x0000000080e00000, 0x0000000080f00000, 0x0000000080f00000|100%| O|  |TAMS 0x0000000080f00000, 0x0000000080e00000| Untracked 
|  15|0x0000000080f00000, 0x0000000081000000, 0x0000000081000000|100%| O|  |TAMS 0x0000000081000000, 0x0000000080f00000| Untracked 
|  16|0x0000000081000000, 0x0000000081100000, 0x0000000081100000|100%| O|  |TAMS 0x0000000081100000, 0x0000000081000000| Untracked 
|  17|0x0000000081100000, 0x0000000081200000, 0x0000000081200000|100%| O|  |TAMS 0x0000000081200000, 0x0000000081100000| Untracked 
|  18|0x0000000081200000, 0x0000000081300000, 0x0000000081300000|100%| O|  |TAMS 0x0000000081300000, 0x0000000081200000| Untracked 
|  19|0x0000000081300000, 0x0000000081400000, 0x0000000081400000|100%| O|  |TAMS 0x0000000081400000, 0x0000000081300000| Untracked 
|  20|0x0000000081400000, 0x0000000081500000, 0x0000000081500000|100%| O|  |TAMS 0x0000000081500000, 0x0000000081400000| Untracked 
|  21|0x0000000081500000, 0x0000000081600000, 0x0000000081600000|100%| O|  |TAMS 0x0000000081600000, 0x0000000081500000| Untracked 
|  22|0x0000000081600000, 0x0000000081700000, 0x0000000081700000|100%| O|  |TAMS 0x0000000081700000, 0x0000000081600000| Untracked 
|  23|0x0000000081700000, 0x0000000081800000, 0x0000000081800000|100%|HS|  |TAMS 0x0000000081800000, 0x0000000081700000| Complete 
|  24|0x0000000081800000, 0x0000000081900000, 0x0000000081900000|100%|HS|  |TAMS 0x0000000081900000, 0x0000000081800000| Complete 
|  25|0x0000000081900000, 0x0000000081a00000, 0x0000000081a00000|100%|HS|  |TAMS 0x0000000081a00000, 0x0000000081900000| Complete 
|  26|0x0000000081a00000, 0x0000000081b00000, 0x0000000081b00000|100%|HS|  |TAMS 0x0000000081b00000, 0x0000000081a00000| Complete 
|  27|0x0000000081b00000, 0x0000000081c00000, 0x0000000081c00000|100%|HS|  |TAMS 0x0000000081c00000, 0x0000000081b00000| Complete 
|  28|0x0000000081c00000, 0x0000000081d00000, 0x0000000081d00000|100%|HC|  |TAMS 0x0000000081d00000, 0x0000000081c00000| Complete 
|  29|0x0000000081d00000, 0x0000000081e00000, 0x0000000081e00000|100%|HC|  |TAMS 0x0000000081e00000, 0x0000000081d00000| Complete 
|  30|0x0000000081e00000, 0x0000000081f00000, 0x0000000081f00000|100%|HS|  |TAMS 0x0000000081f00000, 0x0000000081e00000| Complete 
|  31|0x0000000081f00000, 0x0000000082000000, 0x0000000082000000|100%|HC|  |TAMS 0x0000000082000000, 0x0000000081f00000| Complete 
|  32|0x0000000082000000, 0x0000000082100000, 0x0000000082100000|100%| O|  |TAMS 0x0000000082100000, 0x0000000082000000| Untracked 
|  33|0x0000000082100000, 0x0000000082200000, 0x0000000082200000|100%| O|  |TAMS 0x0000000082200000, 0x0000000082100000| Untracked 
|  34|0x0000000082200000, 0x0000000082300000, 0x0000000082300000|100%| O|  |TAMS 0x0000000082300000, 0x0000000082200000| Untracked 
|  35|0x0000000082300000, 0x0000000082400000, 0x0000000082400000|100%| O|  |TAMS 0x0000000082400000, 0x0000000082300000| Untracked 
|  36|0x0000000082400000, 0x0000000082500000, 0x0000000082500000|100%| O|  |TAMS 0x0000000082500000, 0x0000000082400000| Complete 
|  37|0x0000000082500000, 0x0000000082600000, 0x0000000082600000|100%| O|  |TAMS 0x0000000082600000, 0x0000000082500000| Untracked 
|  38|0x0000000082600000, 0x0000000082700000, 0x0000000082700000|100%| O|  |TAMS 0x0000000082700000, 0x0000000082600000| Untracked 
|  39|0x0000000082700000, 0x0000000082800000, 0x0000000082800000|100%| O|  |TAMS 0x0000000082800000, 0x0000000082700000| Untracked 
|  40|0x0000000082800000, 0x0000000082900000, 0x0000000082900000|100%| O|  |TAMS 0x0000000082900000, 0x0000000082800000| Untracked 
|  41|0x0000000082900000, 0x0000000082a00000, 0x0000000082a00000|100%| O|  |TAMS 0x0000000082a00000, 0x0000000082900000| Untracked 
|  42|0x0000000082a00000, 0x0000000082b00000, 0x0000000082b00000|100%| O|  |TAMS 0x0000000082b00000, 0x0000000082a00000| Untracked 
|  43|0x0000000082b00000, 0x0000000082c00000, 0x0000000082c00000|100%| O|  |TAMS 0x0000000082c00000, 0x0000000082b00000| Untracked 
|  44|0x0000000082c00000, 0x0000000082d00000, 0x0000000082d00000|100%| O|  |TAMS 0x0000000082d00000, 0x0000000082c00000| Untracked 
|  45|0x0000000082d00000, 0x0000000082e00000, 0x0000000082e00000|100%| O|  |TAMS 0x0000000082e00000, 0x0000000082d00000| Untracked 
|  46|0x0000000082e00000, 0x0000000082f00000, 0x0000000082f00000|100%| O|  |TAMS 0x0000000082f00000, 0x0000000082e00000| Untracked 
|  47|0x0000000082f00000, 0x0000000083000000, 0x0000000083000000|100%| O|  |TAMS 0x0000000083000000, 0x0000000082f00000| Untracked 
|  48|0x0000000083000000, 0x0000000083100000, 0x0000000083100000|100%| O|  |TAMS 0x0000000083100000, 0x0000000083000000| Complete 
|  49|0x0000000083100000, 0x0000000083200000, 0x0000000083200000|100%| O|  |TAMS 0x0000000083200000, 0x0000000083100000| Complete 
|  50|0x0000000083200000, 0x0000000083300000, 0x0000000083300000|100%| O|  |TAMS 0x0000000083300000, 0x0000000083200000| Untracked 
|  51|0x0000000083300000, 0x0000000083400000, 0x0000000083400000|100%| O|  |TAMS 0x0000000083400000, 0x0000000083300000| Untracked 
|  52|0x0000000083400000, 0x0000000083500000, 0x0000000083500000|100%| O|  |TAMS 0x0000000083500000, 0x0000000083400000| Untracked 
|  53|0x0000000083500000, 0x0000000083600000, 0x0000000083600000|100%| O|  |TAMS 0x0000000083600000, 0x0000000083500000| Untracked 
|  54|0x0000000083600000, 0x0000000083700000, 0x0000000083700000|100%| O|  |TAMS 0x0000000083700000, 0x0000000083600000| Untracked 
|  55|0x0000000083700000, 0x0000000083800000, 0x0000000083800000|100%| O|  |TAMS 0x0000000083800000, 0x0000000083700000| Untracked 
|  56|0x0000000083800000, 0x0000000083900000, 0x0000000083900000|100%| O|  |TAMS 0x0000000083900000, 0x0000000083800000| Untracked 
|  57|0x0000000083900000, 0x0000000083a00000, 0x0000000083a00000|100%| O|  |TAMS 0x0000000083a00000, 0x0000000083900000| Untracked 
|  58|0x0000000083a00000, 0x0000000083b00000, 0x0000000083b00000|100%| O|  |TAMS 0x0000000083b00000, 0x0000000083a00000| Untracked 
|  59|0x0000000083b00000, 0x0000000083c00000, 0x0000000083c00000|100%| O|  |TAMS 0x0000000083c00000, 0x0000000083b00000| Untracked 
|  60|0x0000000083c00000, 0x0000000083d00000, 0x0000000083d00000|100%| O|  |TAMS 0x0000000083d00000, 0x0000000083c00000| Complete 
|  61|0x0000000083d00000, 0x0000000083e00000, 0x0000000083e00000|100%| O|  |TAMS 0x0000000083e00000, 0x0000000083d00000| Untracked 
|  62|0x0000000083e00000, 0x0000000083f00000, 0x0000000083f00000|100%| O|  |TAMS 0x0000000083f00000, 0x0000000083e00000| Untracked 
|  63|0x0000000083f00000, 0x0000000084000000, 0x0000000084000000|100%| O|  |TAMS 0x0000000084000000, 0x0000000083f00000| Untracked 
|  64|0x0000000084000000, 0x0000000084100000, 0x0000000084100000|100%| O|  |TAMS 0x0000000084100000, 0x0000000084000000| Untracked 
|  65|0x0000000084100000, 0x0000000084200000, 0x0000000084200000|100%| O|  |TAMS 0x0000000084200000, 0x0000000084100000| Untracked 
|  66|0x0000000084200000, 0x0000000084300000, 0x0000000084300000|100%| O|  |TAMS 0x0000000084300000, 0x0000000084200000| Untracked 
|  67|0x0000000084300000, 0x0000000084400000, 0x0000000084400000|100%| O|  |TAMS 0x0000000084400000, 0x0000000084300000| Complete 
|  68|0x0000000084400000, 0x0000000084500000, 0x0000000084500000|100%| O|  |TAMS 0x0000000084500000, 0x0000000084400000| Untracked 
|  69|0x0000000084500000, 0x0000000084600000, 0x0000000084600000|100%| O|  |TAMS 0x0000000084600000, 0x0000000084500000| Untracked 
|  70|0x0000000084600000, 0x0000000084700000, 0x0000000084700000|100%| O|  |TAMS 0x0000000084700000, 0x0000000084600000| Untracked 
|  71|0x0000000084700000, 0x0000000084800000, 0x0000000084800000|100%| O|  |TAMS 0x0000000084800000, 0x0000000084700000| Complete 
|  72|0x0000000084800000, 0x0000000084900000, 0x0000000084900000|100%| O|  |TAMS 0x0000000084900000, 0x0000000084800000| Complete 
|  73|0x0000000084900000, 0x0000000084a00000, 0x0000000084a00000|100%| O|  |TAMS 0x0000000084a00000, 0x0000000084900000| Complete 
|  74|0x0000000084a00000, 0x0000000084b00000, 0x0000000084b00000|100%| O|  |TAMS 0x0000000084b00000, 0x0000000084a00000| Untracked 
|  75|0x0000000084b00000, 0x0000000084c00000, 0x0000000084c00000|100%| O|  |TAMS 0x0000000084c00000, 0x0000000084b00000| Untracked 
|  76|0x0000000084c00000, 0x0000000084d00000, 0x0000000084d00000|100%| O|  |TAMS 0x0000000084d00000, 0x0000000084c00000| Untracked 
|  77|0x0000000084d00000, 0x0000000084e00000, 0x0000000084e00000|100%| O|  |TAMS 0x0000000084e00000, 0x0000000084d00000| Untracked 
|  78|0x0000000084e00000, 0x0000000084f00000, 0x0000000084f00000|100%| O|  |TAMS 0x0000000084f00000, 0x0000000084e00000| Untracked 
|  79|0x0000000084f00000, 0x0000000085000000, 0x0000000085000000|100%| O|  |TAMS 0x0000000085000000, 0x0000000084f00000| Complete 
|  80|0x0000000085000000, 0x0000000085100000, 0x0000000085100000|100%| O|  |TAMS 0x0000000085100000, 0x0000000085000000| Complete 
|  81|0x0000000085100000, 0x0000000085200000, 0x0000000085200000|100%| O|  |TAMS 0x0000000085200000, 0x0000000085100000| Complete 
|  82|0x0000000085200000, 0x0000000085300000, 0x0000000085300000|100%| O|  |TAMS 0x0000000085300000, 0x0000000085200000| Complete 
|  83|0x0000000085300000, 0x0000000085400000, 0x0000000085400000|100%| O|  |TAMS 0x0000000085400000, 0x0000000085300000| Complete 
|  84|0x0000000085400000, 0x0000000085500000, 0x0000000085500000|100%| O|  |TAMS 0x0000000085500000, 0x0000000085400000| Untracked 
|  85|0x0000000085500000, 0x0000000085600000, 0x0000000085600000|100%| O|  |TAMS 0x0000000085600000, 0x0000000085500000| Untracked 
|  86|0x0000000085600000, 0x0000000085700000, 0x0000000085700000|100%| O|  |TAMS 0x0000000085700000, 0x0000000085600000| Untracked 
|  87|0x0000000085700000, 0x0000000085800000, 0x0000000085800000|100%| O|  |TAMS 0x0000000085800000, 0x0000000085700000| Complete 
|  88|0x0000000085800000, 0x0000000085900000, 0x0000000085900000|100%| O|  |TAMS 0x0000000085900000, 0x0000000085800000| Complete 
|  89|0x0000000085900000, 0x0000000085a00000, 0x0000000085a00000|100%| O|  |TAMS 0x0000000085a00000, 0x0000000085900000| Complete 
|  90|0x0000000085a00000, 0x0000000085b00000, 0x0000000085b00000|100%| O|  |TAMS 0x0000000085b00000, 0x0000000085a00000| Complete 
|  91|0x0000000085b00000, 0x0000000085c00000, 0x0000000085c00000|100%| O|  |TAMS 0x0000000085c00000, 0x0000000085b00000| Untracked 
|  92|0x0000000085c00000, 0x0000000085d00000, 0x0000000085d00000|100%| O|  |TAMS 0x0000000085d00000, 0x0000000085c00000| Complete 
|  93|0x0000000085d00000, 0x0000000085e00000, 0x0000000085e00000|100%| O|  |TAMS 0x0000000085e00000, 0x0000000085d00000| Complete 
|  94|0x0000000085e00000, 0x0000000085f00000, 0x0000000085f00000|100%| O|  |TAMS 0x0000000085f00000, 0x0000000085e00000| Untracked 
|  95|0x0000000085f00000, 0x0000000086000000, 0x0000000086000000|100%| O|  |TAMS 0x0000000086000000, 0x0000000085f00000| Untracked 
|  96|0x0000000086000000, 0x0000000086100000, 0x0000000086100000|100%| O|  |TAMS 0x0000000086100000, 0x0000000086000000| Untracked 
|  97|0x0000000086100000, 0x0000000086200000, 0x0000000086200000|100%| O|  |TAMS 0x0000000086200000, 0x0000000086100000| Complete 
|  98|0x0000000086200000, 0x0000000086300000, 0x0000000086300000|100%| O|  |TAMS 0x0000000086300000, 0x0000000086200000| Untracked 
|  99|0x0000000086300000, 0x0000000086400000, 0x0000000086400000|100%| O|  |TAMS 0x0000000086400000, 0x0000000086300000| Complete 
| 100|0x0000000086400000, 0x0000000086500000, 0x0000000086500000|100%| O|  |TAMS 0x0000000086500000, 0x0000000086400000| Untracked 
| 101|0x0000000086500000, 0x0000000086600000, 0x0000000086600000|100%| O|  |TAMS 0x0000000086600000, 0x0000000086500000| Complete 
| 102|0x0000000086600000, 0x0000000086700000, 0x0000000086700000|100%| O|  |TAMS 0x0000000086700000, 0x0000000086600000| Untracked 
| 103|0x0000000086700000, 0x0000000086800000, 0x0000000086800000|100%| O|  |TAMS 0x0000000086800000, 0x0000000086700000| Untracked 
| 104|0x0000000086800000, 0x0000000086900000, 0x0000000086900000|100%| O|  |TAMS 0x0000000086900000, 0x0000000086800000| Untracked 
| 105|0x0000000086900000, 0x0000000086a00000, 0x0000000086a00000|100%| O|  |TAMS 0x0000000086a00000, 0x0000000086900000| Untracked 
| 106|0x0000000086a00000, 0x0000000086b00000, 0x0000000086b00000|100%| O|  |TAMS 0x0000000086b00000, 0x0000000086a00000| Complete 
| 107|0x0000000086b00000, 0x0000000086b00000, 0x0000000086c00000|  0%| F|  |TAMS 0x0000000086b00000, 0x0000000086b00000| Untracked 
| 108|0x0000000086c00000, 0x0000000086c00000, 0x0000000086d00000|  0%| F|  |TAMS 0x0000000086c00000, 0x0000000086c00000| Untracked 
| 109|0x0000000086d00000, 0x0000000086d00000, 0x0000000086e00000|  0%| F|  |TAMS 0x0000000086d00000, 0x0000000086d00000| Untracked 
| 110|0x0000000086e00000, 0x0000000086e00000, 0x0000000086f00000|  0%| F|  |TAMS 0x0000000086e00000, 0x0000000086e00000| Untracked 
| 111|0x0000000086f00000, 0x0000000086f00000, 0x0000000087000000|  0%| F|  |TAMS 0x0000000086f00000, 0x0000000086f00000| Untracked 
| 112|0x0000000087000000, 0x0000000087000000, 0x0000000087100000|  0%| F|  |TAMS 0x0000000087000000, 0x0000000087000000| Untracked 
| 113|0x0000000087100000, 0x0000000087100000, 0x0000000087200000|  0%| F|  |TAMS 0x0000000087100000, 0x0000000087100000| Untracked 
| 114|0x0000000087200000, 0x0000000087200000, 0x0000000087300000|  0%| F|  |TAMS 0x0000000087200000, 0x0000000087200000| Untracked 
| 115|0x0000000087300000, 0x0000000087400000, 0x0000000087400000|100%| O|  |TAMS 0x0000000087400000, 0x0000000087300000| Complete 
| 116|0x0000000087400000, 0x0000000087400000, 0x0000000087500000|  0%| F|  |TAMS 0x0000000087400000, 0x0000000087400000| Untracked 
| 117|0x0000000087500000, 0x0000000087500000, 0x0000000087600000|  0%| F|  |TAMS 0x0000000087500000, 0x0000000087500000| Untracked 
| 118|0x0000000087600000, 0x0000000087600000, 0x0000000087700000|  0%| F|  |TAMS 0x0000000087600000, 0x0000000087600000| Untracked 
| 119|0x0000000087700000, 0x0000000087700000, 0x0000000087800000|  0%| F|  |TAMS 0x0000000087700000, 0x0000000087700000| Untracked 
| 120|0x0000000087800000, 0x0000000087800000, 0x0000000087900000|  0%| F|  |TAMS 0x0000000087800000, 0x0000000087800000| Untracked 
| 121|0x0000000087900000, 0x0000000087900000, 0x0000000087a00000|  0%| F|  |TAMS 0x0000000087900000, 0x0000000087900000| Untracked 
| 122|0x0000000087a00000, 0x0000000087a00000, 0x0000000087b00000|  0%| F|  |TAMS 0x0000000087a00000, 0x0000000087a00000| Untracked 
| 123|0x0000000087b00000, 0x0000000087b00000, 0x0000000087c00000|  0%| F|  |TAMS 0x0000000087b00000, 0x0000000087b00000| Untracked 
| 124|0x0000000087c00000, 0x0000000087c00000, 0x0000000087d00000|  0%| F|  |TAMS 0x0000000087c00000, 0x0000000087c00000| Untracked 
| 125|0x0000000087d00000, 0x0000000087d00000, 0x0000000087e00000|  0%| F|  |TAMS 0x0000000087d00000, 0x0000000087d00000| Untracked 
| 126|0x0000000087e00000, 0x0000000087e00000, 0x0000000087f00000|  0%| F|  |TAMS 0x0000000087e00000, 0x0000000087e00000| Untracked 
| 127|0x0000000087f00000, 0x0000000087f00000, 0x0000000088000000|  0%| F|  |TAMS 0x0000000087f00000, 0x0000000087f00000| Untracked 
| 128|0x0000000088000000, 0x0000000088000000, 0x0000000088100000|  0%| F|  |TAMS 0x0000000088000000, 0x0000000088000000| Untracked 
| 129|0x0000000088100000, 0x0000000088100000, 0x0000000088200000|  0%| F|  |TAMS 0x0000000088100000, 0x0000000088100000| Untracked 
| 130|0x0000000088200000, 0x0000000088200000, 0x0000000088300000|  0%| F|  |TAMS 0x0000000088200000, 0x0000000088200000| Untracked 
| 131|0x0000000088300000, 0x0000000088300000, 0x0000000088400000|  0%| F|  |TAMS 0x0000000088300000, 0x0000000088300000| Untracked 
| 132|0x0000000088400000, 0x0000000088400000, 0x0000000088500000|  0%| F|  |TAMS 0x0000000088400000, 0x0000000088400000| Untracked 
| 133|0x0000000088500000, 0x0000000088500000, 0x0000000088600000|  0%| F|  |TAMS 0x0000000088500000, 0x0000000088500000| Untracked 
| 134|0x0000000088600000, 0x0000000088600000, 0x0000000088700000|  0%| F|  |TAMS 0x0000000088600000, 0x0000000088600000| Untracked 
| 135|0x0000000088700000, 0x0000000088700000, 0x0000000088800000|  0%| F|  |TAMS 0x0000000088700000, 0x0000000088700000| Untracked 
| 136|0x0000000088800000, 0x0000000088800000, 0x0000000088900000|  0%| F|  |TAMS 0x0000000088800000, 0x0000000088800000| Untracked 
| 137|0x0000000088900000, 0x0000000088900000, 0x0000000088a00000|  0%| F|  |TAMS 0x0000000088900000, 0x0000000088900000| Untracked 
| 138|0x0000000088a00000, 0x0000000088a7a510, 0x0000000088b00000| 47%| S|CS|TAMS 0x0000000088a00000, 0x0000000088a00000| Complete 
| 139|0x0000000088b00000, 0x0000000088c00000, 0x0000000088c00000|100%| S|CS|TAMS 0x0000000088b00000, 0x0000000088b00000| Complete 
| 140|0x0000000088c00000, 0x0000000088d00000, 0x0000000088d00000|100%| S|CS|TAMS 0x0000000088c00000, 0x0000000088c00000| Complete 
| 141|0x0000000088d00000, 0x0000000088e00000, 0x0000000088e00000|100%| S|CS|TAMS 0x0000000088d00000, 0x0000000088d00000| Complete 
| 142|0x0000000088e00000, 0x0000000088e00000, 0x0000000088f00000|  0%| F|  |TAMS 0x0000000088e00000, 0x0000000088e00000| Untracked 
| 143|0x0000000088f00000, 0x0000000088f00000, 0x0000000089000000|  0%| F|  |TAMS 0x0000000088f00000, 0x0000000088f00000| Untracked 
| 144|0x0000000089000000, 0x0000000089000000, 0x0000000089100000|  0%| F|  |TAMS 0x0000000089000000, 0x0000000089000000| Untracked 
| 145|0x0000000089100000, 0x0000000089100000, 0x0000000089200000|  0%| F|  |TAMS 0x0000000089100000, 0x0000000089100000| Untracked 
| 146|0x0000000089200000, 0x0000000089200000, 0x0000000089300000|  0%| F|  |TAMS 0x0000000089200000, 0x0000000089200000| Untracked 
| 147|0x0000000089300000, 0x0000000089300000, 0x0000000089400000|  0%| F|  |TAMS 0x0000000089300000, 0x0000000089300000| Untracked 
| 148|0x0000000089400000, 0x0000000089400000, 0x0000000089500000|  0%| F|  |TAMS 0x0000000089400000, 0x0000000089400000| Untracked 
| 149|0x0000000089500000, 0x0000000089500000, 0x0000000089600000|  0%| F|  |TAMS 0x0000000089500000, 0x0000000089500000| Untracked 
| 150|0x0000000089600000, 0x0000000089600000, 0x0000000089700000|  0%| F|  |TAMS 0x0000000089600000, 0x0000000089600000| Untracked 
| 151|0x0000000089700000, 0x0000000089700000, 0x0000000089800000|  0%| F|  |TAMS 0x0000000089700000, 0x0000000089700000| Untracked 
| 152|0x0000000089800000, 0x0000000089800000, 0x0000000089900000|  0%| F|  |TAMS 0x0000000089800000, 0x0000000089800000| Untracked 
| 153|0x0000000089900000, 0x0000000089900000, 0x0000000089a00000|  0%| F|  |TAMS 0x0000000089900000, 0x0000000089900000| Untracked 
| 154|0x0000000089a00000, 0x0000000089a00000, 0x0000000089b00000|  0%| F|  |TAMS 0x0000000089a00000, 0x0000000089a00000| Untracked 
| 155|0x0000000089b00000, 0x0000000089b00000, 0x0000000089c00000|  0%| F|  |TAMS 0x0000000089b00000, 0x0000000089b00000| Untracked 
| 156|0x0000000089c00000, 0x0000000089c00000, 0x0000000089d00000|  0%| F|  |TAMS 0x0000000089c00000, 0x0000000089c00000| Untracked 
| 157|0x0000000089d00000, 0x0000000089d00000, 0x0000000089e00000|  0%| F|  |TAMS 0x0000000089d00000, 0x0000000089d00000| Untracked 
| 158|0x0000000089e00000, 0x0000000089e00000, 0x0000000089f00000|  0%| F|  |TAMS 0x0000000089e00000, 0x0000000089e00000| Untracked 
| 159|0x0000000089f00000, 0x0000000089f00000, 0x000000008a000000|  0%| F|  |TAMS 0x0000000089f00000, 0x0000000089f00000| Untracked 
| 160|0x000000008a000000, 0x000000008a000000, 0x000000008a100000|  0%| F|  |TAMS 0x000000008a000000, 0x000000008a000000| Untracked 
| 161|0x000000008a100000, 0x000000008a100000, 0x000000008a200000|  0%| F|  |TAMS 0x000000008a100000, 0x000000008a100000| Untracked 
| 162|0x000000008a200000, 0x000000008a200000, 0x000000008a300000|  0%| F|  |TAMS 0x000000008a200000, 0x000000008a200000| Untracked 
| 163|0x000000008a300000, 0x000000008a300000, 0x000000008a400000|  0%| F|  |TAMS 0x000000008a300000, 0x000000008a300000| Untracked 
| 164|0x000000008a400000, 0x000000008a400000, 0x000000008a500000|  0%| F|  |TAMS 0x000000008a400000, 0x000000008a400000| Untracked 
| 165|0x000000008a500000, 0x000000008a500000, 0x000000008a600000|  0%| F|  |TAMS 0x000000008a500000, 0x000000008a500000| Untracked 
| 166|0x000000008a600000, 0x000000008a680800, 0x000000008a700000| 50%| E|  |TAMS 0x000000008a600000, 0x000000008a600000| Complete 
| 167|0x000000008a700000, 0x000000008a800000, 0x000000008a800000|100%| E|CS|TAMS 0x000000008a700000, 0x000000008a700000| Complete 
| 168|0x000000008a800000, 0x000000008a900000, 0x000000008a900000|100%| E|CS|TAMS 0x000000008a800000, 0x000000008a800000| Complete 
| 169|0x000000008a900000, 0x000000008aa00000, 0x000000008aa00000|100%| E|CS|TAMS 0x000000008a900000, 0x000000008a900000| Complete 
| 170|0x000000008aa00000, 0x000000008ab00000, 0x000000008ab00000|100%| E|CS|TAMS 0x000000008aa00000, 0x000000008aa00000| Complete 
| 171|0x000000008ab00000, 0x000000008ac00000, 0x000000008ac00000|100%| E|CS|TAMS 0x000000008ab00000, 0x000000008ab00000| Complete 
| 172|0x000000008ac00000, 0x000000008ad00000, 0x000000008ad00000|100%| E|CS|TAMS 0x000000008ac00000, 0x000000008ac00000| Complete 
| 173|0x000000008ad00000, 0x000000008ae00000, 0x000000008ae00000|100%| E|CS|TAMS 0x000000008ad00000, 0x000000008ad00000| Complete 
| 174|0x000000008ae00000, 0x000000008af00000, 0x000000008af00000|100%| E|CS|TAMS 0x000000008ae00000, 0x000000008ae00000| Complete 
| 175|0x000000008af00000, 0x000000008b000000, 0x000000008b000000|100%| E|CS|TAMS 0x000000008af00000, 0x000000008af00000| Complete 
| 176|0x000000008b000000, 0x000000008b100000, 0x000000008b100000|100%| E|CS|TAMS 0x000000008b000000, 0x000000008b000000| Complete 
| 177|0x000000008b100000, 0x000000008b200000, 0x000000008b200000|100%| E|CS|TAMS 0x000000008b100000, 0x000000008b100000| Complete 
| 178|0x000000008b200000, 0x000000008b300000, 0x000000008b300000|100%| E|CS|TAMS 0x000000008b200000, 0x000000008b200000| Complete 
| 179|0x000000008b300000, 0x000000008b400000, 0x000000008b400000|100%| E|CS|TAMS 0x000000008b300000, 0x000000008b300000| Complete 
| 180|0x000000008b400000, 0x000000008b500000, 0x000000008b500000|100%| E|CS|TAMS 0x000000008b400000, 0x000000008b400000| Complete 
| 181|0x000000008b500000, 0x000000008b600000, 0x000000008b600000|100%| E|CS|TAMS 0x000000008b500000, 0x000000008b500000| Complete 
| 182|0x000000008b600000, 0x000000008b700000, 0x000000008b700000|100%| E|CS|TAMS 0x000000008b600000, 0x000000008b600000| Complete 
| 183|0x000000008b700000, 0x000000008b800000, 0x000000008b800000|100%| E|CS|TAMS 0x000000008b700000, 0x000000008b700000| Complete 
| 184|0x000000008b800000, 0x000000008b900000, 0x000000008b900000|100%| E|CS|TAMS 0x000000008b800000, 0x000000008b800000| Complete 

Card table byte_map: [0x0000024946120000,0x0000024946520000] _byte_map_base: 0x0000024945d20000

Marking Bits (Prev, Next): (CMBitMap*) 0x00000249332671b8, (CMBitMap*) 0x00000249332671f0
 Prev Bits: [0x0000024946920000, 0x0000024948920000)
 Next Bits: [0x0000024948920000, 0x000002494a920000)

Polling page: 0x00000249313d0000

Metaspace:

Usage:
  Non-class:     90.13 MB capacity,    88.55 MB ( 98%) used,     1.29 MB (  1%) free+waste,   291.81 KB ( <1%) overhead. 
      Class:     13.89 MB capacity,    12.95 MB ( 93%) used,   829.72 KB (  6%) free+waste,   130.06 KB ( <1%) overhead. 
       Both:    104.01 MB capacity,   101.50 MB ( 98%) used,     2.10 MB (  2%) free+waste,   421.88 KB ( <1%) overhead. 

Virtual space:
  Non-class space:       92.00 MB reserved,      90.34 MB ( 98%) committed 
      Class space:        1.00 GB reserved,      14.00 MB (  1%) committed 
             Both:        1.09 GB reserved,     104.34 MB (  9%) committed 

Chunk freelists:
   Non-Class:  0 bytes
       Class:  0 bytes
        Both:  0 bytes

MaxMetaspaceSize: 17179869184.00 GB
CompressedClassSpaceSize: 1.00 GB

CodeHeap 'non-profiled nmethods': size=120064Kb used=9199Kb max_used=9199Kb free=110864Kb
 bounds [0x000002493e7e0000, 0x000002493f0e0000, 0x0000024945d20000]
CodeHeap 'profiled nmethods': size=120000Kb used=29848Kb max_used=29848Kb free=90151Kb
 bounds [0x00000249372b0000, 0x0000024938fe0000, 0x000002493e7e0000]
CodeHeap 'non-nmethods': size=5696Kb used=2347Kb max_used=2377Kb free=3348Kb
 bounds [0x0000024936d20000, 0x0000024936f90000, 0x00000249372b0000]
 total_blobs=14605 nmethods=13630 adapters=886
 compilation: enabled
              stopped_count=0, restarted_count=0
 full_count=0

Compilation events (20 events):
Event: 83.718 Thread 0x000002494ce40000 13712       3       java.io.ObjectInputStream$PeekInputStream::read (47 bytes)
Event: 83.718 Thread 0x000002494ce40000 nmethod 13712 0x0000024938fca290 code [0x0000024938fca460, 0x0000024938fca6e8]
Event: 83.721 Thread 0x000002494ce3f000 nmethod 13710 0x000002493f0d9710 code [0x000002493f0d98e0, 0x000002493f0da328]
Event: 83.721 Thread 0x000002494ce3f000 13711       4       java.lang.reflect.AccessibleObject::checkCanSetAccessible (386 bytes)
Event: 83.732 Thread 0x000002494ce40000 13714       3       java.lang.invoke.MemberName::getFactory (4 bytes)
Event: 83.732 Thread 0x000002494ce40000 nmethod 13714 0x0000024938fca790 code [0x0000024938fca940, 0x0000024938fcaa38]
Event: 83.745 Thread 0x000002494ce40000 13718       3       java.lang.invoke.MethodHandles::foldArguments (100 bytes)
Event: 83.746 Thread 0x000002494ce40000 nmethod 13718 0x0000024938fcaa90 code [0x0000024938fcace0, 0x0000024938fcb698]
Event: 83.746 Thread 0x000002494ce40000 13719       3       java.lang.invoke.LambdaFormEditor$Transform::of (9 bytes)
Event: 83.746 Thread 0x000002494ce40000 nmethod 13719 0x0000024938fcbb10 code [0x0000024938fcbcc0, 0x0000024938fcbdc8]
Event: 83.775 Thread 0x000002494ce40000 13720       3       java.lang.invoke.MethodType::insertParameterTypes (10 bytes)
Event: 83.776 Thread 0x000002494ce40000 nmethod 13720 0x0000024938fcbe90 code [0x0000024938fcc080, 0x0000024938fcc4b8]
Event: 83.805 Thread 0x000002494ce40000 13721       3       java.util.WeakHashMap::containsKey (14 bytes)
Event: 83.806 Thread 0x000002494ce40000 nmethod 13721 0x0000024938fcc610 code [0x0000024938fcc7c0, 0x0000024938fcc9c8]
Event: 83.815 Thread 0x000002494ce40000 13722       3       java.io.ObjectStreamField::getClassSignature (27 bytes)
Event: 83.816 Thread 0x000002494ce40000 nmethod 13722 0x0000024938fcca90 code [0x0000024938fccce0, 0x0000024938fcd3a8]
Event: 83.816 Thread 0x000002494ce40000 13723       3       java.io.Bits::getShort (18 bytes)
Event: 83.816 Thread 0x000002494ce40000 nmethod 13723 0x0000024938fcd610 code [0x0000024938fcd7c0, 0x0000024938fcd8f8]
Event: 83.837 Thread 0x000002494ce40000 13724       3       java.lang.Math::min (12 bytes)
Event: 83.837 Thread 0x000002494ce40000 nmethod 13724 0x0000024938fcda10 code [0x0000024938fcdbc0, 0x0000024938fcdcf8]

GC Heap History (20 events):
Event: 55.643 GC heap before
{Heap before GC invocations=24 (full 0):
 garbage-first heap   total 189440K, used 146793K [0x0000000080000000, 0x0000000100000000)
  region size 1024K, 39 young (39936K), 3 survivors (3072K)
 Metaspace       used 93852K, capacity 96114K, committed 96476K, reserved 1132544K
  class space    used 12001K, capacity 12804K, committed 12928K, reserved 1048576K
}
Event: 55.651 GC heap after
{Heap after GC invocations=25 (full 0):
 garbage-first heap   total 189440K, used 112790K [0x0000000080000000, 0x0000000100000000)
  region size 1024K, 5 young (5120K), 5 survivors (5120K)
 Metaspace       used 93852K, capacity 96114K, committed 96476K, reserved 1132544K
  class space    used 12001K, capacity 12804K, committed 12928K, reserved 1048576K
}
Event: 56.827 GC heap before
{Heap before GC invocations=26 (full 0):
 garbage-first heap   total 189440K, used 149654K [0x0000000080000000, 0x0000000100000000)
  region size 1024K, 42 young (43008K), 5 survivors (5120K)
 Metaspace       used 94793K, capacity 97087K, committed 97372K, reserved 1134592K
  class space    used 12117K, capacity 12968K, committed 13056K, reserved 1048576K
}
Event: 56.839 GC heap after
{Heap after GC invocations=27 (full 0):
 garbage-first heap   total 189440K, used 115048K [0x0000000080000000, 0x0000000100000000)
  region size 1024K, 5 young (5120K), 5 survivors (5120K)
 Metaspace       used 94793K, capacity 97087K, committed 97372K, reserved 1134592K
  class space    used 12117K, capacity 12968K, committed 13056K, reserved 1048576K
}
Event: 56.918 GC heap before
{Heap before GC invocations=27 (full 0):
 garbage-first heap   total 189440K, used 118120K [0x0000000080000000, 0x0000000100000000)
  region size 1024K, 9 young (9216K), 5 survivors (5120K)
 Metaspace       used 94883K, capacity 97215K, committed 97372K, reserved 1134592K
  class space    used 12131K, capacity 12968K, committed 13056K, reserved 1048576K
}
Event: 56.931 GC heap after
{Heap after GC invocations=28 (full 0):
 garbage-first heap   total 189440K, used 107254K [0x0000000080000000, 0x0000000100000000)
  region size 1024K, 1 young (1024K), 1 survivors (1024K)
 Metaspace       used 94883K, capacity 97215K, committed 97372K, reserved 1134592K
  class space    used 12131K, capacity 12968K, committed 13056K, reserved 1048576K
}
Event: 57.411 GC heap before
{Heap before GC invocations=28 (full 0):
 garbage-first heap   total 189440K, used 148214K [0x0000000080000000, 0x0000000100000000)
  region size 1024K, 42 young (43008K), 1 survivors (1024K)
 Metaspace       used 96595K, capacity 99040K, committed 99164K, reserved 1134592K
  class space    used 12361K, capacity 13192K, committed 13312K, reserved 1048576K
}
Event: 57.417 GC heap after
{Heap after GC invocations=29 (full 0):
 garbage-first heap   total 189440K, used 107851K [0x0000000080000000, 0x0000000100000000)
  region size 1024K, 2 young (2048K), 2 survivors (2048K)
 Metaspace       used 96595K, capacity 99040K, committed 99164K, reserved 1134592K
  class space    used 12361K, capacity 13192K, committed 13312K, reserved 1048576K
}
Event: 58.949 GC heap before
{Heap before GC invocations=30 (full 0):
 garbage-first heap   total 189440K, used 148811K [0x0000000080000000, 0x0000000100000000)
  region size 1024K, 45 young (46080K), 2 survivors (2048K)
 Metaspace       used 97847K, capacity 100206K, committed 100444K, reserved 1136640K
  class space    used 12489K, capacity 13305K, committed 13312K, reserved 1048576K
}
Event: 58.959 GC heap after
{Heap after GC invocations=31 (full 0):
 garbage-first heap   total 189440K, used 109272K [0x0000000080000000, 0x0000000100000000)
  region size 1024K, 5 young (5120K), 5 survivors (5120K)
 Metaspace       used 97847K, capacity 100206K, committed 100444K, reserved 1136640K
  class space    used 12489K, capacity 13305K, committed 13312K, reserved 1048576K
}
Event: 59.049 GC heap before
{Heap before GC invocations=31 (full 0):
 garbage-first heap   total 189440K, used 112344K [0x0000000080000000, 0x0000000100000000)
  region size 1024K, 9 young (9216K), 5 survivors (5120K)
 Metaspace       used 97848K, capacity 100206K, committed 100444K, reserved 1136640K
  class space    used 12489K, capacity 13305K, committed 13312K, reserved 1048576K
}
Event: 59.061 GC heap after
{Heap after GC invocations=32 (full 0):
 garbage-first heap   total 189440K, used 104833K [0x0000000080000000, 0x0000000100000000)
  region size 1024K, 1 young (1024K), 1 survivors (1024K)
 Metaspace       used 97848K, capacity 100206K, committed 100444K, reserved 1136640K
  class space    used 12489K, capacity 13305K, committed 13312K, reserved 1048576K
}
Event: 68.629 GC heap before
{Heap before GC invocations=32 (full 0):
 garbage-first heap   total 189440K, used 149889K [0x0000000080000000, 0x0000000100000000)
  region size 1024K, 46 young (47104K), 1 survivors (1024K)
 Metaspace       used 98649K, capacity 100999K, committed 101084K, reserved 1136640K
  class space    used 12572K, capacity 13377K, committed 13440K, reserved 1048576K
}
Event: 68.648 GC heap after
{Heap after GC invocations=33 (full 0):
 garbage-first heap   total 189440K, used 111485K [0x0000000080000000, 0x0000000100000000)
  region size 1024K, 6 young (6144K), 6 survivors (6144K)
 Metaspace       used 98649K, capacity 100999K, committed 101084K, reserved 1136640K
  class space    used 12572K, capacity 13377K, committed 13440K, reserved 1048576K
}
Event: 70.498 GC heap before
{Heap before GC invocations=34 (full 0):
 garbage-first heap   total 189440K, used 152445K [0x0000000080000000, 0x0000000100000000)
  region size 1024K, 47 young (48128K), 6 survivors (6144K)
 Metaspace       used 99281K, capacity 101681K, committed 101980K, reserved 1138688K
  class space    used 12640K, capacity 13476K, committed 13568K, reserved 1048576K
}
Event: 70.515 GC heap after
{Heap after GC invocations=35 (full 0):
 garbage-first heap   total 189440K, used 111700K [0x0000000080000000, 0x0000000100000000)
  region size 1024K, 2 young (2048K), 2 survivors (2048K)
 Metaspace       used 99281K, capacity 101681K, committed 101980K, reserved 1138688K
  class space    used 12640K, capacity 13476K, committed 13568K, reserved 1048576K
}
Event: 70.756 GC heap before
{Heap before GC invocations=35 (full 0):
 garbage-first heap   total 189440K, used 118868K [0x0000000080000000, 0x0000000100000000)
  region size 1024K, 9 young (9216K), 2 survivors (2048K)
 Metaspace       used 99785K, capacity 102193K, committed 102236K, reserved 1138688K
  class space    used 12698K, capacity 13540K, committed 13568K, reserved 1048576K
}
Event: 70.764 GC heap after
{Heap after GC invocations=36 (full 0):
 garbage-first heap   total 189440K, used 111342K [0x0000000080000000, 0x0000000100000000)
  region size 1024K, 1 young (1024K), 1 survivors (1024K)
 Metaspace       used 99785K, capacity 102193K, committed 102236K, reserved 1138688K
  class space    used 12698K, capacity 13540K, committed 13568K, reserved 1048576K
}
Event: 76.293 GC heap before
{Heap before GC invocations=36 (full 0):
 garbage-first heap   total 189440K, used 154350K [0x0000000080000000, 0x0000000100000000)
  region size 1024K, 43 young (44032K), 1 survivors (1024K)
 Metaspace       used 101830K, capacity 104233K, committed 104284K, reserved 1140736K
  class space    used 12932K, capacity 13786K, committed 13824K, reserved 1048576K
}
Event: 76.302 GC heap after
{Heap after GC invocations=37 (full 0):
 garbage-first heap   total 189440K, used 114153K [0x0000000080000000, 0x0000000100000000)
  region size 1024K, 4 young (4096K), 4 survivors (4096K)
 Metaspace       used 101830K, capacity 104233K, committed 104284K, reserved 1140736K
  class space    used 12932K, capacity 13786K, committed 13824K, reserved 1048576K
}

Deoptimization events (20 events):
Event: 83.250 Thread 0x000002494dd61000 Uncommon trap: trap_request=0xffffffde fr.pc=0x000002493e8fc794 relative=0x0000000000000334
Event: 83.250 Thread 0x000002494dd61000 Uncommon trap: reason=class_check action=maybe_recompile pc=0x000002493e8fc794 method=java.io.DataOutputStream.write(I)V @ 5 c2
Event: 83.250 Thread 0x000002494dd61000 DEOPT PACKING pc=0x000002493e8fc794 sp=0x00000060208f9df0
Event: 83.250 Thread 0x000002494dd61000 DEOPT UNPACKING pc=0x0000024936d4662f sp=0x00000060208f9dc8 mode 2
Event: 83.250 Thread 0x000002494dd61000 Uncommon trap: trap_request=0xffffffde fr.pc=0x000002493e8fc794 relative=0x0000000000000334
Event: 83.250 Thread 0x000002494dd61000 Uncommon trap: reason=class_check action=maybe_recompile pc=0x000002493e8fc794 method=java.io.DataOutputStream.write(I)V @ 5 c2
Event: 83.250 Thread 0x000002494dd61000 DEOPT PACKING pc=0x000002493e8fc794 sp=0x00000060208f9df0
Event: 83.250 Thread 0x000002494dd61000 DEOPT UNPACKING pc=0x0000024936d4662f sp=0x00000060208f9dc8 mode 2
Event: 83.250 Thread 0x000002494dd61000 Uncommon trap: trap_request=0xffffffde fr.pc=0x000002493e8fc794 relative=0x0000000000000334
Event: 83.250 Thread 0x000002494dd61000 Uncommon trap: reason=class_check action=maybe_recompile pc=0x000002493e8fc794 method=java.io.DataOutputStream.write(I)V @ 5 c2
Event: 83.250 Thread 0x000002494dd61000 DEOPT PACKING pc=0x000002493e8fc794 sp=0x00000060208f9df0
Event: 83.250 Thread 0x000002494dd61000 DEOPT UNPACKING pc=0x0000024936d4662f sp=0x00000060208f9dc8 mode 2
Event: 83.250 Thread 0x000002494dd61000 Uncommon trap: trap_request=0xffffffde fr.pc=0x000002493e8fc794 relative=0x0000000000000334
Event: 83.250 Thread 0x000002494dd61000 Uncommon trap: reason=class_check action=maybe_recompile pc=0x000002493e8fc794 method=java.io.DataOutputStream.write(I)V @ 5 c2
Event: 83.250 Thread 0x000002494dd61000 DEOPT PACKING pc=0x000002493e8fc794 sp=0x00000060208f9df0
Event: 83.250 Thread 0x000002494dd61000 DEOPT UNPACKING pc=0x0000024936d4662f sp=0x00000060208f9dc8 mode 2
Event: 83.251 Thread 0x000002494dd61000 Uncommon trap: trap_request=0xffffffde fr.pc=0x000002493e8d89ac relative=0x0000000000000b0c
Event: 83.251 Thread 0x000002494dd61000 Uncommon trap: reason=class_check action=maybe_recompile pc=0x000002493e8d89ac method=java.io.DataOutputStream.write(I)V @ 5 c2
Event: 83.252 Thread 0x000002494dd61000 DEOPT PACKING pc=0x000002493e8d89ac sp=0x00000060208f9e10
Event: 83.252 Thread 0x000002494dd61000 DEOPT UNPACKING pc=0x0000024936d4662f sp=0x00000060208f9da0 mode 2

Classes redefined (0 events):
No events

Internal exceptions (20 events):
Event: 68.617 Thread 0x0000024957446000 Exception <a 'sun/nio/fs/WindowsException'{0x0000000088b67570}> (0x0000000088b67570) thrown at [./src/hotspot/share/prims/jni.cpp, line 615]
Event: 68.620 Thread 0x0000024957446000 Implicit null exception at 0x000002493f001e00 to 0x000002493f001f6c
Event: 71.283 Thread 0x000002494dd61000 Implicit null exception at 0x000002493ec95eac to 0x000002493ec95eeb
Event: 71.436 Thread 0x000002494dd61000 Exception <a 'java/lang/NoSuchMethodError'{0x0000000089a66958}: 'int java.lang.invoke.DirectMethodHandle$Holder.invokeSpecial(java.lang.Object, java.lang.Object, java.lang.Object, java.lang.Object, java.lang.Object)'> (0x0000000089a66958) thrown at [./src/hotspot/share/interpreter/linkResolver.cpp, line 773]
Event: 83.535 Thread 0x000002494dd61000 Exception <a 'java/lang/NoSuchMethodError'{0x000000008aded7d8}: <clinit>> (0x000000008aded7d8) thrown at [./src/hotspot/share/prims/jni.cpp, line 1362]
Event: 83.536 Thread 0x000002494dd61000 Exception <a 'java/lang/NoSuchMethodError'{0x000000008adff5a0}: <clinit>> (0x000000008adff5a0) thrown at [./src/hotspot/share/prims/jni.cpp, line 1362]
Event: 83.580 Thread 0x000002494dd61000 Exception <a 'java/lang/NoSuchMethodError'{0x000000008ac9f648}: 'java.lang.Object java.lang.invoke.DirectMethodHandle$Holder.invokeSpecial(java.lang.Object, java.lang.Object, int, int, java.lang.Object, int, java.lang.Object, java.lang.Object)'> (0x000000008ac9f648) thrown at [./src/hotspot/share/interpreter/linkResolver.cpp, line 773]
Event: 83.582 Thread 0x000002494dd61000 Exception <a 'java/lang/NoSuchMethodError'{0x000000008aca39d0}: 'java.lang.Object java.lang.invoke.DelegatingMethodHandle$Holder.reinvoke_L(java.lang.Object, int, int, java.lang.Object, int, java.lang.Object, java.lang.Object)'> (0x000000008aca39d0) thrown at [./src/hotspot/share/interpreter/linkResolver.cpp, line 773]
Event: 83.662 Thread 0x000002494dd61000 Exception <a 'java/lang/NoSuchMethodError'{0x000000008accea38}: 'java.lang.Object java.lang.invoke.DirectMethodHandle$Holder.invokeStatic(java.lang.Object, java.lang.Object, java.lang.Object, java.lang.Object, java.lang.Object, java.lang.Object, java.lang.Object, java.lang.Object, int)'> (0x000000008accea38) thrown at [./src/hotspot/share/interpreter/linkResolver.cpp, line 773]
Event: 83.664 Thread 0x000002494dd61000 Exception <a 'java/lang/NoSuchMethodError'{0x000000008ace9cd8}: 'java.lang.Object java.lang.invoke.DirectMethodHandle$Holder.invokeStatic(java.lang.Object, java.lang.Object, java.lang.Object, java.lang.Object, java.lang.Object, java.lang.Object, java.lang.Object, java.lang.Object, int, int)'> (0x000000008ace9cd8) thrown at [./src/hotspot/share/interpreter/linkResolver.cpp, line 773]
Event: 83.665 Thread 0x000002494dd61000 Exception <a 'java/lang/NoSuchMethodError'{0x000000008ab06230}: 'java.lang.Object java.lang.invoke.DirectMethodHandle$Holder.invokeStatic(java.lang.Object, java.lang.Object, java.lang.Object, java.lang.Object, java.lang.Object, java.lang.Object, java.lang.Object, java.lang.Object, int, int, java.lang.Object)'> (0x000000008ab06230) thrown at [./src/hotspot/share/interpreter/linkResolver.cpp, line 773]
Event: 83.667 Thread 0x000002494dd61000 Exception <a 'java/lang/NoSuchMethodError'{0x000000008ab237a8}: 'java.lang.Object java.lang.invoke.DirectMethodHandle$Holder.invokeStatic(java.lang.Object, java.lang.Object, java.lang.Object, java.lang.Object, java.lang.Object, java.lang.Object, java.lang.Object, java.lang.Object, int, int, java.lang.Object, java.lang.Object)'> (0x000000008ab237a8) thrown at [./src/hotspot/share/interpreter/linkResolver.cpp, line 773]
Event: 83.693 Thread 0x000002494dd61000 Exception <a 'java/lang/NoSuchMethodError'{0x000000008ab56410}: <clinit>> (0x000000008ab56410) thrown at [./src/hotspot/share/prims/jni.cpp, line 1362]
Event: 83.697 Thread 0x000002494dd61000 Exception <a 'java/lang/NoSuchMethodError'{0x000000008ab8f6d8}: <clinit>> (0x000000008ab8f6d8) thrown at [./src/hotspot/share/prims/jni.cpp, line 1362]
Event: 83.731 Thread 0x0000024954df6800 Exception <a 'java/lang/InterruptedException'{0x000000008aa00000}> (0x000000008aa00000) thrown at [./src/hotspot/share/runtime/objectMonitor.cpp, line 1635]
Event: 83.735 Thread 0x0000024954df6800 Exception <a 'java/lang/NoSuchMethodError'{0x000000008aa082a8}: 'java.lang.Object java.lang.invoke.DirectMethodHandle$Holder.invokeStatic(java.lang.Object, java.lang.Object, int, java.lang.Object, long)'> (0x000000008aa082a8) thrown at [./src/hotspot/share/interpreter/linkResolver.cpp, line 773]
Event: 83.809 Thread 0x000002494dd61000 Exception <a 'java/lang/NoSuchMethodError'{0x000000008abccaf8}: <clinit>> (0x000000008abccaf8) thrown at [./src/hotspot/share/prims/jni.cpp, line 1362]
Event: 83.811 Thread 0x000002494dd61000 Exception <a 'java/lang/NoSuchMethodError'{0x000000008abdeb80}: <clinit>> (0x000000008abdeb80) thrown at [./src/hotspot/share/prims/jni.cpp, line 1362]
Event: 83.815 Thread 0x000002494dd61000 Exception <a 'java/lang/NoSuchMethodError'{0x000000008abf0950}: <clinit>> (0x000000008abf0950) thrown at [./src/hotspot/share/prims/jni.cpp, line 1362]
Event: 83.829 Thread 0x000002494dd61000 Exception <a 'java/lang/NoSuchMethodError'{0x000000008aa24f40}: <clinit>> (0x000000008aa24f40) thrown at [./src/hotspot/share/prims/jni.cpp, line 1362]

Events (20 events):
Event: 83.842 loading class org/jetbrains/kotlin/cli/common/messages/MessageCollector$DefaultImpls
Event: 83.842 loading class org/jetbrains/kotlin/cli/common/messages/MessageCollector$DefaultImpls done
Event: 83.843 loading class org/jetbrains/kotlin/cli/common/messages/GradleStyleMessageRenderer$WhenMappings
Event: 83.843 loading class org/jetbrains/kotlin/cli/common/messages/GradleStyleMessageRenderer$WhenMappings done
Event: 83.844 loading class org/jetbrains/kotlin/gradle/logging/GradlePrintingMessageCollector$WhenMappings
Event: 83.844 loading class org/jetbrains/kotlin/gradle/logging/GradlePrintingMessageCollector$WhenMappings done
Event: 83.844 loading class org/jetbrains/kotlin/cli/common/messages/MessageCollector$Companion
Event: 83.844 loading class org/jetbrains/kotlin/cli/common/messages/MessageCollector$Companion done
Event: 83.845 loading class org/jetbrains/kotlin/cli/common/messages/MessageCollector$Companion$NONE$1
Event: 83.845 loading class org/jetbrains/kotlin/cli/common/messages/MessageCollector$Companion$NONE$1 done
Event: 83.845 loading class org/jetbrains/kotlin/gradle/logging/GradleBufferingMessageCollector
Event: 83.845 loading class org/jetbrains/kotlin/gradle/logging/GradleBufferingMessageCollector done
Event: 83.878 loading class org/jetbrains/kotlin/daemon/common/CompilationResultCategory
Event: 83.878 loading class org/jetbrains/kotlin/daemon/common/CompilationResultCategory done
Event: 83.879 loading class org/jetbrains/kotlin/compilerRunner/GradleKotlinCompilerWork$WhenMappings
Event: 83.879 loading class org/jetbrains/kotlin/compilerRunner/GradleKotlinCompilerWork$WhenMappings done
Event: 83.879 loading class org/jetbrains/kotlin/daemon/common/ReportCategory
Event: 83.879 loading class org/jetbrains/kotlin/daemon/common/ReportCategory done
Event: 83.906 loading class org/jetbrains/kotlin/daemon/common/ReportCategory$Companion
Event: 83.906 loading class org/jetbrains/kotlin/daemon/common/ReportCategory$Companion done


Dynamic libraries:
0x00007ff666870000 - 0x00007ff66687a000 	C:\Program Files\Android\Android Studio\jre\bin\java.exe
0x00007ffdc3b10000 - 0x00007ffdc3d05000 	C:\WINDOWS\SYSTEM32\ntdll.dll
0x00007ffdc1ea0000 - 0x00007ffdc1f5e000 	C:\WINDOWS\System32\KERNEL32.DLL
0x00007ffdc18a0000 - 0x00007ffdc1b68000 	C:\WINDOWS\System32\KERNELBASE.dll
0x00007ffdbeb60000 - 0x00007ffdbebf0000 	C:\WINDOWS\SYSTEM32\apphelp.dll
0x00007ffdc13c0000 - 0x00007ffdc14c0000 	C:\WINDOWS\System32\ucrtbase.dll
0x00007ffdbbe00000 - 0x00007ffdbbe17000 	C:\Program Files\Android\Android Studio\jre\bin\VCRUNTIME140.dll
0x00007ffdbb580000 - 0x00007ffdbb599000 	C:\Program Files\Android\Android Studio\jre\bin\jli.dll
0x00007ffdc3290000 - 0x00007ffdc3430000 	C:\WINDOWS\System32\USER32.dll
0x00007ffdc1230000 - 0x00007ffdc1252000 	C:\WINDOWS\System32\win32u.dll
0x00007ffdb2db0000 - 0x00007ffdb304a000 	C:\WINDOWS\WinSxS\amd64_microsoft.windows.common-controls_6595b64144ccf1df_6.0.19041.1110_none_60b5254171f9507e\COMCTL32.dll
0x00007ffdc1c00000 - 0x00007ffdc1c2b000 	C:\WINDOWS\System32\GDI32.dll
0x00007ffdc3430000 - 0x00007ffdc34ce000 	C:\WINDOWS\System32\msvcrt.dll
0x00007ffdc14c0000 - 0x00007ffdc15cb000 	C:\WINDOWS\System32\gdi32full.dll
0x00007ffdc16b0000 - 0x00007ffdc174d000 	C:\WINDOWS\System32\msvcp_win.dll
0x00007ffdc2890000 - 0x00007ffdc28c0000 	C:\WINDOWS\System32\IMM32.DLL
0x00007ffda3f00000 - 0x00007ffda3f9d000 	C:\Program Files\Android\Android Studio\jre\bin\msvcp140.dll
0x00007ffd7c650000 - 0x00007ffd7d125000 	C:\Program Files\Android\Android Studio\jre\bin\server\jvm.dll
0x00007ffdc3940000 - 0x00007ffdc39ee000 	C:\WINDOWS\System32\ADVAPI32.dll
0x00007ffdc3190000 - 0x00007ffdc322c000 	C:\WINDOWS\System32\sechost.dll
0x00007ffdc1c30000 - 0x00007ffdc1d55000 	C:\WINDOWS\System32\RPCRT4.dll
0x00007ffdc39f0000 - 0x00007ffdc39f8000 	C:\WINDOWS\System32\PSAPI.DLL
0x00007ffdb9220000 - 0x00007ffdb9247000 	C:\WINDOWS\SYSTEM32\WINMM.dll
0x00007ffdbca70000 - 0x00007ffdbca79000 	C:\WINDOWS\SYSTEM32\WSOCK32.dll
0x00007ffdb89e0000 - 0x00007ffdb89ea000 	C:\WINDOWS\SYSTEM32\VERSION.dll
0x00007ffdc3a60000 - 0x00007ffdc3acb000 	C:\WINDOWS\System32\WS2_32.dll
0x00007ffdbf140000 - 0x00007ffdbf152000 	C:\WINDOWS\SYSTEM32\kernel.appcore.dll
0x00007ffdbbde0000 - 0x00007ffdbbdf1000 	C:\Program Files\Android\Android Studio\jre\bin\verify.dll
0x00007ffda2680000 - 0x00007ffda2864000 	C:\WINDOWS\SYSTEM32\DBGHELP.DLL
0x00007ffda2650000 - 0x00007ffda267c000 	C:\WINDOWS\SYSTEM32\dbgcore.DLL
0x00007ffdc17c0000 - 0x00007ffdc1842000 	C:\WINDOWS\System32\bcryptPrimitives.dll
0x00007ffdb6830000 - 0x00007ffdb6859000 	C:\Program Files\Android\Android Studio\jre\bin\java.dll
0x00007ffdbcf10000 - 0x00007ffdbcf1b000 	C:\Program Files\Android\Android Studio\jre\bin\jimage.dll
0x00007ffdb62f0000 - 0x00007ffdb6308000 	C:\Program Files\Android\Android Studio\jre\bin\zip.dll
0x00007ffdc2010000 - 0x00007ffdc2754000 	C:\WINDOWS\System32\SHELL32.dll
0x00007ffdbf340000 - 0x00007ffdbfad4000 	C:\WINDOWS\SYSTEM32\windows.storage.dll
0x00007ffdc2e10000 - 0x00007ffdc3164000 	C:\WINDOWS\System32\combase.dll
0x00007ffdc0bc0000 - 0x00007ffdc0bec000 	C:\WINDOWS\SYSTEM32\Wldp.dll
0x00007ffdc1f60000 - 0x00007ffdc200d000 	C:\WINDOWS\System32\SHCORE.dll
0x00007ffdc2da0000 - 0x00007ffdc2df5000 	C:\WINDOWS\System32\shlwapi.dll
0x00007ffdc1170000 - 0x00007ffdc118f000 	C:\WINDOWS\SYSTEM32\profapi.dll
0x00007ffdaf9e0000 - 0x00007ffdaf9fa000 	C:\Program Files\Android\Android Studio\jre\bin\net.dll
0x00007ffdb1640000 - 0x00007ffdb1749000 	C:\WINDOWS\SYSTEM32\WINHTTP.dll
0x00007ffdc0920000 - 0x00007ffdc098a000 	C:\WINDOWS\system32\mswsock.dll
0x00007ffdaee80000 - 0x00007ffdaee94000 	C:\Program Files\Android\Android Studio\jre\bin\nio.dll
0x00007ffdbce20000 - 0x00007ffdbce47000 	C:\Users\Admin\.gradle\native\e1d6ef7f7dcc3fd88c89a11ec53ec762bb8ba0a96d01ffa2cd45eb1d1d8dd5c5\windows-amd64\native-platform.dll
0x00007ffd90450000 - 0x00007ffd90594000 	C:\Users\Admin\.gradle\native\5664cfc778a61ccfe75a443a1ab52a65af34e5dc3c78e0209fed803814484fcb\windows-amd64\native-platform-file-events.dll
0x00007ffdba2a0000 - 0x00007ffdba2aa000 	C:\Program Files\Android\Android Studio\jre\bin\management.dll
0x00007ffdb9840000 - 0x00007ffdb984d000 	C:\Program Files\Android\Android Studio\jre\bin\management_ext.dll
0x00007ffdc0b20000 - 0x00007ffdc0b38000 	C:\WINDOWS\SYSTEM32\CRYPTSP.dll
0x00007ffdc02a0000 - 0x00007ffdc02d4000 	C:\WINDOWS\system32\rsaenh.dll
0x00007ffdc1680000 - 0x00007ffdc16a7000 	C:\WINDOWS\System32\bcrypt.dll
0x00007ffdc1130000 - 0x00007ffdc115e000 	C:\WINDOWS\SYSTEM32\USERENV.dll
0x00007ffdc0b10000 - 0x00007ffdc0b1c000 	C:\WINDOWS\SYSTEM32\CRYPTBASE.dll
0x00007ffdc0610000 - 0x00007ffdc064b000 	C:\WINDOWS\SYSTEM32\IPHLPAPI.DLL
0x00007ffdc1e30000 - 0x00007ffdc1e38000 	C:\WINDOWS\System32\NSI.dll
0x00007ffdb9970000 - 0x00007ffdb9987000 	C:\WINDOWS\SYSTEM32\dhcpcsvc6.DLL
0x00007ffdba120000 - 0x00007ffdba13d000 	C:\WINDOWS\SYSTEM32\dhcpcsvc.DLL
0x00007ffdc0650000 - 0x00007ffdc071a000 	C:\WINDOWS\SYSTEM32\DNSAPI.dll
0x00007ffdb68f0000 - 0x00007ffdb690e000 	C:\Users\Admin\AppData\Local\Temp\native-platform3429095586913710098dir\native-platform.dll
0x00007ffdbe980000 - 0x00007ffdbe988000 	C:\Program Files\Android\Android Studio\jre\bin\rmi.dll

dbghelp: loaded successfully - version: 4.0.5 - missing functions: none
symbol engine: initialized successfully - sym options: 0x614 - pdb path: .;C:\Program Files\Android\Android Studio\jre\bin;C:\WINDOWS\SYSTEM32;C:\WINDOWS\WinSxS\amd64_microsoft.windows.common-controls_6595b64144ccf1df_6.0.19041.1110_none_60b5254171f9507e;C:\Program Files\Android\Android Studio\jre\bin\server;C:\Users\Admin\.gradle\native\e1d6ef7f7dcc3fd88c89a11ec53ec762bb8ba0a96d01ffa2cd45eb1d1d8dd5c5\windows-amd64;C:\Users\Admin\.gradle\native\5664cfc778a61ccfe75a443a1ab52a65af34e5dc3c78e0209fed803814484fcb\windows-amd64;C:\Users\Admin\AppData\Local\Temp\native-platform3429095586913710098dir

VM Arguments:
jvm_args: --add-opens=java.base/java.util=ALL-UNNAMED --add-opens=java.base/java.lang=ALL-UNNAMED --add-opens=java.base/java.lang.invoke=ALL-UNNAMED --add-opens=java.base/java.util=ALL-UNNAMED --add-opens=java.prefs/java.util.prefs=ALL-UNNAMED --add-opens=java.prefs/java.util.prefs=ALL-UNNAMED --add-opens=java.base/java.nio.charset=ALL-UNNAMED --add-opens=java.base/java.net=ALL-UNNAMED --add-opens=java.base/java.util.concurrent.atomic=ALL-UNNAMED -Xmx2048m -Dfile.encoding=UTF-8 -Duser.country=TW -Duser.language=zh -Duser.variant 
java_command: org.gradle.launcher.daemon.bootstrap.GradleDaemon 7.2
java_class_path (initial): C:\Users\Admin\.gradle\wrapper\dists\gradle-7.2-bin\2dnblmf4td7x66yl1d74lt32g\gradle-7.2\lib\gradle-launcher-7.2.jar
Launcher Type: SUN_STANDARD

[Global flags]
     intx CICompilerCount                          = 3                                         {product} {ergonomic}
     uint ConcGCThreads                            = 1                                         {product} {ergonomic}
     uint G1ConcRefinementThreads                  = 4                                         {product} {ergonomic}
   size_t G1HeapRegionSize                         = 1048576                                   {product} {ergonomic}
    uintx GCDrainStackTargetSize                   = 64                                        {product} {ergonomic}
   size_t InitialHeapSize                          = 134217728                                 {product} {ergonomic}
   size_t MarkStackSize                            = 4194304                                   {product} {ergonomic}
   size_t MaxHeapSize                              = 2147483648                                {product} {command line}
   size_t MaxNewSize                               = 1287651328                                {product} {ergonomic}
   size_t MinHeapDeltaBytes                        = 1048576                                   {product} {ergonomic}
    uintx NonNMethodCodeHeapSize                   = 5830732                                {pd product} {ergonomic}
    uintx NonProfiledCodeHeapSize                  = 122913754                              {pd product} {ergonomic}
    uintx ProfiledCodeHeapSize                     = 122913754                              {pd product} {ergonomic}
    uintx ReservedCodeCacheSize                    = 251658240                              {pd product} {ergonomic}
     bool SegmentedCodeCache                       = true                                      {product} {ergonomic}
     bool UseCompressedClassPointers               = true                                 {lp64_product} {ergonomic}
     bool UseCompressedOops                        = true                                 {lp64_product} {ergonomic}
     bool UseG1GC                                  = true                                      {product} {ergonomic}
     bool UseLargePagesIndividualAllocation        = false                                  {pd product} {ergonomic}

Logging:
Log output configuration:
 #0: stdout all=warning uptime,level,tags
 #1: stderr all=off uptime,level,tags

Environment Variables:
CLASSPATH=D:\web\EGroup\java;D:\java;
PATH=C:\Program Files (x86)\Common Files\Oracle\Java\javapath;C:\Program Files\Common Files\Oracle\Java\javapath;C:\ProgramData\Oracle\Java\javapath;C:\Program Files (x86)\NVIDIA Corporation\PhysX\Common;C:\Program Files (x86)\Intel\iCLS Client\;C:\Program Files\Intel\iCLS Client\;C:\WINDOWS\system32;C:\WINDOWS;C:\WINDOWS\System32\Wbem;C:\WINDOWS\System32\WindowsPowerShell\v1.0\;C:\Program Files\Intel\Intel(R) Management Engine Components\DAL;C:\Program Files (x86)\Intel\Intel(R) Management Engine Components\DAL;C:\Program Files\Intel\Intel(R) Management Engine Components\IPT;C:\Program Files (x86)\Intel\Intel(R) Management Engine Components\IPT;C:\Program Files (x86)\Skype\Phone\;C:\Users\Admin\AppData\Local\Programs\Python\Python36-32;C:\Program Files\Intel\WiFi\bin\;C:\Program Files\Common Files\Intel\WirelessCommon\;C:\Program Files\Java\jdk1.8.0_91\bin;C:\Program Files\ikvm-7.2.4630.5\bin;C:\WINDOWS\System32\OpenSSH\;C:\Program Files\Git\cmd;C:\Users\Admin\AppData\Local\Microsoft\WindowsApps;C:\Program Files\flutter\bin;C:\Users\Admin\AppData\Local\Android\sdk;C:\Users\Admin\AppData\Local\Android\sdk\platform-tools
USERNAME=Admin
OS=Windows_NT
PROCESSOR_IDENTIFIER=Intel64 Family 6 Model 60 Stepping 3, GenuineIntel



---------------  S Y S T E M  ---------------

OS: Windows 10 , 64 bit Build 19041 (10.0.19041.1566)
OS uptime: 2 days 21:00 hours

CPU:total 4 (initial active 4) (2 cores per cpu, 2 threads per core) family 6 model 60 stepping 3 microcode 0x27, cmov, cx8, fxsr, mmx, sse, sse2, sse3, ssse3, sse4.1, sse4.2, popcnt, avx, avx2, aes, clmul, erms, lzcnt, ht, tsc, tscinvbit, bmi1, bmi2, fma

Memory: 4k page, system-wide physical 8081M (228M free)
TotalPageFile size 8081M (AvailPageFile size 69M)
current process WorkingSet (physical memory assigned to process): 407M, peak: 484M
current process commit charge ("private bytes"): 493M, peak: 518M

vm_info: OpenJDK 64-Bit Server VM (11.0.11+9-b60-7590822) for windows-amd64 JRE (11.0.11+9-b60-7590822), built on Jul 29 2021 21:43:44 by "builder" with MS VC++ 14.0 (VS2015)

END.
